#
# There is insufficient memory for the Java Runtime Environment to continue.
# Native memory allocation (malloc) failed to allocate 1892016 bytes for Chunk::new
# Possible reasons:
#   The system is out of physical RAM or swap space
#   The process is running with CompressedOops enabled, and the Java Heap may be blocking the growth of the native heap
# Possible solutions:
#   Reduce memory load on the system
#   Increase physical memory or swap space
#   Check if swap backing store is full
#   Decrease Java heap size (-Xmx/-Xms)
#   Decrease number of Java threads
#   Decrease Java thread stack sizes (-Xss)
#   Set larger code cache with -XX:ReservedCodeCacheSize=
#   JVM is running with Unscaled Compressed Oops mode in which the Java heap is
#     placed in the first 4GB address space. The Java Heap base address is the
#     maximum limit for the native heap growth. Please use -XX:HeapBaseMinAddress
#     to set the Java Heap base and to place the Java Heap above 4GB virtual address.
# This output file may be truncated or incomplete.
#
#  Out of Memory Error (./src/hotspot/share/memory/arena.cpp:197), pid=10172, tid=3336
#
# JRE version: OpenJDK Runtime Environment (11.0.13) (build 11.0.13+0-b1751.21-8125866)
# Java VM: OpenJDK 64-Bit Server VM (11.0.13+0-b1751.21-8125866, mixed mode, tiered, compressed oops, g1 gc, windows-amd64)
# No core dump will be written. Minidumps are not enabled by default on client versions of Windows
#

---------------  S U M M A R Y ------------

Command Line: --add-opens=java.base/java.util=ALL-UNNAMED --add-opens=java.base/java.lang=ALL-UNNAMED --add-opens=java.base/java.lang.invoke=ALL-UNNAMED --add-opens=java.base/java.util=ALL-UNNAMED --add-opens=java.prefs/java.util.prefs=ALL-UNNAMED --add-opens=java.prefs/java.util.prefs=ALL-UNNAMED --add-opens=java.base/java.nio.charset=ALL-UNNAMED --add-opens=java.base/java.net=ALL-UNNAMED --add-opens=java.base/java.util.concurrent.atomic=ALL-UNNAMED -Xmx2048m -Dfile.encoding=UTF-8 -Duser.country=VN -Duser.language=vi -Duser.variant org.gradle.launcher.daemon.bootstrap.GradleDaemon 7.4

Host: Intel(R) Core(TM) i3-8145U CPU @ 2.10GHz, 4 cores, 7G,  Windows 11 , 64 bit Build 22621 (10.0.22621.1105)
Time: Thu Mar  2 10:00:49 2023 SE Asia Standard Time elapsed time: 172.994779 seconds (0d 0h 2m 52s)

---------------  T H R E A D  ---------------

Current thread (0x000002b54e9f5000):  JavaThread "C2 CompilerThread0" daemon [_thread_in_native, id=3336, stack(0x000000c3cdb00000,0x000000c3cdc00000)]


Current CompileTask:
C2: 172995 8783       4       org.objectweb.asm.Frame::execute (2318 bytes)

Stack: [0x000000c3cdb00000,0x000000c3cdc00000]
Native frames: (J=compiled Java code, j=interpreted, Vv=VM code, C=native code)
V  [jvm.dll+0x6100fa]
V  [jvm.dll+0x747090]
V  [jvm.dll+0x7486ad]
V  [jvm.dll+0x748d83]
V  [jvm.dll+0x24ab48]
V  [jvm.dll+0xc04dc]
V  [jvm.dll+0xc0a0c]
V  [jvm.dll+0x35eb5b]
V  [jvm.dll+0x32b833]
V  [jvm.dll+0x32ad2a]
V  [jvm.dll+0x2032b2]
V  [jvm.dll+0x202437]
V  [jvm.dll+0x188e01]
V  [jvm.dll+0x21106b]
V  [jvm.dll+0x20f8c1]
V  [jvm.dll+0x70de0f]
V  [jvm.dll+0x706a75]
V  [jvm.dll+0x60ed66]
C  [ucrtbase.dll+0x29363]
C  [KERNEL32.DLL+0x126bd]
C  [ntdll.dll+0x5dfb8]


---------------  P R O C E S S  ---------------

Threads class SMR info:
_java_thread_list=0x000002b553cddd80, length=80, elements={
0x000002b534dc9800, 0x000002b54e9cc800, 0x000002b54e9ce800, 0x000002b54e9ec000,
0x000002b54e9ed000, 0x000002b54e9f1800, 0x000002b54e9f5000, 0x000002b54e9fa000,
0x000002b54ea05000, 0x000002b54f492000, 0x000002b550c93800, 0x000002b5505d3000,
0x000002b550311800, 0x000002b550d58800, 0x000002b55041d800, 0x000002b5504b7000,
0x000002b55169b000, 0x000002b54f4af800, 0x000002b54ffd3000, 0x000002b54ff82800,
0x000002b54ff7e800, 0x000002b54ff7f000, 0x000002b54ff81800, 0x000002b54ff7d800,
0x000002b54ff81000, 0x000002b54ff80000, 0x000002b54ff7d000, 0x000002b54ff83800,
0x000002b550166800, 0x000002b550165800, 0x000002b550167000, 0x000002b550164800,
0x000002b550168000, 0x000002b550169000, 0x000002b55016d000, 0x000002b55016b000,
0x000002b55016d800, 0x000002b55016e800, 0x000002b55016a800, 0x000002b55016f800,
0x000002b550169800, 0x000002b550173800, 0x000002b550170000, 0x000002b550171000,
0x000002b550172800, 0x000002b550171800, 0x000002b55146d800, 0x000002b551472800,
0x000002b551470800, 0x000002b55146e000, 0x000002b551471800, 0x000002b551474000,
0x000002b551473000, 0x000002b551475000, 0x000002b55146f000, 0x000002b551475800,
0x000002b551470000, 0x000002b551477000, 0x000002b551476800, 0x000002b55147b800,
0x000002b55147a800, 0x000002b55147c000, 0x000002b551478000, 0x000002b551479000,
0x000002b551479800, 0x000002b553eaf800, 0x000002b553eb1000, 0x000002b553eae800,
0x000002b553eae000, 0x000002b553eb0800, 0x000002b553eab800, 0x000002b553eac000,
0x000002b553eb2000, 0x000002b553eb2800, 0x000002b553ead000, 0x000002b553eb4800,
0x000002b553eb9000, 0x000002b553eb3800, 0x000002b553eb8800, 0x000002b553eb6000
}

Java Threads: ( => current thread )
  0x000002b534dc9800 JavaThread "main" [_thread_blocked, id=12260, stack(0x000000c3ccf00000,0x000000c3cd000000)]
  0x000002b54e9cc800 JavaThread "Reference Handler" daemon [_thread_blocked, id=13716, stack(0x000000c3cd600000,0x000000c3cd700000)]
  0x000002b54e9ce800 JavaThread "Finalizer" daemon [_thread_blocked, id=1804, stack(0x000000c3cd700000,0x000000c3cd800000)]
  0x000002b54e9ec000 JavaThread "Signal Dispatcher" daemon [_thread_blocked, id=5476, stack(0x000000c3cd800000,0x000000c3cd900000)]
  0x000002b54e9ed000 JavaThread "Attach Listener" daemon [_thread_blocked, id=19072, stack(0x000000c3cd900000,0x000000c3cda00000)]
  0x000002b54e9f1800 JavaThread "Service Thread" daemon [_thread_blocked, id=1312, stack(0x000000c3cda00000,0x000000c3cdb00000)]
=>0x000002b54e9f5000 JavaThread "C2 CompilerThread0" daemon [_thread_in_native, id=3336, stack(0x000000c3cdb00000,0x000000c3cdc00000)]
  0x000002b54e9fa000 JavaThread "C1 CompilerThread0" daemon [_thread_blocked, id=19684, stack(0x000000c3cdc00000,0x000000c3cdd00000)]
  0x000002b54ea05000 JavaThread "Sweeper thread" daemon [_thread_blocked, id=23156, stack(0x000000c3cdd00000,0x000000c3cde00000)]
  0x000002b54f492000 JavaThread "Common-Cleaner" daemon [_thread_blocked, id=14880, stack(0x000000c3cde00000,0x000000c3cdf00000)]
  0x000002b550c93800 JavaThread "Daemon health stats" [_thread_blocked, id=11248, stack(0x000000c3ccc00000,0x000000c3ccd00000)]
  0x000002b5505d3000 JavaThread "Incoming local TCP Connector on port 22551" [_thread_in_native, id=13396, stack(0x000000c3ce200000,0x000000c3ce300000)]
  0x000002b550311800 JavaThread "Daemon periodic checks" [_thread_blocked, id=20148, stack(0x000000c3ce300000,0x000000c3ce400000)]
  0x000002b550d58800 JavaThread "Daemon" [_thread_blocked, id=22536, stack(0x000000c3ce400000,0x000000c3ce500000)]
  0x000002b55041d800 JavaThread "Handler for socket connection from /127.0.0.1:22551 to /127.0.0.1:22552" [_thread_in_native, id=16416, stack(0x000000c3ce500000,0x000000c3ce600000)]
  0x000002b5504b7000 JavaThread "Cancel handler" [_thread_blocked, id=23388, stack(0x000000c3ce600000,0x000000c3ce700000)]
  0x000002b55169b000 JavaThread "Daemon worker" [_thread_in_vm, id=5916, stack(0x000000c3ce700000,0x000000c3ce800000)]
  0x000002b54f4af800 JavaThread "Asynchronous log dispatcher for DefaultDaemonConnection: socket connection from /127.0.0.1:22551 to /127.0.0.1:22552" [_thread_blocked, id=11996, stack(0x000000c3ce800000,0x000000c3ce900000)]
  0x000002b54ffd3000 JavaThread "Daemon client event forwarder" [_thread_blocked, id=13256, stack(0x000000c3cea00000,0x000000c3ceb00000)]
  0x000002b54ff82800 JavaThread "Cache worker for journal cache (C:\Users\nguye\.gradle\caches\journal-1)" [_thread_blocked, id=276, stack(0x000000c3cec00000,0x000000c3ced00000)]
  0x000002b54ff7e800 JavaThread "File lock request listener" [_thread_in_native, id=23356, stack(0x000000c3ced00000,0x000000c3cee00000)]
  0x000002b54ff7f000 JavaThread "Cache worker for file hash cache (C:\Users\nguye\.gradle\caches\7.4\fileHashes)" [_thread_blocked, id=20388, stack(0x000000c3cee00000,0x000000c3cef00000)]
  0x000002b54ff81800 JavaThread "File watcher server" daemon [_thread_in_native, id=20608, stack(0x000000c3cf100000,0x000000c3cf200000)]
  0x000002b54ff7d800 JavaThread "File watcher consumer" daemon [_thread_blocked, id=18828, stack(0x000000c3cf200000,0x000000c3cf300000)]
  0x000002b54ff81000 JavaThread "jar transforms" [_thread_blocked, id=3224, stack(0x000000c3cf300000,0x000000c3cf400000)]
  0x000002b54ff80000 JavaThread "jar transforms Thread 2" [_thread_blocked, id=9576, stack(0x000000c3cf400000,0x000000c3cf500000)]
  0x000002b54ff7d000 JavaThread "jar transforms Thread 3" [_thread_blocked, id=21680, stack(0x000000c3cf500000,0x000000c3cf600000)]
  0x000002b54ff83800 JavaThread "jar transforms Thread 4" [_thread_blocked, id=22592, stack(0x000000c3cf600000,0x000000c3cf700000)]
  0x000002b550166800 JavaThread "Cache worker for checksums cache (D:\Seminar\My Travel\.gradle\7.4\checksums)" [_thread_blocked, id=23520, stack(0x000000c3cf700000,0x000000c3cf800000)]
  0x000002b550165800 JavaThread "Cache worker for cache directory md-rule (C:\Users\nguye\.gradle\caches\7.4\md-rule)" [_thread_blocked, id=6964, stack(0x000000c3cf800000,0x000000c3cf900000)]
  0x000002b550167000 JavaThread "Cache worker for file hash cache (D:\Seminar\My Travel\.gradle\7.4\fileHashes)" [_thread_blocked, id=20540, stack(0x000000c3ccd00000,0x000000c3cce00000)]
  0x000002b550164800 JavaThread "Cache worker for cache directory md-supplier (C:\Users\nguye\.gradle\caches\7.4\md-supplier)" [_thread_blocked, id=23208, stack(0x000000c3cce00000,0x000000c3ccf00000)]
  0x000002b550168000 JavaThread "Cache worker for execution history cache (C:\Users\nguye\.gradle\caches\7.4\executionHistory)" [_thread_blocked, id=7880, stack(0x000000c3cf900000,0x000000c3cfa00000)]
  0x000002b550169000 JavaThread "Cache worker for file content cache (C:\Users\nguye\.gradle\caches\7.4\fileContent)" [_thread_blocked, id=14900, stack(0x000000c3cfb00000,0x000000c3cfc00000)]
  0x000002b55016d000 JavaThread "Cache worker for dependencies-accessors (D:\Seminar\My Travel\.gradle\7.4\dependencies-accessors)" [_thread_blocked, id=22032, stack(0x000000c3cfc00000,0x000000c3cfd00000)]
  0x000002b55016b000 JavaThread "Cache worker for Build Output Cleanup Cache (D:\Seminar\My Travel\.gradle\buildOutputCleanup)" [_thread_blocked, id=16724, stack(0x000000c3cfa00000,0x000000c3cfb00000)]
  0x000002b55016d800 JavaThread "Unconstrained build operations" [_thread_blocked, id=10740, stack(0x000000c3cfd00000,0x000000c3cfe00000)]
  0x000002b55016e800 JavaThread "Unconstrained build operations Thread 2" [_thread_blocked, id=16816, stack(0x000000c3cfe00000,0x000000c3cff00000)]
  0x000002b55016a800 JavaThread "Unconstrained build operations Thread 3" [_thread_blocked, id=22884, stack(0x000000c3cff00000,0x000000c3d0000000)]
  0x000002b55016f800 JavaThread "Unconstrained build operations Thread 4" [_thread_blocked, id=19824, stack(0x000000c3d0000000,0x000000c3d0100000)]
  0x000002b550169800 JavaThread "Unconstrained build operations Thread 5" [_thread_blocked, id=21672, stack(0x000000c3d0100000,0x000000c3d0200000)]
  0x000002b550173800 JavaThread "Unconstrained build operations Thread 6" [_thread_blocked, id=23228, stack(0x000000c3d0200000,0x000000c3d0300000)]
  0x000002b550170000 JavaThread "Unconstrained build operations Thread 7" [_thread_blocked, id=12000, stack(0x000000c3d0300000,0x000000c3d0400000)]
  0x000002b550171000 JavaThread "Unconstrained build operations Thread 8" [_thread_blocked, id=9944, stack(0x000000c3d0400000,0x000000c3d0500000)]
  0x000002b550172800 JavaThread "Unconstrained build operations Thread 9" [_thread_blocked, id=15052, stack(0x000000c3d0500000,0x000000c3d0600000)]
  0x000002b550171800 JavaThread "Unconstrained build operations Thread 10" [_thread_blocked, id=17100, stack(0x000000c3d0600000,0x000000c3d0700000)]
  0x000002b55146d800 JavaThread "Unconstrained build operations Thread 11" [_thread_blocked, id=21180, stack(0x000000c3d0700000,0x000000c3d0800000)]
  0x000002b551472800 JavaThread "Unconstrained build operations Thread 12" [_thread_blocked, id=8696, stack(0x000000c3d0800000,0x000000c3d0900000)]
  0x000002b551470800 JavaThread "Unconstrained build operations Thread 13" [_thread_blocked, id=21584, stack(0x000000c3d0900000,0x000000c3d0a00000)]
  0x000002b55146e000 JavaThread "Unconstrained build operations Thread 14" [_thread_blocked, id=7064, stack(0x000000c3d0a00000,0x000000c3d0b00000)]
  0x000002b551471800 JavaThread "Unconstrained build operations Thread 15" [_thread_blocked, id=23268, stack(0x000000c3d0b00000,0x000000c3d0c00000)]
  0x000002b551474000 JavaThread "Unconstrained build operations Thread 16" [_thread_blocked, id=11472, stack(0x000000c3d0c00000,0x000000c3d0d00000)]
  0x000002b551473000 JavaThread "Unconstrained build operations Thread 17" [_thread_blocked, id=22540, stack(0x000000c3d0d00000,0x000000c3d0e00000)]
  0x000002b551475000 JavaThread "Unconstrained build operations Thread 18" [_thread_blocked, id=23032, stack(0x000000c3d0e00000,0x000000c3d0f00000)]
  0x000002b55146f000 JavaThread "Unconstrained build operations Thread 19" [_thread_blocked, id=21288, stack(0x000000c3d0f00000,0x000000c3d1000000)]
  0x000002b551475800 JavaThread "Unconstrained build operations Thread 20" [_thread_blocked, id=5176, stack(0x000000c3d1000000,0x000000c3d1100000)]
  0x000002b551470000 JavaThread "Unconstrained build operations Thread 21" [_thread_blocked, id=20936, stack(0x000000c3d1100000,0x000000c3d1200000)]
  0x000002b551477000 JavaThread "Unconstrained build operations Thread 22" [_thread_blocked, id=19964, stack(0x000000c3d1200000,0x000000c3d1300000)]
  0x000002b551476800 JavaThread "Unconstrained build operations Thread 23" [_thread_blocked, id=9696, stack(0x000000c3d1300000,0x000000c3d1400000)]
  0x000002b55147b800 JavaThread "Unconstrained build operations Thread 24" [_thread_blocked, id=13104, stack(0x000000c3d1400000,0x000000c3d1500000)]
  0x000002b55147a800 JavaThread "Unconstrained build operations Thread 25" [_thread_blocked, id=22412, stack(0x000000c3d1500000,0x000000c3d1600000)]
  0x000002b55147c000 JavaThread "Unconstrained build operations Thread 26" [_thread_blocked, id=23416, stack(0x000000c3d1600000,0x000000c3d1700000)]
  0x000002b551478000 JavaThread "Unconstrained build operations Thread 27" [_thread_blocked, id=6740, stack(0x000000c3d1700000,0x000000c3d1800000)]
  0x000002b551479000 JavaThread "Unconstrained build operations Thread 28" [_thread_blocked, id=22192, stack(0x000000c3d1800000,0x000000c3d1900000)]
  0x000002b551479800 JavaThread "Unconstrained build operations Thread 29" [_thread_blocked, id=16152, stack(0x000000c3d1900000,0x000000c3d1a00000)]
  0x000002b553eaf800 JavaThread "Unconstrained build operations Thread 30" [_thread_blocked, id=21696, stack(0x000000c3d1a00000,0x000000c3d1b00000)]
  0x000002b553eb1000 JavaThread "Unconstrained build operations Thread 31" [_thread_blocked, id=13368, stack(0x000000c3d1b00000,0x000000c3d1c00000)]
  0x000002b553eae800 JavaThread "Unconstrained build operations Thread 32" [_thread_blocked, id=3276, stack(0x000000c3d1c00000,0x000000c3d1d00000)]
  0x000002b553eae000 JavaThread "Unconstrained build operations Thread 33" [_thread_blocked, id=10132, stack(0x000000c3d1d00000,0x000000c3d1e00000)]
  0x000002b553eb0800 JavaThread "Unconstrained build operations Thread 34" [_thread_blocked, id=17228, stack(0x000000c3d1e00000,0x000000c3d1f00000)]
  0x000002b553eab800 JavaThread "Unconstrained build operations Thread 35" [_thread_blocked, id=22140, stack(0x000000c3d1f00000,0x000000c3d2000000)]
  0x000002b553eac000 JavaThread "Unconstrained build operations Thread 36" [_thread_blocked, id=22236, stack(0x000000c3d2000000,0x000000c3d2100000)]
  0x000002b553eb2000 JavaThread "Unconstrained build operations Thread 37" [_thread_blocked, id=5864, stack(0x000000c3d2100000,0x000000c3d2200000)]
  0x000002b553eb2800 JavaThread "Unconstrained build operations Thread 38" [_thread_blocked, id=20016, stack(0x000000c3d2200000,0x000000c3d2300000)]
  0x000002b553ead000 JavaThread "Unconstrained build operations Thread 39" [_thread_blocked, id=4476, stack(0x000000c3d2300000,0x000000c3d2400000)]
  0x000002b553eb4800 JavaThread "Unconstrained build operations Thread 40" [_thread_blocked, id=12604, stack(0x000000c3d2400000,0x000000c3d2500000)]
  0x000002b553eb9000 JavaThread "Memory manager" [_thread_blocked, id=9868, stack(0x000000c3d2600000,0x000000c3d2700000)]
  0x000002b553eb3800 JavaThread "pool-3-thread-1" [_thread_blocked, id=9004, stack(0x000000c3d2500000,0x000000c3d2600000)]
  0x000002b553eb8800 JavaThread "included builds" [_thread_blocked, id=22944, stack(0x000000c3ce900000,0x000000c3cea00000)]
  0x000002b553eb6000 JavaThread "Cache worker for execution history cache (D:\Seminar\My Travel\.gradle\7.4\executionHistory)" [_thread_blocked, id=5456, stack(0x000000c3d2a00000,0x000000c3d2b00000)]

Other Threads:
  0x000002b54e9c8800 VMThread "VM Thread" [stack: 0x000000c3cd500000,0x000000c3cd600000] [id=20980]
  0x000002b54f4cb800 WatcherThread [stack: 0x000000c3cdf00000,0x000000c3ce000000] [id=22972]
  0x000002b534de2000 GCTaskThread "GC Thread#0" [stack: 0x000000c3cd000000,0x000000c3cd100000] [id=23448]
  0x000002b54f570000 GCTaskThread "GC Thread#1" [stack: 0x000000c3ce000000,0x000000c3ce100000] [id=17240]
  0x000002b54f570800 GCTaskThread "GC Thread#2" [stack: 0x000000c3ce100000,0x000000c3ce200000] [id=15644]
  0x000002b54ffd3800 GCTaskThread "GC Thread#3" [stack: 0x000000c3ceb00000,0x000000c3cec00000] [id=23436]
  0x000002b534e14000 ConcurrentGCThread "G1 Main Marker" [stack: 0x000000c3cd100000,0x000000c3cd200000] [id=2908]
  0x000002b534e16000 ConcurrentGCThread "G1 Conc#0" [stack: 0x000000c3cd200000,0x000000c3cd300000] [id=19912]
  0x000002b534e98000 ConcurrentGCThread "G1 Refine#0" [stack: 0x000000c3cd300000,0x000000c3cd400000] [id=16616]
  0x000002b54e821800 ConcurrentGCThread "G1 Young RemSet Sampling" [stack: 0x000000c3cd400000,0x000000c3cd500000] [id=20856]

Threads with active compile tasks:
C2 CompilerThread0 173085 8783       4       org.objectweb.asm.Frame::execute (2318 bytes)

VM state:not at safepoint (normal execution)

VM Mutex/Monitor currently owned by a thread: None

Heap address: 0x0000000080000000, size: 2048 MB, Compressed Oops mode: 32-bit
Narrow klass base: 0x0000000000000000, Narrow klass shift: 3
Compressed class space size: 1073741824 Address: 0x0000000100000000

Heap:
 garbage-first heap   total 187392K, used 153984K [0x0000000080000000, 0x0000000100000000)
  region size 1024K, 12 young (12288K), 3 survivors (3072K)
 Metaspace       used 87704K, capacity 90149K, committed 90492K, reserved 1128448K
  class space    used 11293K, capacity 12118K, committed 12236K, reserved 1048576K
Heap Regions: E=young(eden), S=young(survivor), O=old, HS=humongous(starts), HC=humongous(continues), CS=collection set, F=free, A=archive, TAMS=top-at-mark-start (previous, next)
|   0|0x0000000080000000, 0x0000000080100000, 0x0000000080100000|100%|HS|  |TAMS 0x0000000080100000, 0x0000000080000000| Complete 
|   1|0x0000000080100000, 0x0000000080200000, 0x0000000080200000|100%|HC|  |TAMS 0x0000000080200000, 0x0000000080100000| Complete 
|   2|0x0000000080200000, 0x0000000080300000, 0x0000000080300000|100%|HC|  |TAMS 0x0000000080300000, 0x0000000080200000| Complete 
|   3|0x0000000080300000, 0x0000000080400000, 0x0000000080400000|100%| O|  |TAMS 0x0000000080400000, 0x0000000080300000| Untracked 
|   4|0x0000000080400000, 0x0000000080500000, 0x0000000080500000|100%| O|  |TAMS 0x0000000080500000, 0x0000000080400000| Untracked 
|   5|0x0000000080500000, 0x0000000080600000, 0x0000000080600000|100%| O|  |TAMS 0x0000000080600000, 0x0000000080500000| Untracked 
|   6|0x0000000080600000, 0x0000000080700000, 0x0000000080700000|100%| O|  |TAMS 0x0000000080700000, 0x0000000080600000| Untracked 
|   7|0x0000000080700000, 0x0000000080800000, 0x0000000080800000|100%| O|  |TAMS 0x0000000080800000, 0x0000000080700000| Untracked 
|   8|0x0000000080800000, 0x0000000080900000, 0x0000000080900000|100%| O|  |TAMS 0x0000000080900000, 0x0000000080800000| Untracked 
|   9|0x0000000080900000, 0x0000000080a00000, 0x0000000080a00000|100%| O|  |TAMS 0x0000000080a00000, 0x0000000080900000| Untracked 
|  10|0x0000000080a00000, 0x0000000080b00000, 0x0000000080b00000|100%| O|  |TAMS 0x0000000080b00000, 0x0000000080a00000| Untracked 
|  11|0x0000000080b00000, 0x0000000080c00000, 0x0000000080c00000|100%| O|  |TAMS 0x0000000080c00000, 0x0000000080b00000| Untracked 
|  12|0x0000000080c00000, 0x0000000080d00000, 0x0000000080d00000|100%| O|  |TAMS 0x0000000080d00000, 0x0000000080c00000| Untracked 
|  13|0x0000000080d00000, 0x0000000080e00000, 0x0000000080e00000|100%| O|  |TAMS 0x0000000080e00000, 0x0000000080d00000| Untracked 
|  14|0x0000000080e00000, 0x0000000080f00000, 0x0000000080f00000|100%| O|  |TAMS 0x0000000080f00000, 0x0000000080e00000| Untracked 
|  15|0x0000000080f00000, 0x0000000081000000, 0x0000000081000000|100%| O|  |TAMS 0x0000000081000000, 0x0000000080f00000| Untracked 
|  16|0x0000000081000000, 0x0000000081100000, 0x0000000081100000|100%|HS|  |TAMS 0x0000000081100000, 0x0000000081000000| Complete 
|  17|0x0000000081100000, 0x0000000081200000, 0x0000000081200000|100%|HC|  |TAMS 0x0000000081200000, 0x0000000081100000| Complete 
|  18|0x0000000081200000, 0x0000000081300000, 0x0000000081300000|100%|HS|  |TAMS 0x0000000081300000, 0x0000000081200000| Complete 
|  19|0x0000000081300000, 0x0000000081400000, 0x0000000081400000|100%|HC|  |TAMS 0x0000000081400000, 0x0000000081300000| Complete 
|  20|0x0000000081400000, 0x0000000081500000, 0x0000000081500000|100%|HC|  |TAMS 0x0000000081500000, 0x0000000081400000| Complete 
|  21|0x0000000081500000, 0x0000000081600000, 0x0000000081600000|100%|HS|  |TAMS 0x0000000081600000, 0x0000000081500000| Complete 
|  22|0x0000000081600000, 0x0000000081700000, 0x0000000081700000|100%|HC|  |TAMS 0x0000000081700000, 0x0000000081600000| Complete 
|  23|0x0000000081700000, 0x0000000081800000, 0x0000000081800000|100%|HC|  |TAMS 0x0000000081800000, 0x0000000081700000| Complete 
|  24|0x0000000081800000, 0x0000000081900000, 0x0000000081900000|100%|HS|  |TAMS 0x0000000081900000, 0x0000000081800000| Complete 
|  25|0x0000000081900000, 0x0000000081a00000, 0x0000000081a00000|100%|HC|  |TAMS 0x0000000081a00000, 0x0000000081900000| Complete 
|  26|0x0000000081a00000, 0x0000000081b00000, 0x0000000081b00000|100%|HC|  |TAMS 0x0000000081b00000, 0x0000000081a00000| Complete 
|  27|0x0000000081b00000, 0x0000000081c00000, 0x0000000081c00000|100%|HC|  |TAMS 0x0000000081c00000, 0x0000000081b00000| Complete 
|  28|0x0000000081c00000, 0x0000000081d00000, 0x0000000081d00000|100%|HS|  |TAMS 0x0000000081d00000, 0x0000000081c00000| Complete 
|  29|0x0000000081d00000, 0x0000000081e00000, 0x0000000081e00000|100%|HC|  |TAMS 0x0000000081e00000, 0x0000000081d00000| Complete 
|  30|0x0000000081e00000, 0x0000000081f00000, 0x0000000081f00000|100%|HC|  |TAMS 0x0000000081f00000, 0x0000000081e00000| Complete 
|  31|0x0000000081f00000, 0x0000000082000000, 0x0000000082000000|100%|HC|  |TAMS 0x0000000082000000, 0x0000000081f00000| Complete 
|  32|0x0000000082000000, 0x0000000082100000, 0x0000000082100000|100%|HC|  |TAMS 0x0000000082100000, 0x0000000082000000| Complete 
|  33|0x0000000082100000, 0x0000000082200000, 0x0000000082200000|100%| O|  |TAMS 0x0000000082200000, 0x0000000082100000| Untracked 
|  34|0x0000000082200000, 0x0000000082300000, 0x0000000082300000|100%| O|  |TAMS 0x0000000082300000, 0x0000000082200000| Untracked 
|  35|0x0000000082300000, 0x0000000082400000, 0x0000000082400000|100%| O|  |TAMS 0x0000000082400000, 0x0000000082300000| Untracked 
|  36|0x0000000082400000, 0x0000000082500000, 0x0000000082500000|100%| O|  |TAMS 0x0000000082500000, 0x0000000082400000| Untracked 
|  37|0x0000000082500000, 0x0000000082600000, 0x0000000082600000|100%| O|  |TAMS 0x0000000082600000, 0x0000000082500000| Untracked 
|  38|0x0000000082600000, 0x0000000082700000, 0x0000000082700000|100%| O|  |TAMS 0x0000000082700000, 0x0000000082600000| Untracked 
|  39|0x0000000082700000, 0x0000000082800000, 0x0000000082800000|100%| O|  |TAMS 0x0000000082800000, 0x0000000082700000| Untracked 
|  40|0x0000000082800000, 0x0000000082900000, 0x0000000082900000|100%| O|  |TAMS 0x0000000082900000, 0x0000000082800000| Untracked 
|  41|0x0000000082900000, 0x0000000082a00000, 0x0000000082a00000|100%| O|  |TAMS 0x0000000082a00000, 0x0000000082900000| Untracked 
|  42|0x0000000082a00000, 0x0000000082b00000, 0x0000000082b00000|100%| O|  |TAMS 0x0000000082b00000, 0x0000000082a00000| Untracked 
|  43|0x0000000082b00000, 0x0000000082c00000, 0x0000000082c00000|100%| O|  |TAMS 0x0000000082c00000, 0x0000000082b00000| Untracked 
|  44|0x0000000082c00000, 0x0000000082d00000, 0x0000000082d00000|100%| O|  |TAMS 0x0000000082d00000, 0x0000000082c00000| Untracked 
|  45|0x0000000082d00000, 0x0000000082e00000, 0x0000000082e00000|100%| O|  |TAMS 0x0000000082e00000, 0x0000000082d00000| Untracked 
|  46|0x0000000082e00000, 0x0000000082f00000, 0x0000000082f00000|100%| O|  |TAMS 0x0000000082f00000, 0x0000000082e00000| Untracked 
|  47|0x0000000082f00000, 0x0000000083000000, 0x0000000083000000|100%|HS|  |TAMS 0x0000000083000000, 0x0000000082f00000| Complete 
|  48|0x0000000083000000, 0x0000000083100000, 0x0000000083100000|100%|HC|  |TAMS 0x0000000083100000, 0x0000000083000000| Complete 
|  49|0x0000000083100000, 0x0000000083200000, 0x0000000083200000|100%|HS|  |TAMS 0x0000000083200000, 0x0000000083100000| Complete 
|  50|0x0000000083200000, 0x0000000083300000, 0x0000000083300000|100%|HC|  |TAMS 0x0000000083300000, 0x0000000083200000| Complete 
|  51|0x0000000083300000, 0x0000000083400000, 0x0000000083400000|100%|HC|  |TAMS 0x0000000083400000, 0x0000000083300000| Complete 
|  52|0x0000000083400000, 0x0000000083500000, 0x0000000083500000|100%|HC|  |TAMS 0x0000000083500000, 0x0000000083400000| Complete 
|  53|0x0000000083500000, 0x0000000083600000, 0x0000000083600000|100%|HS|  |TAMS 0x0000000083600000, 0x0000000083500000| Complete 
|  54|0x0000000083600000, 0x0000000083700000, 0x0000000083700000|100%|HC|  |TAMS 0x0000000083700000, 0x0000000083600000| Complete 
|  55|0x0000000083700000, 0x0000000083800000, 0x0000000083800000|100%|HC|  |TAMS 0x0000000083800000, 0x0000000083700000| Complete 
|  56|0x0000000083800000, 0x0000000083900000, 0x0000000083900000|100%|HS|  |TAMS 0x0000000083900000, 0x0000000083800000| Complete 
|  57|0x0000000083900000, 0x0000000083a00000, 0x0000000083a00000|100%|HC|  |TAMS 0x0000000083a00000, 0x0000000083900000| Complete 
|  58|0x0000000083a00000, 0x0000000083b00000, 0x0000000083b00000|100%|HC|  |TAMS 0x0000000083b00000, 0x0000000083a00000| Complete 
|  59|0x0000000083b00000, 0x0000000083c00000, 0x0000000083c00000|100%| O|  |TAMS 0x0000000083c00000, 0x0000000083b00000| Untracked 
|  60|0x0000000083c00000, 0x0000000083d00000, 0x0000000083d00000|100%| O|  |TAMS 0x0000000083d00000, 0x0000000083c00000| Untracked 
|  61|0x0000000083d00000, 0x0000000083e00000, 0x0000000083e00000|100%| O|  |TAMS 0x0000000083e00000, 0x0000000083d00000| Untracked 
|  62|0x0000000083e00000, 0x0000000083f00000, 0x0000000083f00000|100%| O|  |TAMS 0x0000000083f00000, 0x0000000083e00000| Untracked 
|  63|0x0000000083f00000, 0x0000000084000000, 0x0000000084000000|100%| O|  |TAMS 0x0000000084000000, 0x0000000083f00000| Untracked 
|  64|0x0000000084000000, 0x0000000084100000, 0x0000000084100000|100%| O|  |TAMS 0x0000000084100000, 0x0000000084000000| Untracked 
|  65|0x0000000084100000, 0x0000000084200000, 0x0000000084200000|100%| O|  |TAMS 0x0000000084200000, 0x0000000084100000| Untracked 
|  66|0x0000000084200000, 0x0000000084300000, 0x0000000084300000|100%| O|  |TAMS 0x0000000084300000, 0x0000000084200000| Untracked 
|  67|0x0000000084300000, 0x0000000084400000, 0x0000000084400000|100%| O|  |TAMS 0x0000000084400000, 0x0000000084300000| Untracked 
|  68|0x0000000084400000, 0x0000000084500000, 0x0000000084500000|100%|HS|  |TAMS 0x0000000084500000, 0x0000000084400000| Complete 
|  69|0x0000000084500000, 0x0000000084600000, 0x0000000084600000|100%|HC|  |TAMS 0x0000000084600000, 0x0000000084500000| Complete 
|  70|0x0000000084600000, 0x0000000084700000, 0x0000000084700000|100%|HC|  |TAMS 0x0000000084700000, 0x0000000084600000| Complete 
|  71|0x0000000084700000, 0x0000000084800000, 0x0000000084800000|100%|HC|  |TAMS 0x0000000084800000, 0x0000000084700000| Complete 
|  72|0x0000000084800000, 0x0000000084900000, 0x0000000084900000|100%|HC|  |TAMS 0x0000000084900000, 0x0000000084800000| Complete 
|  73|0x0000000084900000, 0x0000000084a00000, 0x0000000084a00000|100%| O|  |TAMS 0x0000000084a00000, 0x0000000084900000| Untracked 
|  74|0x0000000084a00000, 0x0000000084b00000, 0x0000000084b00000|100%| O|  |TAMS 0x0000000084b00000, 0x0000000084a00000| Untracked 
|  75|0x0000000084b00000, 0x0000000084c00000, 0x0000000084c00000|100%|HS|  |TAMS 0x0000000084c00000, 0x0000000084b00000| Complete 
|  76|0x0000000084c00000, 0x0000000084d00000, 0x0000000084d00000|100%|HS|  |TAMS 0x0000000084d00000, 0x0000000084c00000| Complete 
|  77|0x0000000084d00000, 0x0000000084e00000, 0x0000000084e00000|100%| O|  |TAMS 0x0000000084e00000, 0x0000000084d00000| Untracked 
|  78|0x0000000084e00000, 0x0000000084f00000, 0x0000000084f00000|100%| O|  |TAMS 0x0000000084f00000, 0x0000000084e00000| Untracked 
|  79|0x0000000084f00000, 0x0000000085000000, 0x0000000085000000|100%| O|  |TAMS 0x0000000085000000, 0x0000000084f00000| Untracked 
|  80|0x0000000085000000, 0x0000000085100000, 0x0000000085100000|100%| O|  |TAMS 0x0000000085100000, 0x0000000085000000| Untracked 
|  81|0x0000000085100000, 0x0000000085200000, 0x0000000085200000|100%| O|  |TAMS 0x0000000085200000, 0x0000000085100000| Untracked 
|  82|0x0000000085200000, 0x0000000085300000, 0x0000000085300000|100%|HS|  |TAMS 0x0000000085300000, 0x0000000085200000| Complete 
|  83|0x0000000085300000, 0x0000000085400000, 0x0000000085400000|100%|HC|  |TAMS 0x0000000085400000, 0x0000000085300000| Complete 
|  84|0x0000000085400000, 0x0000000085500000, 0x0000000085500000|100%| O|  |TAMS 0x0000000085500000, 0x0000000085400000| Untracked 
|  85|0x0000000085500000, 0x0000000085600000, 0x0000000085600000|100%| O|  |TAMS 0x0000000085600000, 0x0000000085500000| Untracked 
|  86|0x0000000085600000, 0x0000000085700000, 0x0000000085700000|100%| O|  |TAMS 0x0000000085700000, 0x0000000085600000| Untracked 
|  87|0x0000000085700000, 0x0000000085800000, 0x0000000085800000|100%| O|  |TAMS 0x0000000085800000, 0x0000000085700000| Untracked 
|  88|0x0000000085800000, 0x0000000085900000, 0x0000000085900000|100%| O|  |TAMS 0x0000000085900000, 0x0000000085800000| Untracked 
|  89|0x0000000085900000, 0x0000000085a00000, 0x0000000085a00000|100%| O|  |TAMS 0x0000000085a00000, 0x0000000085900000| Untracked 
|  90|0x0000000085a00000, 0x0000000085b00000, 0x0000000085b00000|100%| O|  |TAMS 0x0000000085b00000, 0x0000000085a00000| Untracked 
|  91|0x0000000085b00000, 0x0000000085c00000, 0x0000000085c00000|100%| O|  |TAMS 0x0000000085c00000, 0x0000000085b00000| Untracked 
|  92|0x0000000085c00000, 0x0000000085d00000, 0x0000000085d00000|100%| O|  |TAMS 0x0000000085d00000, 0x0000000085c00000| Untracked 
|  93|0x0000000085d00000, 0x0000000085e00000, 0x0000000085e00000|100%| O|  |TAMS 0x0000000085e00000, 0x0000000085d00000| Untracked 
|  94|0x0000000085e00000, 0x0000000085f00000, 0x0000000085f00000|100%| O|  |TAMS 0x0000000085f00000, 0x0000000085e00000| Untracked 
|  95|0x0000000085f00000, 0x0000000086000000, 0x0000000086000000|100%| O|  |TAMS 0x0000000086000000, 0x0000000085f00000| Untracked 
|  96|0x0000000086000000, 0x0000000086100000, 0x0000000086100000|100%| O|  |TAMS 0x0000000086100000, 0x0000000086000000| Untracked 
|  97|0x0000000086100000, 0x0000000086200000, 0x0000000086200000|100%| O|  |TAMS 0x0000000086200000, 0x0000000086100000| Untracked 
|  98|0x0000000086200000, 0x0000000086300000, 0x0000000086300000|100%| O|  |TAMS 0x0000000086300000, 0x0000000086200000| Untracked 
|  99|0x0000000086300000, 0x0000000086400000, 0x0000000086400000|100%| O|  |TAMS 0x0000000086400000, 0x0000000086300000| Untracked 
| 100|0x0000000086400000, 0x0000000086500000, 0x0000000086500000|100%| O|  |TAMS 0x0000000086500000, 0x0000000086400000| Untracked 
| 101|0x0000000086500000, 0x0000000086600000, 0x0000000086600000|100%| O|  |TAMS 0x0000000086600000, 0x0000000086500000| Untracked 
| 102|0x0000000086600000, 0x0000000086700000, 0x0000000086700000|100%| O|  |TAMS 0x0000000086700000, 0x0000000086600000| Untracked 
| 103|0x0000000086700000, 0x0000000086800000, 0x0000000086800000|100%| O|  |TAMS 0x0000000086800000, 0x0000000086700000| Untracked 
| 104|0x0000000086800000, 0x0000000086900000, 0x0000000086900000|100%| O|  |TAMS 0x0000000086900000, 0x0000000086800000| Untracked 
| 105|0x0000000086900000, 0x0000000086a00000, 0x0000000086a00000|100%| O|  |TAMS 0x0000000086a00000, 0x0000000086900000| Untracked 
| 106|0x0000000086a00000, 0x0000000086b00000, 0x0000000086b00000|100%| O|  |TAMS 0x0000000086b00000, 0x0000000086a00000| Untracked 
| 107|0x0000000086b00000, 0x0000000086c00000, 0x0000000086c00000|100%| O|  |TAMS 0x0000000086c00000, 0x0000000086b00000| Untracked 
| 108|0x0000000086c00000, 0x0000000086d00000, 0x0000000086d00000|100%| O|  |TAMS 0x0000000086d00000, 0x0000000086c00000| Untracked 
| 109|0x0000000086d00000, 0x0000000086e00000, 0x0000000086e00000|100%| O|  |TAMS 0x0000000086e00000, 0x0000000086d00000| Untracked 
| 110|0x0000000086e00000, 0x0000000086f00000, 0x0000000086f00000|100%| O|  |TAMS 0x0000000086f00000, 0x0000000086e00000| Untracked 
| 111|0x0000000086f00000, 0x0000000087000000, 0x0000000087000000|100%|HS|  |TAMS 0x0000000087000000, 0x0000000086f00000| Complete 
| 112|0x0000000087000000, 0x0000000087100000, 0x0000000087100000|100%|HS|  |TAMS 0x0000000087100000, 0x0000000087000000| Complete 
| 113|0x0000000087100000, 0x0000000087200000, 0x0000000087200000|100%|HC|  |TAMS 0x0000000087200000, 0x0000000087100000| Complete 
| 114|0x0000000087200000, 0x0000000087300000, 0x0000000087300000|100%|HS|  |TAMS 0x0000000087300000, 0x0000000087200000| Complete 
| 115|0x0000000087300000, 0x0000000087400000, 0x0000000087400000|100%|HC|  |TAMS 0x0000000087400000, 0x0000000087300000| Complete 
| 116|0x0000000087400000, 0x0000000087500000, 0x0000000087500000|100%|HC|  |TAMS 0x0000000087500000, 0x0000000087400000| Complete 
| 117|0x0000000087500000, 0x0000000087600000, 0x0000000087600000|100%|HS|  |TAMS 0x0000000087600000, 0x0000000087500000| Complete 
| 118|0x0000000087600000, 0x0000000087700000, 0x0000000087700000|100%|HC|  |TAMS 0x0000000087700000, 0x0000000087600000| Complete 
| 119|0x0000000087700000, 0x0000000087800000, 0x0000000087800000|100%|HC|  |TAMS 0x0000000087800000, 0x0000000087700000| Complete 
| 120|0x0000000087800000, 0x0000000087900000, 0x0000000087900000|100%|HS|  |TAMS 0x0000000087900000, 0x0000000087800000| Complete 
| 121|0x0000000087900000, 0x0000000087a00000, 0x0000000087a00000|100%|HC|  |TAMS 0x0000000087a00000, 0x0000000087900000| Complete 
| 122|0x0000000087a00000, 0x0000000087b00000, 0x0000000087b00000|100%|HC|  |TAMS 0x0000000087b00000, 0x0000000087a00000| Complete 
| 123|0x0000000087b00000, 0x0000000087c00000, 0x0000000087c00000|100%|HC|  |TAMS 0x0000000087c00000, 0x0000000087b00000| Complete 
| 124|0x0000000087c00000, 0x0000000087d00000, 0x0000000087d00000|100%|HS|  |TAMS 0x0000000087d00000, 0x0000000087c00000| Complete 
| 125|0x0000000087d00000, 0x0000000087e00000, 0x0000000087e00000|100%|HC|  |TAMS 0x0000000087e00000, 0x0000000087d00000| Complete 
| 126|0x0000000087e00000, 0x0000000087f00000, 0x0000000087f00000|100%|HC|  |TAMS 0x0000000087f00000, 0x0000000087e00000| Complete 
| 127|0x0000000087f00000, 0x0000000088000000, 0x0000000088000000|100%|HC|  |TAMS 0x0000000088000000, 0x0000000087f00000| Complete 
| 128|0x0000000088000000, 0x0000000088100000, 0x0000000088100000|100%|HC|  |TAMS 0x0000000088100000, 0x0000000088000000| Complete 
| 129|0x0000000088100000, 0x0000000088200000, 0x0000000088200000|100%|HS|  |TAMS 0x0000000088200000, 0x0000000088100000| Complete 
| 130|0x0000000088200000, 0x0000000088300000, 0x0000000088300000|100%| O|  |TAMS 0x0000000088300000, 0x0000000088200000| Untracked 
| 131|0x0000000088300000, 0x0000000088400000, 0x0000000088400000|100%| O|  |TAMS 0x0000000088400000, 0x0000000088300000| Untracked 
| 132|0x0000000088400000, 0x0000000088500000, 0x0000000088500000|100%| O|  |TAMS 0x0000000088500000, 0x0000000088400000| Untracked 
| 133|0x0000000088500000, 0x0000000088600000, 0x0000000088600000|100%| O|  |TAMS 0x0000000088600000, 0x0000000088500000| Untracked 
| 134|0x0000000088600000, 0x0000000088700000, 0x0000000088700000|100%| O|  |TAMS 0x0000000088700000, 0x0000000088600000| Untracked 
| 135|0x0000000088700000, 0x0000000088800000, 0x0000000088800000|100%| O|  |TAMS 0x0000000088800000, 0x0000000088700000| Untracked 
| 136|0x0000000088800000, 0x0000000088900000, 0x0000000088900000|100%| O|  |TAMS 0x0000000088900000, 0x0000000088800000| Untracked 
| 137|0x0000000088900000, 0x0000000088a00000, 0x0000000088a00000|100%| O|  |TAMS 0x0000000088a00000, 0x0000000088900000| Untracked 
| 138|0x0000000088a00000, 0x0000000088b00000, 0x0000000088b00000|100%| O|  |TAMS 0x0000000088aec600, 0x0000000088a00000| Untracked 
| 139|0x0000000088b00000, 0x0000000088c00000, 0x0000000088c00000|100%| O|  |TAMS 0x0000000088b00000, 0x0000000088b00000| Untracked 
| 140|0x0000000088c00000, 0x0000000088c00000, 0x0000000088d00000|  0%| F|  |TAMS 0x0000000088c00000, 0x0000000088c00000| Untracked 
| 141|0x0000000088d00000, 0x0000000088d00000, 0x0000000088e00000|  0%| F|  |TAMS 0x0000000088d00000, 0x0000000088d00000| Untracked 
| 142|0x0000000088e00000, 0x0000000088e00000, 0x0000000088f00000|  0%| F|  |TAMS 0x0000000088e00000, 0x0000000088e00000| Untracked 
| 143|0x0000000088f00000, 0x0000000088f00000, 0x0000000089000000|  0%| F|  |TAMS 0x0000000088f00000, 0x0000000088f00000| Untracked 
| 144|0x0000000089000000, 0x0000000089000000, 0x0000000089100000|  0%| F|  |TAMS 0x0000000089000000, 0x0000000089000000| Untracked 
| 145|0x0000000089100000, 0x0000000089100000, 0x0000000089200000|  0%| F|  |TAMS 0x0000000089100000, 0x0000000089100000| Untracked 
| 146|0x0000000089200000, 0x0000000089200000, 0x0000000089300000|  0%| F|  |TAMS 0x0000000089200000, 0x0000000089200000| Untracked 
| 147|0x0000000089300000, 0x0000000089300000, 0x0000000089400000|  0%| F|  |TAMS 0x0000000089300000, 0x0000000089300000| Untracked 
| 148|0x0000000089400000, 0x0000000089400000, 0x0000000089500000|  0%| F|  |TAMS 0x0000000089400000, 0x0000000089400000| Untracked 
| 149|0x0000000089500000, 0x0000000089500000, 0x0000000089600000|  0%| F|  |TAMS 0x0000000089500000, 0x0000000089500000| Untracked 
| 150|0x0000000089600000, 0x0000000089600000, 0x0000000089700000|  0%| F|  |TAMS 0x0000000089600000, 0x0000000089600000| Untracked 
| 151|0x0000000089700000, 0x0000000089700000, 0x0000000089800000|  0%| F|  |TAMS 0x0000000089700000, 0x0000000089700000| Untracked 
| 152|0x0000000089800000, 0x0000000089800000, 0x0000000089900000|  0%| F|  |TAMS 0x0000000089800000, 0x0000000089800000| Untracked 
| 153|0x0000000089900000, 0x0000000089900000, 0x0000000089a00000|  0%| F|  |TAMS 0x0000000089900000, 0x0000000089900000| Untracked 
| 154|0x0000000089a00000, 0x0000000089a00000, 0x0000000089b00000|  0%| F|  |TAMS 0x0000000089a00000, 0x0000000089a00000| Untracked 
| 155|0x0000000089b00000, 0x0000000089b00000, 0x0000000089c00000|  0%| F|  |TAMS 0x0000000089b00000, 0x0000000089b00000| Untracked 
| 156|0x0000000089c00000, 0x0000000089c00000, 0x0000000089d00000|  0%| F|  |TAMS 0x0000000089c00000, 0x0000000089c00000| Untracked 
| 157|0x0000000089d00000, 0x0000000089d00000, 0x0000000089e00000|  0%| F|  |TAMS 0x0000000089d00000, 0x0000000089d00000| Untracked 
| 158|0x0000000089e00000, 0x0000000089e00000, 0x0000000089f00000|  0%| F|  |TAMS 0x0000000089e00000, 0x0000000089e00000| Untracked 
| 159|0x0000000089f00000, 0x0000000089f00000, 0x000000008a000000|  0%| F|  |TAMS 0x0000000089f00000, 0x0000000089f00000| Untracked 
| 160|0x000000008a000000, 0x000000008a000000, 0x000000008a100000|  0%| F|  |TAMS 0x000000008a000000, 0x000000008a000000| Untracked 
| 161|0x000000008a100000, 0x000000008a160320, 0x000000008a200000| 37%| S|CS|TAMS 0x000000008a100000, 0x000000008a100000| Complete 
| 162|0x000000008a200000, 0x000000008a200000, 0x000000008a300000|  0%| F|  |TAMS 0x000000008a200000, 0x000000008a200000| Untracked 
| 163|0x000000008a300000, 0x000000008a400000, 0x000000008a400000|100%| S|CS|TAMS 0x000000008a300000, 0x000000008a300000| Complete 
| 164|0x000000008a400000, 0x000000008a400000, 0x000000008a500000|  0%| F|  |TAMS 0x000000008a400000, 0x000000008a400000| Untracked 
| 165|0x000000008a500000, 0x000000008a600000, 0x000000008a600000|100%| S|CS|TAMS 0x000000008a500000, 0x000000008a500000| Complete 
| 166|0x000000008a600000, 0x000000008a600000, 0x000000008a700000|  0%| F|  |TAMS 0x000000008a600000, 0x000000008a600000| Untracked 
| 167|0x000000008a700000, 0x000000008a700000, 0x000000008a800000|  0%| F|  |TAMS 0x000000008a700000, 0x000000008a700000| Untracked 
| 168|0x000000008a800000, 0x000000008a800000, 0x000000008a900000|  0%| F|  |TAMS 0x000000008a800000, 0x000000008a800000| Untracked 
| 169|0x000000008a900000, 0x000000008a900000, 0x000000008aa00000|  0%| F|  |TAMS 0x000000008a900000, 0x000000008a900000| Untracked 
| 170|0x000000008aa00000, 0x000000008aa00000, 0x000000008ab00000|  0%| F|  |TAMS 0x000000008aa00000, 0x000000008aa00000| Untracked 
| 171|0x000000008ab00000, 0x000000008ab00000, 0x000000008ac00000|  0%| F|  |TAMS 0x000000008ab00000, 0x000000008ab00000| Untracked 
| 172|0x000000008ac00000, 0x000000008ac00000, 0x000000008ad00000|  0%| F|  |TAMS 0x000000008ac00000, 0x000000008ac00000| Untracked 
| 173|0x000000008ad00000, 0x000000008ad00000, 0x000000008ae00000|  0%| F|  |TAMS 0x000000008ad00000, 0x000000008ad00000| Untracked 
| 174|0x000000008ae00000, 0x000000008ae00800, 0x000000008af00000|  0%| E|  |TAMS 0x000000008ae00000, 0x000000008ae00000| Complete 
| 175|0x000000008af00000, 0x000000008b000000, 0x000000008b000000|100%| E|CS|TAMS 0x000000008af00000, 0x000000008af00000| Complete 
| 176|0x000000008b000000, 0x000000008b100000, 0x000000008b100000|100%| E|CS|TAMS 0x000000008b000000, 0x000000008b000000| Complete 
| 177|0x000000008b100000, 0x000000008b200000, 0x000000008b200000|100%| E|CS|TAMS 0x000000008b100000, 0x000000008b100000| Complete 
| 178|0x000000008b200000, 0x000000008b300000, 0x000000008b300000|100%| E|CS|TAMS 0x000000008b200000, 0x000000008b200000| Complete 
| 179|0x000000008b300000, 0x000000008b400000, 0x000000008b400000|100%| E|CS|TAMS 0x000000008b300000, 0x000000008b300000| Complete 
| 180|0x000000008b400000, 0x000000008b500000, 0x000000008b500000|100%| E|CS|TAMS 0x000000008b400000, 0x000000008b400000| Complete 
| 181|0x000000008b500000, 0x000000008b600000, 0x000000008b600000|100%| E|CS|TAMS 0x000000008b500000, 0x000000008b500000| Complete 
| 182|0x000000008b600000, 0x000000008b700000, 0x000000008b700000|100%| E|CS|TAMS 0x000000008b600000, 0x000000008b600000| Complete 

Card table byte_map: [0x000002b547ce0000,0x000002b5480e0000] _byte_map_base: 0x000002b5478e0000

Marking Bits (Prev, Next): (CMBitMap*) 0x000002b534e0b198, (CMBitMap*) 0x000002b534e0b1d0
 Prev Bits: [0x000002b5484e0000, 0x000002b54a4e0000)
 Next Bits: [0x000002b54a4e0000, 0x000002b54c4e0000)

Polling page: 0x000002b532cb0000

Metaspace:

Usage:
  Non-class:     76.20 MB capacity,    74.62 MB ( 98%) used,     1.35 MB (  2%) free+waste,   234.25 KB ( <1%) overhead. 
      Class:     11.83 MB capacity,    11.03 MB ( 93%) used,   715.94 KB (  6%) free+waste,   108.75 KB ( <1%) overhead. 
       Both:     88.04 MB capacity,    85.65 MB ( 97%) used,     2.05 MB (  2%) free+waste,   343.00 KB ( <1%) overhead. 

Virtual space:
  Non-class space:       78.00 MB reserved,      76.42 MB ( 98%) committed 
      Class space:        1.00 GB reserved,      11.95 MB (  1%) committed 
             Both:        1.08 GB reserved,      88.37 MB (  8%) committed 

Chunk freelists:
   Non-Class:  33.00 KB
       Class:  10.00 KB
        Both:  43.00 KB

MaxMetaspaceSize: 17179869184.00 GB
CompressedClassSpaceSize: 1.00 GB
Initial GC threshold: 20.80 MB
Current GC threshold: 144.37 MB
CDS: off

CodeHeap 'non-profiled nmethods': size=120064Kb used=5899Kb max_used=5899Kb free=114164Kb
 bounds [0x000002b5403a0000, 0x000002b540970000, 0x000002b5478e0000]
CodeHeap 'profiled nmethods': size=120000Kb used=19518Kb max_used=19518Kb free=100481Kb
 bounds [0x000002b538e70000, 0x000002b53a180000, 0x000002b5403a0000]
CodeHeap 'non-nmethods': size=5696Kb used=2369Kb max_used=2426Kb free=3327Kb
 bounds [0x000002b5388e0000, 0x000002b538b50000, 0x000002b538e70000]
 total_blobs=9592 nmethods=8701 adapters=803
 compilation: enabled
              stopped_count=0, restarted_count=0
 full_count=0

Compilation events (20 events):
Event: 171.850 Thread 0x000002b54e9fa000 8780       3       kotlin.collections.CollectionsKt__IterablesKt::collectionSizeOrDefault (27 bytes)
Event: 171.851 Thread 0x000002b54e9f5000 nmethod 8773% 0x000002b540961f10 code [0x000002b5409620c0, 0x000002b540962458]
Event: 171.852 Thread 0x000002b54e9fa000 nmethod 8780 0x000002b53a17a290 code [0x000002b53a17a4e0, 0x000002b53a17ad68]
Event: 171.852 Thread 0x000002b54e9f5000 8777       4       com.google.common.collect.Iterators$9::hasNext (13 bytes)
Event: 171.852 Thread 0x000002b54e9f5000 nmethod 8777 0x000002b540962790 code [0x000002b540962920, 0x000002b540962998]
Event: 171.854 Thread 0x000002b54e9fa000 8781       3       org.gradle.api.internal.project.DefaultProject::getPath (13 bytes)
Event: 171.855 Thread 0x000002b54e9fa000 nmethod 8781 0x000002b53a17b010 code [0x000002b53a17b1e0, 0x000002b53a17b4e8]
Event: 171.999 Thread 0x000002b54e9f5000 8782       4       sun.reflect.annotation.AnnotationType::getInstance (65 bytes)
Event: 172.005 Thread 0x000002b54e9f5000 nmethod 8782 0x000002b540962a90 code [0x000002b540962c60, 0x000002b540962df8]
Event: 172.030 Thread 0x000002b54e9f5000 8783       4       org.objectweb.asm.Frame::execute (2318 bytes)
Event: 172.538 Thread 0x000002b54e9fa000 8786       3       com.sun.proxy.$Proxy34::<init> (6 bytes)
Event: 172.539 Thread 0x000002b54e9fa000 nmethod 8786 0x000002b53a17b690 code [0x000002b53a17b860, 0x000002b53a17bbe8]
Event: 172.539 Thread 0x000002b54e9fa000 8787   !   3       com.sun.proxy.$Proxy34::annotationType (29 bytes)
Event: 172.540 Thread 0x000002b54e9fa000 nmethod 8787 0x000002b53a17bd90 code [0x000002b53a17bf80, 0x000002b53a17c358]
Event: 172.540 Thread 0x000002b54e9fa000 8789       3       org.gradle.internal.instantiation.generator.AbstractClassGenerator::isNameProperty (44 bytes)
Event: 172.544 Thread 0x000002b54e9fa000 nmethod 8789 0x000002b53a17c510 code [0x000002b53a17c780, 0x000002b53a17d218]
Event: 172.840 Thread 0x000002b54e9fa000 8791       3       com.android.build.gradle.options.BooleanOption::parse (6 bytes)
Event: 172.844 Thread 0x000002b54e9fa000 nmethod 8791 0x000002b53a17d590 code [0x000002b53a17d7e0, 0x000002b53a17dee8]
Event: 172.952 Thread 0x000002b54e9fa000 8793   !   3       org.gradle.api.internal.provider.AbstractProperty::calculatePresence (58 bytes)
Event: 172.955 Thread 0x000002b54e9fa000 nmethod 8793 0x000002b53a17e190 code [0x000002b53a17e4a0, 0x000002b53a17f5b8]

GC Heap History (20 events):
Event: 157.498 GC heap before
{Heap before GC invocations=48 (full 0):
 garbage-first heap   total 187392K, used 121136K [0x0000000080000000, 0x0000000100000000)
  region size 1024K, 15 young (15360K), 6 survivors (6144K)
 Metaspace       used 78472K, capacity 80452K, committed 80508K, reserved 1120256K
  class space    used 10041K, capacity 10672K, committed 10700K, reserved 1048576K
}
Event: 157.518 GC heap after
{Heap after GC invocations=49 (full 0):
 garbage-first heap   total 187392K, used 114772K [0x0000000080000000, 0x0000000100000000)
  region size 1024K, 2 young (2048K), 2 survivors (2048K)
 Metaspace       used 78472K, capacity 80452K, committed 80508K, reserved 1120256K
  class space    used 10041K, capacity 10672K, committed 10700K, reserved 1048576K
}
Event: 159.455 GC heap before
{Heap before GC invocations=50 (full 0):
 garbage-first heap   total 187392K, used 159828K [0x0000000080000000, 0x0000000100000000)
  region size 1024K, 28 young (28672K), 2 survivors (2048K)
 Metaspace       used 80041K, capacity 82174K, committed 82428K, reserved 1120256K
  class space    used 10269K, capacity 10980K, committed 11084K, reserved 1048576K
}
Event: 159.473 GC heap after
{Heap after GC invocations=51 (full 0):
 garbage-first heap   total 187392K, used 140288K [0x0000000080000000, 0x0000000100000000)
  region size 1024K, 4 young (4096K), 4 survivors (4096K)
 Metaspace       used 80041K, capacity 82174K, committed 82428K, reserved 1120256K
  class space    used 10269K, capacity 10980K, committed 11084K, reserved 1048576K
}
Event: 160.054 GC heap before
{Heap before GC invocations=51 (full 0):
 garbage-first heap   total 187392K, used 156672K [0x0000000080000000, 0x0000000100000000)
  region size 1024K, 20 young (20480K), 4 survivors (4096K)
 Metaspace       used 80782K, capacity 82923K, committed 83196K, reserved 1122304K
  class space    used 10362K, capacity 11060K, committed 11084K, reserved 1048576K
}
Event: 160.071 GC heap after
{Heap after GC invocations=52 (full 0):
 garbage-first heap   total 187392K, used 140921K [0x0000000080000000, 0x0000000100000000)
  region size 1024K, 1 young (1024K), 1 survivors (1024K)
 Metaspace       used 80782K, capacity 82923K, committed 83196K, reserved 1122304K
  class space    used 10362K, capacity 11060K, committed 11084K, reserved 1048576K
}
Event: 161.041 GC heap before
{Heap before GC invocations=53 (full 0):
 garbage-first heap   total 187392K, used 157305K [0x0000000080000000, 0x0000000100000000)
  region size 1024K, 17 young (17408K), 1 survivors (1024K)
 Metaspace       used 81073K, capacity 83415K, committed 83580K, reserved 1122304K
  class space    used 10402K, capacity 11158K, committed 11212K, reserved 1048576K
}
Event: 161.046 GC heap after
{Heap after GC invocations=54 (full 0):
 garbage-first heap   total 187392K, used 141058K [0x0000000080000000, 0x0000000100000000)
  region size 1024K, 1 young (1024K), 1 survivors (1024K)
 Metaspace       used 81073K, capacity 83415K, committed 83580K, reserved 1122304K
  class space    used 10402K, capacity 11158K, committed 11212K, reserved 1048576K
}
Event: 161.539 GC heap before
{Heap before GC invocations=54 (full 0):
 garbage-first heap   total 187392K, used 158466K [0x0000000080000000, 0x0000000100000000)
  region size 1024K, 18 young (18432K), 1 survivors (1024K)
 Metaspace       used 81640K, capacity 83991K, committed 84220K, reserved 1122304K
  class space    used 10471K, capacity 11222K, committed 11340K, reserved 1048576K
}
Event: 161.548 GC heap after
{Heap after GC invocations=55 (full 0):
 garbage-first heap   total 187392K, used 141112K [0x0000000080000000, 0x0000000100000000)
  region size 1024K, 1 young (1024K), 1 survivors (1024K)
 Metaspace       used 81640K, capacity 83991K, committed 84220K, reserved 1122304K
  class space    used 10471K, capacity 11222K, committed 11340K, reserved 1048576K
}
Event: 163.239 GC heap before
{Heap before GC invocations=56 (full 0):
 garbage-first heap   total 187392K, used 158520K [0x0000000080000000, 0x0000000100000000)
  region size 1024K, 18 young (18432K), 1 survivors (1024K)
 Metaspace       used 82653K, capacity 84907K, committed 85116K, reserved 1122304K
  class space    used 10589K, capacity 11375K, committed 11468K, reserved 1048576K
}
Event: 163.248 GC heap after
{Heap after GC invocations=57 (full 0):
 garbage-first heap   total 187392K, used 141761K [0x0000000080000000, 0x0000000100000000)
  region size 1024K, 2 young (2048K), 2 survivors (2048K)
 Metaspace       used 82653K, capacity 84907K, committed 85116K, reserved 1122304K
  class space    used 10589K, capacity 11375K, committed 11468K, reserved 1048576K
}
Event: 164.629 GC heap before
{Heap before GC invocations=57 (full 0):
 garbage-first heap   total 187392K, used 159169K [0x0000000080000000, 0x0000000100000000)
  region size 1024K, 19 young (19456K), 2 survivors (2048K)
 Metaspace       used 83578K, capacity 85860K, committed 86012K, reserved 1124352K
  class space    used 10740K, capacity 11515K, committed 11596K, reserved 1048576K
}
Event: 164.639 GC heap after
{Heap after GC invocations=58 (full 0):
 garbage-first heap   total 187392K, used 142309K [0x0000000080000000, 0x0000000100000000)
  region size 1024K, 3 young (3072K), 3 survivors (3072K)
 Metaspace       used 83578K, capacity 85860K, committed 86012K, reserved 1124352K
  class space    used 10740K, capacity 11515K, committed 11596K, reserved 1048576K
}
Event: 166.145 GC heap before
{Heap before GC invocations=59 (full 0):
 garbage-first heap   total 187392K, used 159717K [0x0000000080000000, 0x0000000100000000)
  region size 1024K, 20 young (20480K), 3 survivors (3072K)
 Metaspace       used 84808K, capacity 87168K, committed 87292K, reserved 1124352K
  class space    used 10913K, capacity 11730K, committed 11852K, reserved 1048576K
}
Event: 166.168 GC heap after
{Heap after GC invocations=60 (full 0):
 garbage-first heap   total 187392K, used 143486K [0x0000000080000000, 0x0000000100000000)
  region size 1024K, 3 young (3072K), 3 survivors (3072K)
 Metaspace       used 84808K, capacity 87168K, committed 87292K, reserved 1124352K
  class space    used 10913K, capacity 11730K, committed 11852K, reserved 1048576K
}
Event: 167.488 GC heap before
{Heap before GC invocations=60 (full 0):
 garbage-first heap   total 187392K, used 160894K [0x0000000080000000, 0x0000000100000000)
  region size 1024K, 20 young (20480K), 3 survivors (3072K)
 Metaspace       used 85905K, capacity 88303K, committed 88444K, reserved 1126400K
  class space    used 11062K, capacity 11871K, committed 11980K, reserved 1048576K
}
Event: 167.501 GC heap after
{Heap after GC invocations=61 (full 0):
 garbage-first heap   total 187392K, used 144305K [0x0000000080000000, 0x0000000100000000)
  region size 1024K, 2 young (2048K), 2 survivors (2048K)
 Metaspace       used 85905K, capacity 88303K, committed 88444K, reserved 1126400K
  class space    used 11062K, capacity 11871K, committed 11980K, reserved 1048576K
}
Event: 171.124 GC heap before
{Heap before GC invocations=62 (full 0):
 garbage-first heap   total 187392K, used 161713K [0x0000000080000000, 0x0000000100000000)
  region size 1024K, 19 young (19456K), 2 survivors (2048K)
 Metaspace       used 87101K, capacity 89527K, committed 89596K, reserved 1126400K
  class space    used 11216K, capacity 12039K, committed 12108K, reserved 1048576K
}
Event: 171.138 GC heap after
{Heap after GC invocations=63 (full 0):
 garbage-first heap   total 187392K, used 145792K [0x0000000080000000, 0x0000000100000000)
  region size 1024K, 3 young (3072K), 3 survivors (3072K)
 Metaspace       used 87101K, capacity 89527K, committed 89596K, reserved 1126400K
  class space    used 11216K, capacity 12039K, committed 12108K, reserved 1048576K
}

Deoptimization events (20 events):
Event: 171.040 Thread 0x000002b55169b000 DEOPT PACKING pc=0x000002b54075e590 sp=0x000000c3ce7f8410
Event: 171.040 Thread 0x000002b55169b000 DEOPT UNPACKING pc=0x000002b53892a1af sp=0x000000c3ce7f8390 mode 2
Event: 171.040 Thread 0x000002b55169b000 Uncommon trap: trap_request=0xffffff4d fr.pc=0x000002b54084ab18 relative=0x00000000000000f8
Event: 171.040 Thread 0x000002b55169b000 Uncommon trap: reason=unstable_if action=reinterpret pc=0x000002b54084ab18 method=org.objectweb.asm.Type.getOpcode(I)I @ 136 c2
Event: 171.040 Thread 0x000002b55169b000 DEOPT PACKING pc=0x000002b54084ab18 sp=0x000000c3ce7f86c0
Event: 171.040 Thread 0x000002b55169b000 DEOPT UNPACKING pc=0x000002b53892a1af sp=0x000000c3ce7f8650 mode 2
Event: 171.702 Thread 0x000002b55169b000 Uncommon trap: trap_request=0xffffff4d fr.pc=0x000002b54089901c relative=0x000000000000025c
Event: 171.702 Thread 0x000002b55169b000 Uncommon trap: reason=unstable_if action=reinterpret pc=0x000002b54089901c method=jdk.internal.org.objectweb.asm.Type.getType([CI)Ljdk/internal/org/objectweb/asm/Type; @ 3 c2
Event: 171.702 Thread 0x000002b55169b000 DEOPT PACKING pc=0x000002b54089901c sp=0x000000c3ce7f79a0
Event: 171.702 Thread 0x000002b55169b000 DEOPT UNPACKING pc=0x000002b53892a1af sp=0x000000c3ce7f7968 mode 2
Event: 171.821 Thread 0x000002b55169b000 DEOPT PACKING pc=0x000002b539dc7de7 sp=0x000000c3ce7f89d0
Event: 171.821 Thread 0x000002b55169b000 DEOPT UNPACKING pc=0x000002b53892a95e sp=0x000000c3ce7f7f18 mode 0
Event: 172.253 Thread 0x000002b55169b000 Uncommon trap: trap_request=0xffffff4d fr.pc=0x000002b5408e97b8 relative=0x00000000000001f8
Event: 172.253 Thread 0x000002b55169b000 Uncommon trap: reason=unstable_if action=reinterpret pc=0x000002b5408e97b8 method=org.gradle.internal.instantiation.generator.AbstractClassGenerator.isNameProperty(Lorg/gradle/internal/instantiation/generator/AbstractClassGenerator$PropertyMetadata;)Z @ 2
Event: 172.253 Thread 0x000002b55169b000 DEOPT PACKING pc=0x000002b5408e97b8 sp=0x000000c3ce7f8260
Event: 172.253 Thread 0x000002b55169b000 DEOPT UNPACKING pc=0x000002b53892a1af sp=0x000000c3ce7f81f0 mode 2
Event: 172.253 Thread 0x000002b55169b000 Uncommon trap: trap_request=0xffffff4d fr.pc=0x000002b54095d96c relative=0x000000000000022c
Event: 172.253 Thread 0x000002b55169b000 Uncommon trap: reason=unstable_if action=reinterpret pc=0x000002b54095d96c method=org.gradle.internal.instantiation.generator.AbstractClassGenerator.isNameProperty(Lorg/gradle/internal/instantiation/generator/AbstractClassGenerator$PropertyMetadata;)Z @ 2
Event: 172.253 Thread 0x000002b55169b000 DEOPT PACKING pc=0x000002b54095d96c sp=0x000000c3ce7f82a0
Event: 172.253 Thread 0x000002b55169b000 DEOPT UNPACKING pc=0x000002b53892a1af sp=0x000000c3ce7f8178 mode 2

Classes redefined (0 events):
No events

Internal exceptions (20 events):
Event: 160.177 Thread 0x000002b55169b000 Exception <a 'java/lang/NoSuchMethodError'{0x000000008b317368}: <clinit>> (0x000000008b317368) thrown at [./src/hotspot/share/prims/jni.cpp, line 1366]
Event: 161.811 Thread 0x000002b55169b000 Exception <a 'java/lang/NoSuchMethodError'{0x000000008b08e3d8}: <clinit>> (0x000000008b08e3d8) thrown at [./src/hotspot/share/prims/jni.cpp, line 1366]
Event: 161.815 Thread 0x000002b55169b000 Exception <a 'java/lang/NoSuchMethodError'{0x000000008b0cbe38}: <clinit>> (0x000000008b0cbe38) thrown at [./src/hotspot/share/prims/jni.cpp, line 1366]
Event: 161.816 Thread 0x000002b55169b000 Exception <a 'java/lang/NoSuchMethodError'{0x000000008b0d9360}: <clinit>> (0x000000008b0d9360) thrown at [./src/hotspot/share/prims/jni.cpp, line 1366]
Event: 161.818 Thread 0x000002b55169b000 Exception <a 'java/lang/NoSuchMethodError'{0x000000008b0e7368}: <clinit>> (0x000000008b0e7368) thrown at [./src/hotspot/share/prims/jni.cpp, line 1366]
Event: 161.905 Thread 0x000002b55169b000 Exception <a 'java/lang/ClassNotFoundException'{0x000000008ae28930}: org/jetbrains/plugins/gradle/tooling/util/JavaPluginUtilBeanInfo> (0x000000008ae28930) thrown at [./src/hotspot/share/classfile/systemDictionary.cpp, line 231]
Event: 161.906 Thread 0x000002b55169b000 Exception <a 'java/lang/ClassNotFoundException'{0x000000008ae39160}: org/jetbrains/plugins/gradle/tooling/util/JavaPluginUtilCustomizer> (0x000000008ae39160) thrown at [./src/hotspot/share/classfile/systemDictionary.cpp, line 231]
Event: 162.112 Thread 0x000002b55169b000 Exception <a 'java/lang/IncompatibleClassChangeError'{0x000000008ad06cd8}: Found class java.lang.Object, but interface was expected> (0x000000008ad06cd8) thrown at [./src/hotspot/share/interpreter/linkResolver.cpp, line 839]
Event: 162.546 Thread 0x000002b55169b000 Exception <a 'java/lang/ClassNotFoundException'{0x000000008aca6360}: org/gradle/api/internal/project/DefaultAntBuilderBeanInfo> (0x000000008aca6360) thrown at [./src/hotspot/share/classfile/systemDictionary.cpp, line 231]
Event: 162.547 Thread 0x000002b55169b000 Exception <a 'java/lang/ClassNotFoundException'{0x000000008acbddd8}: org/gradle/api/internal/project/ant/BasicAntBuilderBeanInfo> (0x000000008acbddd8) thrown at [./src/hotspot/share/classfile/systemDictionary.cpp, line 231]
Event: 162.548 Thread 0x000002b55169b000 Exception <a 'java/lang/ClassNotFoundException'{0x000000008acd07e0}: org/gradle/api/AntBuilderBeanInfo> (0x000000008acd07e0) thrown at [./src/hotspot/share/classfile/systemDictionary.cpp, line 231]
Event: 162.550 Thread 0x000002b55169b000 Exception <a 'java/lang/ClassNotFoundException'{0x000000008ab19de0}: groovy/util/AntBuilderBeanInfo> (0x000000008ab19de0) thrown at [./src/hotspot/share/classfile/systemDictionary.cpp, line 231]
Event: 162.553 Thread 0x000002b55169b000 Exception <a 'java/lang/ClassNotFoundException'{0x000000008ab63b08}: groovy/util/BuilderSupportBeanInfo> (0x000000008ab63b08) thrown at [./src/hotspot/share/classfile/systemDictionary.cpp, line 231]
Event: 162.555 Thread 0x000002b55169b000 Exception <a 'java/lang/ClassNotFoundException'{0x000000008abae090}: groovy/util/BuilderSupportCustomizer> (0x000000008abae090) thrown at [./src/hotspot/share/classfile/systemDictionary.cpp, line 231]
Event: 162.557 Thread 0x000002b55169b000 Exception <a 'java/lang/ClassNotFoundException'{0x000000008abfa520}: groovy/util/AntBuilderCustomizer> (0x000000008abfa520) thrown at [./src/hotspot/share/classfile/systemDictionary.cpp, line 231]
Event: 162.559 Thread 0x000002b55169b000 Exception <a 'java/lang/ClassNotFoundException'{0x000000008aa13208}: org/gradle/api/AntBuilderCustomizer> (0x000000008aa13208) thrown at [./src/hotspot/share/classfile/systemDictionary.cpp, line 231]
Event: 162.560 Thread 0x000002b55169b000 Exception <a 'java/lang/ClassNotFoundException'{0x000000008aa36038}: org/gradle/api/internal/project/ant/BasicAntBuilderCustomizer> (0x000000008aa36038) thrown at [./src/hotspot/share/classfile/systemDictionary.cpp, line 231]
Event: 162.562 Thread 0x000002b55169b000 Exception <a 'java/lang/ClassNotFoundException'{0x000000008aa60350}: org/gradle/api/internal/project/DefaultAntBuilderCustomizer> (0x000000008aa60350) thrown at [./src/hotspot/share/classfile/systemDictionary.cpp, line 231]
Event: 167.121 Thread 0x000002b55169b000 Implicit null exception at 0x000002b5409103f4 to 0x000002b54091821c
Event: 171.701 Thread 0x000002b55169b000 Exception <a 'java/lang/NoSuchMethodError'{0x000000008b224170}: 'int java.lang.invoke.DirectMethodHandle$Holder.invokeStatic(java.lang.Object, int, int, java.lang.Object)'> (0x000000008b224170) thrown at [./src/hotspot/share/interpreter/linkResolver.cpp, line 773]

Events (20 events):
Event: 172.566 loading class com/android/build/api/artifact/impl/ArtifactsImpl
Event: 172.566 loading class com/android/build/api/artifact/impl/ArtifactsImpl done
Event: 172.566 loading class com/android/build/api/artifact/impl/ArtifactsImpl
Event: 172.566 loading class com/android/build/api/artifact/impl/ArtifactsImpl done
Event: 172.567 loading class com/android/build/api/artifact/impl/ArtifactsImpl
Event: 172.567 loading class com/android/build/api/artifact/impl/ArtifactsImpl done
Event: 172.567 loading class com/android/build/api/artifact/impl/ArtifactsImpl
Event: 172.567 loading class com/android/build/api/artifact/impl/ArtifactsImpl done
Event: 172.569 loading class com/android/build/gradle/internal/ide/dependencies/ArtifactCollectionsInputsImpl
Event: 172.569 loading class com/android/build/gradle/internal/ide/dependencies/ArtifactCollectionsInputsImpl done
Event: 172.700 loading class com/android/build/gradle/internal/ide/dependencies/ArtifactCollectionsInputs$RuntimeType
Event: 172.700 loading class com/android/build/gradle/internal/ide/dependencies/ArtifactCollectionsInputs$RuntimeType done
Event: 172.752 loading class com/android/build/gradle/internal/ide/dependencies/BuildMappingUtils
Event: 172.752 loading class com/android/build/gradle/internal/ide/dependencies/BuildMappingUtils done
Event: 172.814 loading class com/android/build/gradle/internal/ide/dependencies/ArtifactCollections
Event: 172.814 loading class com/android/build/gradle/internal/ide/dependencies/ArtifactCollections done
Event: 172.902 loading class com/android/build/gradle/internal/ide/dependencies/Level1RuntimeArtifactCollections
Event: 172.902 loading class com/android/build/gradle/internal/ide/dependencies/Level1RuntimeArtifactCollections done
Event: 172.927 loading class com/android/tools/lint/model/LintModelJavaArtifact
Event: 172.927 loading class com/android/tools/lint/model/LintModelJavaArtifact done


Dynamic libraries:
0x00007ff61c8b0000 - 0x00007ff61c8ba000 	D:\Android\jre\bin\java.exe
0x00007ff8ecbb0000 - 0x00007ff8ecdc4000 	C:\WINDOWS\SYSTEM32\ntdll.dll
0x00007ff8ec1e0000 - 0x00007ff8ec2a3000 	C:\WINDOWS\System32\KERNEL32.DLL
0x00007ff8ea3f0000 - 0x00007ff8ea78d000 	C:\WINDOWS\System32\KERNELBASE.dll
0x00007ff8e9fd0000 - 0x00007ff8ea0e1000 	C:\WINDOWS\System32\ucrtbase.dll
0x00007ff8e53c0000 - 0x00007ff8e53d7000 	D:\Android\jre\bin\VCRUNTIME140.dll
0x00007ff8e52e0000 - 0x00007ff8e52f9000 	D:\Android\jre\bin\jli.dll
0x00007ff8ebf90000 - 0x00007ff8ec13d000 	C:\WINDOWS\System32\USER32.dll
0x00007ff8ea8b0000 - 0x00007ff8ea8d6000 	C:\WINDOWS\System32\win32u.dll
0x00007ff8eb210000 - 0x00007ff8eb239000 	C:\WINDOWS\System32\GDI32.dll
0x00007ff8ea790000 - 0x00007ff8ea8a2000 	C:\WINDOWS\System32\gdi32full.dll
0x00007ff8ea350000 - 0x00007ff8ea3ea000 	C:\WINDOWS\System32\msvcp_win.dll
0x00007ff8d49a0000 - 0x00007ff8d4c2e000 	C:\WINDOWS\WinSxS\amd64_microsoft.windows.common-controls_6595b64144ccf1df_6.0.22621.608_none_a9444ca7c10bb01d\COMCTL32.dll
0x00007ff8eb240000 - 0x00007ff8eb2e7000 	C:\WINDOWS\System32\msvcrt.dll
0x00007ff8ec140000 - 0x00007ff8ec172000 	C:\WINDOWS\System32\IMM32.DLL
0x00007ff8cfff0000 - 0x00007ff8d008d000 	D:\Android\jre\bin\msvcp140.dll
0x00007ff8a5660000 - 0x00007ff8a6162000 	D:\Android\jre\bin\server\jvm.dll
0x00007ff8ebee0000 - 0x00007ff8ebf8e000 	C:\WINDOWS\System32\ADVAPI32.dll
0x00007ff8eba40000 - 0x00007ff8ebae4000 	C:\WINDOWS\System32\sechost.dll
0x00007ff8ebaf0000 - 0x00007ff8ebc05000 	C:\WINDOWS\System32\RPCRT4.dll
0x00007ff8eba30000 - 0x00007ff8eba38000 	C:\WINDOWS\System32\PSAPI.DLL
0x00007ff8e2980000 - 0x00007ff8e29b4000 	C:\WINDOWS\SYSTEM32\WINMM.dll
0x00007ff8e4650000 - 0x00007ff8e4659000 	C:\WINDOWS\SYSTEM32\WSOCK32.dll
0x00007ff8e2650000 - 0x00007ff8e265a000 	C:\WINDOWS\SYSTEM32\VERSION.dll
0x00007ff8ebe60000 - 0x00007ff8ebed1000 	C:\WINDOWS\System32\WS2_32.dll
0x00007ff8e9020000 - 0x00007ff8e9038000 	C:\WINDOWS\SYSTEM32\kernel.appcore.dll
0x00007ff8e43d0000 - 0x00007ff8e43e1000 	D:\Android\jre\bin\verify.dll
0x00007ff8e7980000 - 0x00007ff8e7bae000 	C:\WINDOWS\SYSTEM32\DBGHELP.DLL
0x00007ff8eb680000 - 0x00007ff8eba0a000 	C:\WINDOWS\System32\combase.dll
0x00007ff8eb5a0000 - 0x00007ff8eb677000 	C:\WINDOWS\System32\OLEAUT32.dll
0x00007ff8d23a0000 - 0x00007ff8d23d2000 	C:\WINDOWS\SYSTEM32\dbgcore.DLL
0x00007ff8ea160000 - 0x00007ff8ea1db000 	C:\WINDOWS\System32\bcryptPrimitives.dll
0x00007ff8e42e0000 - 0x00007ff8e4309000 	D:\Android\jre\bin\java.dll
0x00007ff8e4640000 - 0x00007ff8e464b000 	D:\Android\jre\bin\jimage.dll
0x00007ff8d8610000 - 0x00007ff8d8628000 	D:\Android\jre\bin\zip.dll
0x00007ff8eaa20000 - 0x00007ff8eb20f000 	C:\WINDOWS\System32\SHELL32.dll
0x00007ff8e7ff0000 - 0x00007ff8e88b8000 	C:\WINDOWS\SYSTEM32\windows.storage.dll
0x00007ff8e7eb0000 - 0x00007ff8e7fee000 	C:\WINDOWS\SYSTEM32\wintypes.dll
0x00007ff8eb4a0000 - 0x00007ff8eb591000 	C:\WINDOWS\System32\SHCORE.dll
0x00007ff8eca80000 - 0x00007ff8ecade000 	C:\WINDOWS\System32\shlwapi.dll
0x00007ff8e9f00000 - 0x00007ff8e9f21000 	C:\WINDOWS\SYSTEM32\profapi.dll
0x00007ff8d8490000 - 0x00007ff8d84aa000 	D:\Android\jre\bin\net.dll
0x00007ff8e27a0000 - 0x00007ff8e28cf000 	C:\WINDOWS\SYSTEM32\WINHTTP.dll
0x00007ff8e9490000 - 0x00007ff8e94f9000 	C:\WINDOWS\system32\mswsock.dll
0x00007ff8d76e0000 - 0x00007ff8d76f4000 	D:\Android\jre\bin\nio.dll
0x00007ff8d7070000 - 0x00007ff8d7097000 	C:\Users\nguye\.gradle\native\e1d6ef7f7dcc3fd88c89a11ec53ec762bb8ba0a96d01ffa2cd45eb1d1d8dd5c5\windows-amd64\native-platform.dll
0x00007ff8c1c60000 - 0x00007ff8c1da4000 	C:\Users\nguye\.gradle\native\0d407fdbe67a94daf76414ababcb853783967236a71b16ec16e742cd7a986fd3\windows-amd64\native-platform-file-events.dll
0x00007ff8e4380000 - 0x00007ff8e438a000 	D:\Android\jre\bin\management.dll
0x00007ff8e42d0000 - 0x00007ff8e42dd000 	D:\Android\jre\bin\management_ext.dll
0x00007ff8e96e0000 - 0x00007ff8e96fb000 	C:\WINDOWS\SYSTEM32\CRYPTSP.dll
0x00007ff8e8f90000 - 0x00007ff8e8fc5000 	C:\WINDOWS\system32\rsaenh.dll
0x00007ff8e9580000 - 0x00007ff8e95a8000 	C:\WINDOWS\SYSTEM32\USERENV.dll
0x00007ff8e98a0000 - 0x00007ff8e98c8000 	C:\WINDOWS\SYSTEM32\bcrypt.dll
0x00007ff8e9700000 - 0x00007ff8e970c000 	C:\WINDOWS\SYSTEM32\CRYPTBASE.dll
0x00007ff8e8b50000 - 0x00007ff8e8b7d000 	C:\WINDOWS\SYSTEM32\IPHLPAPI.DLL
0x00007ff8ebd40000 - 0x00007ff8ebd49000 	C:\WINDOWS\System32\NSI.dll
0x00007ff8e2630000 - 0x00007ff8e2649000 	C:\WINDOWS\SYSTEM32\dhcpcsvc6.DLL
0x00007ff8e2730000 - 0x00007ff8e274f000 	C:\WINDOWS\SYSTEM32\dhcpcsvc.DLL
0x00007ff8e8b80000 - 0x00007ff8e8c72000 	C:\WINDOWS\SYSTEM32\DNSAPI.dll

dbghelp: loaded successfully - version: 4.0.5 - missing functions: none
symbol engine: initialized successfully - sym options: 0x614 - pdb path: .;D:\Android\jre\bin;C:\WINDOWS\SYSTEM32;C:\WINDOWS\WinSxS\amd64_microsoft.windows.common-controls_6595b64144ccf1df_6.0.22621.608_none_a9444ca7c10bb01d;D:\Android\jre\bin\server;C:\Users\nguye\.gradle\native\e1d6ef7f7dcc3fd88c89a11ec53ec762bb8ba0a96d01ffa2cd45eb1d1d8dd5c5\windows-amd64;C:\Users\nguye\.gradle\native\0d407fdbe67a94daf76414ababcb853783967236a71b16ec16e742cd7a986fd3\windows-amd64

VM Arguments:
jvm_args: --add-opens=java.base/java.util=ALL-UNNAMED --add-opens=java.base/java.lang=ALL-UNNAMED --add-opens=java.base/java.lang.invoke=ALL-UNNAMED --add-opens=java.base/java.util=ALL-UNNAMED --add-opens=java.prefs/java.util.prefs=ALL-UNNAMED --add-opens=java.prefs/java.util.prefs=ALL-UNNAMED --add-opens=java.base/java.nio.charset=ALL-UNNAMED --add-opens=java.base/java.net=ALL-UNNAMED --add-opens=java.base/java.util.concurrent.atomic=ALL-UNNAMED -Xmx2048m -Dfile.encoding=UTF-8 -Duser.country=VN -Duser.language=vi -Duser.variant 
java_command: org.gradle.launcher.daemon.bootstrap.GradleDaemon 7.4
java_class_path (initial): C:\Users\nguye\.gradle\wrapper\dists\gradle-7.4-bin\c0gwcg53nkjbqw7r0h0umtfvt\gradle-7.4\lib\gradle-launcher-7.4.jar
Launcher Type: SUN_STANDARD

[Global flags]
     intx CICompilerCount                          = 3                                         {product} {ergonomic}
     uint ConcGCThreads                            = 1                                         {product} {ergonomic}
     uint G1ConcRefinementThreads                  = 4                                         {product} {ergonomic}
   size_t G1HeapRegionSize                         = 1048576                                   {product} {ergonomic}
    uintx GCDrainStackTargetSize                   = 64                                        {product} {ergonomic}
   size_t InitialHeapSize                          = 132120576                                 {product} {ergonomic}
   size_t MarkStackSize                            = 4194304                                   {product} {ergonomic}
   size_t MaxHeapSize                              = 2147483648                                {product} {command line}
   size_t MaxNewSize                               = 1287651328                                {product} {ergonomic}
   size_t MinHeapDeltaBytes                        = 1048576                                   {product} {ergonomic}
    uintx NonNMethodCodeHeapSize                   = 5830732                                {pd product} {ergonomic}
    uintx NonProfiledCodeHeapSize                  = 122913754                              {pd product} {ergonomic}
    uintx ProfiledCodeHeapSize                     = 122913754                              {pd product} {ergonomic}
    uintx ReservedCodeCacheSize                    = 251658240                              {pd product} {ergonomic}
     bool SegmentedCodeCache                       = true                                      {product} {ergonomic}
     bool UseCompressedClassPointers               = true                                 {lp64_product} {ergonomic}
     bool UseCompressedOops                        = true                                 {lp64_product} {ergonomic}
     bool UseG1GC                                  = true                                      {product} {ergonomic}
     bool UseLargePagesIndividualAllocation        = false                                  {pd product} {ergonomic}

Logging:
Log output configuration:
 #0: stdout all=warning uptime,level,tags
 #1: stderr all=off uptime,level,tags

Environment Variables:
PATH=C:\Program Files\Common Files\Oracle\Java\javapath;C:\Program Files (x86)\VMware\VMware Workstation\bin\;C:\WINDOWS\system32;C:\WINDOWS;C:\WINDOWS\System32\Wbem;C:\WINDOWS\System32\WindowsPowerShell\v1.0\;C:\WINDOWS\System32\OpenSSH\;C:\Program Files (x86)\Microsoft SQL Server\100\Tools\Binn\;C:\Program Files\Microsoft SQL Server\100\Tools\Binn\;C:\Program Files\Microsoft SQL Server\100\DTS\Binn\;C:\Program Files\PuTTY\;C:\MinGW\bin;C:\Program Files\dotnet\;C:\Program Files\Git\cmd;C:\Users\nguye\AppData\Local\Programs\Python\Python38\Scripts\;C:\Users\nguye\AppData\Local\Programs\Python\Python38\;C:\Users\nguye\AppData\Local\Microsoft\WindowsApps;;C:\Microsoft VS Code\bin;C:\intelFPGA_lite\18.1\modelsim_ase\win32aloem;C:\intelFPGA_lite\18.1\modelsim_ae\win32aloem;C:\intelFPGA\18.1\modelsim_ase\win32aloem;C:\Users\nguye\.dotnet\tools
USERNAME=nguye
OS=Windows_NT
PROCESSOR_IDENTIFIER=Intel64 Family 6 Model 142 Stepping 12, GenuineIntel



---------------  S Y S T E M  ---------------

OS: Windows 11 , 64 bit Build 22621 (10.0.22621.1105)
OS uptime: 0 days 15:12 hours

CPU:total 4 (initial active 4) (2 cores per cpu, 2 threads per core) family 6 model 142 stepping 12 microcode 0xde, cmov, cx8, fxsr, mmx, sse, sse2, sse3, ssse3, sse4.1, sse4.2, popcnt, avx, avx2, aes, clmul, erms, 3dnowpref, lzcnt, ht, tsc, tscinvbit, bmi1, bmi2, adx, fma

Memory: 4k page, system-wide physical 8044M (354M free)
TotalPageFile size 32620M (AvailPageFile size 8M)
current process WorkingSet (physical memory assigned to process): 391M, peak: 404M
current process commit charge ("private bytes"): 448M, peak: 459M

vm_info: OpenJDK 64-Bit Server VM (11.0.13+0-b1751.21-8125866) for windows-amd64 JRE (11.0.13+0-b1751.21-8125866), built on Feb  2 2022 03:00:22 by "builder" with MS VC++ 14.0 (VS2015)

END.
