#
# There is insufficient memory for the Java Runtime Environment to continue.
# Native memory allocation (malloc) failed to allocate 1760656 bytes for Chunk::new
# Possible reasons:
#   The system is out of physical RAM or swap space
#   The process is running with CompressedOops enabled, and the Java Heap may be blocking the growth of the native heap
# Possible solutions:
#   Reduce memory load on the system
#   Increase physical memory or swap space
#   Check if swap backing store is full
#   Decrease Java heap size (-Xmx/-Xms)
#   Decrease number of Java threads
#   Decrease Java thread stack sizes (-Xss)
#   Set larger code cache with -XX:ReservedCodeCacheSize=
#   JVM is running with Unscaled Compressed Oops mode in which the Java heap is
#     placed in the first 4GB address space. The Java Heap base address is the
#     maximum limit for the native heap growth. Please use -XX:HeapBaseMinAddress
#     to set the Java Heap base and to place the Java Heap above 4GB virtual address.
# This output file may be truncated or incomplete.
#
#  Out of Memory Error (./src/hotspot/share/memory/arena.cpp:197), pid=11472, tid=3816
#
# JRE version: OpenJDK Runtime Environment (11.0.13) (build 11.0.13+0-b1751.21-8125866)
# Java VM: OpenJDK 64-Bit Server VM (11.0.13+0-b1751.21-8125866, mixed mode, tiered, compressed oops, g1 gc, windows-amd64)
# No core dump will be written. Minidumps are not enabled by default on client versions of Windows
#

---------------  S U M M A R Y ------------

Command Line: --add-opens=java.base/java.util=ALL-UNNAMED --add-opens=java.base/java.lang=ALL-UNNAMED --add-opens=java.base/java.lang.invoke=ALL-UNNAMED --add-opens=java.base/java.util=ALL-UNNAMED --add-opens=java.prefs/java.util.prefs=ALL-UNNAMED --add-opens=java.prefs/java.util.prefs=ALL-UNNAMED --add-opens=java.base/java.nio.charset=ALL-UNNAMED --add-opens=java.base/java.net=ALL-UNNAMED --add-opens=java.base/java.util.concurrent.atomic=ALL-UNNAMED -Xmx2048m -Dfile.encoding=UTF-8 -Duser.country=VN -Duser.language=vi -Duser.variant org.gradle.launcher.daemon.bootstrap.GradleDaemon 7.4

Host: Intel(R) Core(TM) i3-8145U CPU @ 2.10GHz, 4 cores, 7G,  Windows 11 , 64 bit Build 22621 (10.0.22621.1105)
Time: Thu Mar  2 10:04:54 2023 SE Asia Standard Time elapsed time: 114.642278 seconds (0d 0h 1m 54s)

---------------  T H R E A D  ---------------

Current thread (0x0000017c7d485800):  JavaThread "C2 CompilerThread0" daemon [_thread_in_native, id=3816, stack(0x0000000919400000,0x0000000919500000)]


Current CompileTask:
C2: 114642 9141       4       javax.management.ObjectName::construct (1135 bytes)

Stack: [0x0000000919400000,0x0000000919500000]
Native frames: (J=compiled Java code, j=interpreted, Vv=VM code, C=native code)
V  [jvm.dll+0x6100fa]
V  [jvm.dll+0x747090]
V  [jvm.dll+0x7486ad]
V  [jvm.dll+0x748d83]
V  [jvm.dll+0x24ab48]
V  [jvm.dll+0xc04dc]
V  [jvm.dll+0xc0a0c]
V  [jvm.dll+0x35eb5b]
V  [jvm.dll+0x19d9bc]
V  [jvm.dll+0x2033be]
V  [jvm.dll+0x202437]
V  [jvm.dll+0x188e01]
V  [jvm.dll+0x21106b]
V  [jvm.dll+0x20f8c1]
V  [jvm.dll+0x70de0f]
V  [jvm.dll+0x706a75]
V  [jvm.dll+0x60ed66]
C  [ucrtbase.dll+0x29363]
C  [KERNEL32.DLL+0x126bd]
C  [ntdll.dll+0x5dfb8]


---------------  P R O C E S S  ---------------

Threads class SMR info:
_java_thread_list=0x0000017c01913370, length=81, elements={
0x0000017c61909800, 0x0000017c7d45d000, 0x0000017c7d468000, 0x0000017c7d47c800,
0x0000017c7d47d800, 0x0000017c7d482000, 0x0000017c7d485800, 0x0000017c7d48a800,
0x0000017c7d48c800, 0x0000017c7df38000, 0x0000017c7e760000, 0x0000017c7ed47000,
0x0000017c7e109000, 0x0000017c7edf3000, 0x0000017c7edf4000, 0x0000017c7e807800,
0x0000017c7e808000, 0x0000017c7e731800, 0x0000017c00003800, 0x0000017c00002800,
0x0000017c00005000, 0x0000017c00004800, 0x0000017c00006000, 0x0000017c00001000,
0x0000017c00002000, 0x0000017c00000800, 0x0000017c00007000, 0x0000017c01089800,
0x0000017c0108f800, 0x0000017c0108e800, 0x0000017c0108b800, 0x0000017c0108d000,
0x0000017c0108c000, 0x0000017c0108e000, 0x0000017c0108a800, 0x0000017c01092800,
0x0000017c01093800, 0x0000017c01094800, 0x0000017c01095000, 0x0000017c01096000,
0x0000017c01097000, 0x0000017c01091000, 0x0000017c01097800, 0x0000017c01092000,
0x0000017c01098800, 0x0000017c04b42000, 0x0000017c04b43000, 0x0000017c04b46000,
0x0000017c04b43800, 0x0000017c04b44800, 0x0000017c04b45800, 0x0000017c04b40800,
0x0000017c04b47000, 0x0000017c04b41000, 0x0000017c04b4a000, 0x0000017c04b48000,
0x0000017c04b4d800, 0x0000017c04b4e800, 0x0000017c04b48800, 0x0000017c04b4f000,
0x0000017c04b49800, 0x0000017c04b4b000, 0x0000017c04b4c000, 0x0000017c04b4c800,
0x0000017c0022e800, 0x0000017c00230000, 0x0000017c0022c000, 0x0000017c0022c800,
0x0000017c0022d800, 0x0000017c0022f000, 0x0000017c0022a800, 0x0000017c00231000,
0x0000017c0022b000, 0x0000017c00234000, 0x0000017c00236800, 0x0000017c00233000,
0x0000017c00231800, 0x0000017c00235000, 0x0000017c00238000, 0x0000017c00239000,
0x0000017c7f6c7800
}

Java Threads: ( => current thread )
  0x0000017c61909800 JavaThread "main" [_thread_blocked, id=3276, stack(0x0000000918800000,0x0000000918900000)]
  0x0000017c7d45d000 JavaThread "Reference Handler" daemon [_thread_blocked, id=5456, stack(0x0000000918f00000,0x0000000919000000)]
  0x0000017c7d468000 JavaThread "Finalizer" daemon [_thread_blocked, id=3336, stack(0x0000000919000000,0x0000000919100000)]
  0x0000017c7d47c800 JavaThread "Signal Dispatcher" daemon [_thread_blocked, id=9108, stack(0x0000000919100000,0x0000000919200000)]
  0x0000017c7d47d800 JavaThread "Attach Listener" daemon [_thread_blocked, id=19464, stack(0x0000000919200000,0x0000000919300000)]
  0x0000017c7d482000 JavaThread "Service Thread" daemon [_thread_blocked, id=8000, stack(0x0000000919300000,0x0000000919400000)]
=>0x0000017c7d485800 JavaThread "C2 CompilerThread0" daemon [_thread_in_native, id=3816, stack(0x0000000919400000,0x0000000919500000)]
  0x0000017c7d48a800 JavaThread "C1 CompilerThread0" daemon [_thread_blocked, id=12976, stack(0x0000000919500000,0x0000000919600000)]
  0x0000017c7d48c800 JavaThread "Sweeper thread" daemon [_thread_blocked, id=21960, stack(0x0000000919600000,0x0000000919700000)]
  0x0000017c7df38000 JavaThread "Common-Cleaner" daemon [_thread_blocked, id=4980, stack(0x0000000919700000,0x0000000919800000)]
  0x0000017c7e760000 JavaThread "Daemon health stats" [_thread_blocked, id=23692, stack(0x0000000919b00000,0x0000000919c00000)]
  0x0000017c7ed47000 JavaThread "Incoming local TCP Connector on port 22581" [_thread_in_native, id=24172, stack(0x0000000919d00000,0x0000000919e00000)]
  0x0000017c7e109000 JavaThread "Daemon periodic checks" [_thread_blocked, id=24164, stack(0x0000000919e00000,0x0000000919f00000)]
  0x0000017c7edf3000 JavaThread "Daemon" [_thread_blocked, id=24152, stack(0x0000000919f00000,0x000000091a000000)]
  0x0000017c7edf4000 JavaThread "Handler for socket connection from /127.0.0.1:22581 to /127.0.0.1:22582" [_thread_in_native, id=24168, stack(0x000000091a000000,0x000000091a100000)]
  0x0000017c7e807800 JavaThread "Cancel handler" [_thread_blocked, id=24160, stack(0x000000091a100000,0x000000091a200000)]
  0x0000017c7e808000 JavaThread "Daemon worker" [_thread_in_Java, id=24136, stack(0x000000091a200000,0x000000091a300000)]
  0x0000017c7e731800 JavaThread "Asynchronous log dispatcher for DefaultDaemonConnection: socket connection from /127.0.0.1:22581 to /127.0.0.1:22582" [_thread_blocked, id=17096, stack(0x000000091a300000,0x000000091a400000)]
  0x0000017c00003800 JavaThread "Daemon client event forwarder" [_thread_blocked, id=8012, stack(0x000000091a500000,0x000000091a600000)]
  0x0000017c00002800 JavaThread "Cache worker for journal cache (C:\Users\nguye\.gradle\caches\journal-1)" [_thread_blocked, id=2848, stack(0x000000091a600000,0x000000091a700000)]
  0x0000017c00005000 JavaThread "File lock request listener" [_thread_in_native, id=19584, stack(0x000000091a700000,0x000000091a800000)]
  0x0000017c00004800 JavaThread "Cache worker for file hash cache (C:\Users\nguye\.gradle\caches\7.4\fileHashes)" [_thread_blocked, id=22776, stack(0x000000091a800000,0x000000091a900000)]
  0x0000017c00006000 JavaThread "File watcher server" daemon [_thread_in_native, id=7536, stack(0x000000091a900000,0x000000091aa00000)]
  0x0000017c00001000 JavaThread "File watcher consumer" daemon [_thread_blocked, id=22784, stack(0x000000091aa00000,0x000000091ab00000)]
  0x0000017c00002000 JavaThread "jar transforms" [_thread_blocked, id=24188, stack(0x000000091ab00000,0x000000091ac00000)]
  0x0000017c00000800 JavaThread "jar transforms Thread 2" [_thread_blocked, id=12984, stack(0x000000091ac00000,0x000000091ad00000)]
  0x0000017c00007000 JavaThread "jar transforms Thread 3" [_thread_blocked, id=20212, stack(0x000000091ad00000,0x000000091ae00000)]
  0x0000017c01089800 JavaThread "jar transforms Thread 4" [_thread_blocked, id=23172, stack(0x000000091ae00000,0x000000091af00000)]
  0x0000017c0108f800 JavaThread "Cache worker for checksums cache (D:\Seminar\My Travel\.gradle\7.4\checksums)" [_thread_blocked, id=23408, stack(0x000000091af00000,0x000000091b000000)]
  0x0000017c0108e800 JavaThread "Cache worker for cache directory md-rule (C:\Users\nguye\.gradle\caches\7.4\md-rule)" [_thread_blocked, id=23800, stack(0x000000091b000000,0x000000091b100000)]
  0x0000017c0108b800 JavaThread "Cache worker for file hash cache (D:\Seminar\My Travel\.gradle\7.4\fileHashes)" [_thread_blocked, id=6608, stack(0x000000091b100000,0x000000091b200000)]
  0x0000017c0108d000 JavaThread "Cache worker for cache directory md-supplier (C:\Users\nguye\.gradle\caches\7.4\md-supplier)" [_thread_blocked, id=23824, stack(0x000000091b200000,0x000000091b300000)]
  0x0000017c0108c000 JavaThread "Cache worker for execution history cache (C:\Users\nguye\.gradle\caches\7.4\executionHistory)" [_thread_blocked, id=23816, stack(0x000000091b300000,0x000000091b400000)]
  0x0000017c0108e000 JavaThread "Cache worker for file content cache (C:\Users\nguye\.gradle\caches\7.4\fileContent)" [_thread_blocked, id=23888, stack(0x000000091b400000,0x000000091b500000)]
  0x0000017c0108a800 JavaThread "Cache worker for dependencies-accessors (D:\Seminar\My Travel\.gradle\7.4\dependencies-accessors)" [_thread_blocked, id=23952, stack(0x0000000918500000,0x0000000918600000)]
  0x0000017c01092800 JavaThread "Cache worker for Build Output Cleanup Cache (D:\Seminar\My Travel\.gradle\buildOutputCleanup)" [_thread_blocked, id=23964, stack(0x0000000918600000,0x0000000918700000)]
  0x0000017c01093800 JavaThread "Unconstrained build operations" [_thread_blocked, id=23992, stack(0x0000000918700000,0x0000000918800000)]
  0x0000017c01094800 JavaThread "Unconstrained build operations Thread 2" [_thread_blocked, id=24004, stack(0x000000091b700000,0x000000091b800000)]
  0x0000017c01095000 JavaThread "Unconstrained build operations Thread 3" [_thread_blocked, id=23996, stack(0x000000091b800000,0x000000091b900000)]
  0x0000017c01096000 JavaThread "Unconstrained build operations Thread 4" [_thread_blocked, id=23976, stack(0x000000091b900000,0x000000091ba00000)]
  0x0000017c01097000 JavaThread "Unconstrained build operations Thread 5" [_thread_blocked, id=24012, stack(0x000000091ba00000,0x000000091bb00000)]
  0x0000017c01091000 JavaThread "Unconstrained build operations Thread 6" [_thread_blocked, id=24040, stack(0x000000091bb00000,0x000000091bc00000)]
  0x0000017c01097800 JavaThread "Unconstrained build operations Thread 7" [_thread_blocked, id=24032, stack(0x000000091bc00000,0x000000091bd00000)]
  0x0000017c01092000 JavaThread "Unconstrained build operations Thread 8" [_thread_blocked, id=22224, stack(0x000000091bd00000,0x000000091be00000)]
  0x0000017c01098800 JavaThread "Unconstrained build operations Thread 9" [_thread_blocked, id=5280, stack(0x000000091be00000,0x000000091bf00000)]
  0x0000017c04b42000 JavaThread "Unconstrained build operations Thread 10" [_thread_blocked, id=23972, stack(0x000000091bf00000,0x000000091c000000)]
  0x0000017c04b43000 JavaThread "Unconstrained build operations Thread 11" [_thread_blocked, id=24224, stack(0x000000091c000000,0x000000091c100000)]
  0x0000017c04b46000 JavaThread "Unconstrained build operations Thread 12" [_thread_blocked, id=22828, stack(0x000000091c100000,0x000000091c200000)]
  0x0000017c04b43800 JavaThread "Unconstrained build operations Thread 13" [_thread_blocked, id=12672, stack(0x000000091c200000,0x000000091c300000)]
  0x0000017c04b44800 JavaThread "Unconstrained build operations Thread 14" [_thread_blocked, id=18496, stack(0x000000091c300000,0x000000091c400000)]
  0x0000017c04b45800 JavaThread "Unconstrained build operations Thread 15" [_thread_blocked, id=13428, stack(0x000000091c400000,0x000000091c500000)]
  0x0000017c04b40800 JavaThread "Unconstrained build operations Thread 16" [_thread_blocked, id=16184, stack(0x000000091c500000,0x000000091c600000)]
  0x0000017c04b47000 JavaThread "Unconstrained build operations Thread 17" [_thread_blocked, id=10416, stack(0x000000091c600000,0x000000091c700000)]
  0x0000017c04b41000 JavaThread "Unconstrained build operations Thread 18" [_thread_blocked, id=24240, stack(0x000000091c700000,0x000000091c800000)]
  0x0000017c04b4a000 JavaThread "Unconstrained build operations Thread 19" [_thread_blocked, id=23164, stack(0x000000091c800000,0x000000091c900000)]
  0x0000017c04b48000 JavaThread "Unconstrained build operations Thread 20" [_thread_blocked, id=23812, stack(0x000000091c900000,0x000000091ca00000)]
  0x0000017c04b4d800 JavaThread "Unconstrained build operations Thread 21" [_thread_blocked, id=23752, stack(0x000000091ca00000,0x000000091cb00000)]
  0x0000017c04b4e800 JavaThread "Unconstrained build operations Thread 22" [_thread_blocked, id=14548, stack(0x000000091cb00000,0x000000091cc00000)]
  0x0000017c04b48800 JavaThread "Unconstrained build operations Thread 23" [_thread_blocked, id=15372, stack(0x000000091cc00000,0x000000091cd00000)]
  0x0000017c04b4f000 JavaThread "Unconstrained build operations Thread 24" [_thread_blocked, id=17920, stack(0x000000091cd00000,0x000000091ce00000)]
  0x0000017c04b49800 JavaThread "Unconstrained build operations Thread 25" [_thread_blocked, id=17520, stack(0x000000091ce00000,0x000000091cf00000)]
  0x0000017c04b4b000 JavaThread "Unconstrained build operations Thread 26" [_thread_blocked, id=18796, stack(0x000000091cf00000,0x000000091d000000)]
  0x0000017c04b4c000 JavaThread "Unconstrained build operations Thread 27" [_thread_blocked, id=5888, stack(0x000000091d000000,0x000000091d100000)]
  0x0000017c04b4c800 JavaThread "Unconstrained build operations Thread 28" [_thread_blocked, id=20972, stack(0x000000091d100000,0x000000091d200000)]
  0x0000017c0022e800 JavaThread "Unconstrained build operations Thread 29" [_thread_blocked, id=22920, stack(0x000000091d200000,0x000000091d300000)]
  0x0000017c00230000 JavaThread "Unconstrained build operations Thread 30" [_thread_blocked, id=16664, stack(0x000000091d300000,0x000000091d400000)]
  0x0000017c0022c000 JavaThread "Unconstrained build operations Thread 31" [_thread_blocked, id=22404, stack(0x000000091d400000,0x000000091d500000)]
  0x0000017c0022c800 JavaThread "Unconstrained build operations Thread 32" [_thread_blocked, id=22600, stack(0x000000091d500000,0x000000091d600000)]
  0x0000017c0022d800 JavaThread "Unconstrained build operations Thread 33" [_thread_blocked, id=17860, stack(0x000000091d600000,0x000000091d700000)]
  0x0000017c0022f000 JavaThread "Unconstrained build operations Thread 34" [_thread_blocked, id=18836, stack(0x000000091d700000,0x000000091d800000)]
  0x0000017c0022a800 JavaThread "Unconstrained build operations Thread 35" [_thread_blocked, id=11916, stack(0x000000091d800000,0x000000091d900000)]
  0x0000017c00231000 JavaThread "Unconstrained build operations Thread 36" [_thread_blocked, id=752, stack(0x000000091d900000,0x000000091da00000)]
  0x0000017c0022b000 JavaThread "Unconstrained build operations Thread 37" [_thread_blocked, id=5492, stack(0x000000091da00000,0x000000091db00000)]
  0x0000017c00234000 JavaThread "Unconstrained build operations Thread 38" [_thread_blocked, id=14836, stack(0x000000091db00000,0x000000091dc00000)]
  0x0000017c00236800 JavaThread "Unconstrained build operations Thread 39" [_thread_blocked, id=9904, stack(0x000000091dc00000,0x000000091dd00000)]
  0x0000017c00233000 JavaThread "Unconstrained build operations Thread 40" [_thread_blocked, id=23708, stack(0x000000091dd00000,0x000000091de00000)]
  0x0000017c00231800 JavaThread "Memory manager" [_thread_blocked, id=23544, stack(0x000000091df00000,0x000000091e000000)]
  0x0000017c00235000 JavaThread "pool-3-thread-1" [_thread_blocked, id=22924, stack(0x000000091de00000,0x000000091df00000)]
  0x0000017c00238000 JavaThread "included builds" [_thread_blocked, id=19128, stack(0x000000091a400000,0x000000091a500000)]
  0x0000017c00239000 JavaThread "Cache worker for execution history cache (D:\Seminar\My Travel\.gradle\7.4\executionHistory)" [_thread_blocked, id=21084, stack(0x000000091e300000,0x000000091e400000)]
  0x0000017c7f6c7800 JavaThread "C2 CompilerThread1" daemon [_thread_blocked, id=24216, stack(0x000000091e000000,0x000000091e100000)]

Other Threads:
  0x0000017c7d458800 VMThread "VM Thread" [stack: 0x0000000918e00000,0x0000000918f00000] [id=2056]
  0x0000017c7df5a000 WatcherThread [stack: 0x0000000919800000,0x0000000919900000] [id=3388]
  0x0000017c61922000 GCTaskThread "GC Thread#0" [stack: 0x0000000918900000,0x0000000918a00000] [id=20016]
  0x0000017c7e54b000 GCTaskThread "GC Thread#1" [stack: 0x0000000919900000,0x0000000919a00000] [id=9704]
  0x0000017c7e9f9000 GCTaskThread "GC Thread#2" [stack: 0x0000000919a00000,0x0000000919b00000] [id=6700]
  0x0000017c7e0d9800 GCTaskThread "GC Thread#3" [stack: 0x0000000919c00000,0x0000000919d00000] [id=23620]
  0x0000017c61955000 ConcurrentGCThread "G1 Main Marker" [stack: 0x0000000918a00000,0x0000000918b00000] [id=4476]
  0x0000017c61957800 ConcurrentGCThread "G1 Conc#0" [stack: 0x0000000918b00000,0x0000000918c00000] [id=12604]
  0x0000017c7d2b0800 ConcurrentGCThread "G1 Refine#0" [stack: 0x0000000918c00000,0x0000000918d00000] [id=9868]
  0x0000017c7d2b1800 ConcurrentGCThread "G1 Young RemSet Sampling" [stack: 0x0000000918d00000,0x0000000918e00000] [id=9004]

Threads with active compile tasks:
C2 CompilerThread0 114690 9141       4       javax.management.ObjectName::construct (1135 bytes)

VM state:not at safepoint (normal execution)

VM Mutex/Monitor currently owned by a thread: None

Heap address: 0x0000000080000000, size: 2048 MB, Compressed Oops mode: 32-bit
Narrow klass base: 0x0000000000000000, Narrow klass shift: 3
Compressed class space size: 1073741824 Address: 0x0000000100000000

Heap:
 garbage-first heap   total 225280K, used 177372K [0x0000000080000000, 0x0000000100000000)
  region size 1024K, 37 young (37888K), 5 survivors (5120K)
 Metaspace       used 89587K, capacity 91948K, committed 92156K, reserved 1128448K
  class space    used 11534K, capacity 12307K, committed 12364K, reserved 1048576K
Heap Regions: E=young(eden), S=young(survivor), O=old, HS=humongous(starts), HC=humongous(continues), CS=collection set, F=free, A=archive, TAMS=top-at-mark-start (previous, next)
|   0|0x0000000080000000, 0x0000000080100000, 0x0000000080100000|100%|HS|  |TAMS 0x0000000080100000, 0x0000000080000000| Complete 
|   1|0x0000000080100000, 0x0000000080200000, 0x0000000080200000|100%|HC|  |TAMS 0x0000000080200000, 0x0000000080100000| Complete 
|   2|0x0000000080200000, 0x0000000080300000, 0x0000000080300000|100%|HC|  |TAMS 0x0000000080300000, 0x0000000080200000| Complete 
|   3|0x0000000080300000, 0x0000000080400000, 0x0000000080400000|100%| O|  |TAMS 0x0000000080400000, 0x0000000080300000| Untracked 
|   4|0x0000000080400000, 0x0000000080500000, 0x0000000080500000|100%| O|  |TAMS 0x0000000080500000, 0x0000000080400000| Untracked 
|   5|0x0000000080500000, 0x0000000080600000, 0x0000000080600000|100%| O|  |TAMS 0x0000000080600000, 0x0000000080500000| Untracked 
|   6|0x0000000080600000, 0x0000000080700000, 0x0000000080700000|100%| O|  |TAMS 0x0000000080700000, 0x0000000080600000| Untracked 
|   7|0x0000000080700000, 0x0000000080800000, 0x0000000080800000|100%| O|  |TAMS 0x0000000080800000, 0x0000000080700000| Untracked 
|   8|0x0000000080800000, 0x0000000080900000, 0x0000000080900000|100%| O|  |TAMS 0x0000000080900000, 0x0000000080800000| Untracked 
|   9|0x0000000080900000, 0x0000000080a00000, 0x0000000080a00000|100%| O|  |TAMS 0x0000000080a00000, 0x0000000080900000| Untracked 
|  10|0x0000000080a00000, 0x0000000080b00000, 0x0000000080b00000|100%| O|  |TAMS 0x0000000080b00000, 0x0000000080a00000| Untracked 
|  11|0x0000000080b00000, 0x0000000080c00000, 0x0000000080c00000|100%| O|  |TAMS 0x0000000080c00000, 0x0000000080b00000| Untracked 
|  12|0x0000000080c00000, 0x0000000080d00000, 0x0000000080d00000|100%| O|  |TAMS 0x0000000080d00000, 0x0000000080c00000| Untracked 
|  13|0x0000000080d00000, 0x0000000080e00000, 0x0000000080e00000|100%| O|  |TAMS 0x0000000080e00000, 0x0000000080d00000| Untracked 
|  14|0x0000000080e00000, 0x0000000080f00000, 0x0000000080f00000|100%| O|  |TAMS 0x0000000080f00000, 0x0000000080e00000| Untracked 
|  15|0x0000000080f00000, 0x0000000081000000, 0x0000000081000000|100%| O|  |TAMS 0x0000000081000000, 0x0000000080f00000| Untracked 
|  16|0x0000000081000000, 0x0000000081100000, 0x0000000081100000|100%|HS|  |TAMS 0x0000000081100000, 0x0000000081000000| Complete 
|  17|0x0000000081100000, 0x0000000081200000, 0x0000000081200000|100%|HC|  |TAMS 0x0000000081200000, 0x0000000081100000| Complete 
|  18|0x0000000081200000, 0x0000000081300000, 0x0000000081300000|100%|HS|  |TAMS 0x0000000081300000, 0x0000000081200000| Complete 
|  19|0x0000000081300000, 0x0000000081400000, 0x0000000081400000|100%|HC|  |TAMS 0x0000000081400000, 0x0000000081300000| Complete 
|  20|0x0000000081400000, 0x0000000081500000, 0x0000000081500000|100%|HC|  |TAMS 0x0000000081500000, 0x0000000081400000| Complete 
|  21|0x0000000081500000, 0x0000000081600000, 0x0000000081600000|100%|HS|  |TAMS 0x0000000081600000, 0x0000000081500000| Complete 
|  22|0x0000000081600000, 0x0000000081700000, 0x0000000081700000|100%|HC|  |TAMS 0x0000000081700000, 0x0000000081600000| Complete 
|  23|0x0000000081700000, 0x0000000081800000, 0x0000000081800000|100%|HC|  |TAMS 0x0000000081800000, 0x0000000081700000| Complete 
|  24|0x0000000081800000, 0x0000000081900000, 0x0000000081900000|100%|HS|  |TAMS 0x0000000081900000, 0x0000000081800000| Complete 
|  25|0x0000000081900000, 0x0000000081a00000, 0x0000000081a00000|100%|HC|  |TAMS 0x0000000081a00000, 0x0000000081900000| Complete 
|  26|0x0000000081a00000, 0x0000000081b00000, 0x0000000081b00000|100%|HC|  |TAMS 0x0000000081b00000, 0x0000000081a00000| Complete 
|  27|0x0000000081b00000, 0x0000000081c00000, 0x0000000081c00000|100%|HC|  |TAMS 0x0000000081c00000, 0x0000000081b00000| Complete 
|  28|0x0000000081c00000, 0x0000000081d00000, 0x0000000081d00000|100%|HS|  |TAMS 0x0000000081d00000, 0x0000000081c00000| Complete 
|  29|0x0000000081d00000, 0x0000000081e00000, 0x0000000081e00000|100%|HC|  |TAMS 0x0000000081e00000, 0x0000000081d00000| Complete 
|  30|0x0000000081e00000, 0x0000000081f00000, 0x0000000081f00000|100%|HC|  |TAMS 0x0000000081f00000, 0x0000000081e00000| Complete 
|  31|0x0000000081f00000, 0x0000000082000000, 0x0000000082000000|100%|HC|  |TAMS 0x0000000082000000, 0x0000000081f00000| Complete 
|  32|0x0000000082000000, 0x0000000082100000, 0x0000000082100000|100%|HC|  |TAMS 0x0000000082100000, 0x0000000082000000| Complete 
|  33|0x0000000082100000, 0x0000000082200000, 0x0000000082200000|100%| O|  |TAMS 0x0000000082200000, 0x0000000082100000| Untracked 
|  34|0x0000000082200000, 0x0000000082300000, 0x0000000082300000|100%| O|  |TAMS 0x0000000082300000, 0x0000000082200000| Untracked 
|  35|0x0000000082300000, 0x0000000082400000, 0x0000000082400000|100%| O|  |TAMS 0x0000000082400000, 0x0000000082300000| Untracked 
|  36|0x0000000082400000, 0x0000000082500000, 0x0000000082500000|100%| O|  |TAMS 0x0000000082500000, 0x0000000082400000| Untracked 
|  37|0x0000000082500000, 0x0000000082600000, 0x0000000082600000|100%| O|  |TAMS 0x0000000082600000, 0x0000000082500000| Untracked 
|  38|0x0000000082600000, 0x0000000082700000, 0x0000000082700000|100%| O|  |TAMS 0x0000000082700000, 0x0000000082600000| Untracked 
|  39|0x0000000082700000, 0x0000000082800000, 0x0000000082800000|100%| O|  |TAMS 0x0000000082800000, 0x0000000082700000| Untracked 
|  40|0x0000000082800000, 0x0000000082900000, 0x0000000082900000|100%| O|  |TAMS 0x0000000082900000, 0x0000000082800000| Untracked 
|  41|0x0000000082900000, 0x0000000082a00000, 0x0000000082a00000|100%| O|  |TAMS 0x0000000082a00000, 0x0000000082900000| Untracked 
|  42|0x0000000082a00000, 0x0000000082b00000, 0x0000000082b00000|100%| O|  |TAMS 0x0000000082b00000, 0x0000000082a00000| Untracked 
|  43|0x0000000082b00000, 0x0000000082c00000, 0x0000000082c00000|100%| O|  |TAMS 0x0000000082c00000, 0x0000000082b00000| Untracked 
|  44|0x0000000082c00000, 0x0000000082d00000, 0x0000000082d00000|100%| O|  |TAMS 0x0000000082d00000, 0x0000000082c00000| Untracked 
|  45|0x0000000082d00000, 0x0000000082e00000, 0x0000000082e00000|100%| O|  |TAMS 0x0000000082e00000, 0x0000000082d00000| Untracked 
|  46|0x0000000082e00000, 0x0000000082f00000, 0x0000000082f00000|100%| O|  |TAMS 0x0000000082f00000, 0x0000000082e00000| Untracked 
|  47|0x0000000082f00000, 0x0000000083000000, 0x0000000083000000|100%|HS|  |TAMS 0x0000000083000000, 0x0000000082f00000| Complete 
|  48|0x0000000083000000, 0x0000000083100000, 0x0000000083100000|100%|HC|  |TAMS 0x0000000083100000, 0x0000000083000000| Complete 
|  49|0x0000000083100000, 0x0000000083200000, 0x0000000083200000|100%|HS|  |TAMS 0x0000000083200000, 0x0000000083100000| Complete 
|  50|0x0000000083200000, 0x0000000083300000, 0x0000000083300000|100%|HC|  |TAMS 0x0000000083300000, 0x0000000083200000| Complete 
|  51|0x0000000083300000, 0x0000000083400000, 0x0000000083400000|100%|HC|  |TAMS 0x0000000083400000, 0x0000000083300000| Complete 
|  52|0x0000000083400000, 0x0000000083500000, 0x0000000083500000|100%|HC|  |TAMS 0x0000000083500000, 0x0000000083400000| Complete 
|  53|0x0000000083500000, 0x0000000083600000, 0x0000000083600000|100%|HS|  |TAMS 0x0000000083600000, 0x0000000083500000| Complete 
|  54|0x0000000083600000, 0x0000000083700000, 0x0000000083700000|100%|HC|  |TAMS 0x0000000083700000, 0x0000000083600000| Complete 
|  55|0x0000000083700000, 0x0000000083800000, 0x0000000083800000|100%|HC|  |TAMS 0x0000000083800000, 0x0000000083700000| Complete 
|  56|0x0000000083800000, 0x0000000083900000, 0x0000000083900000|100%|HS|  |TAMS 0x0000000083900000, 0x0000000083800000| Complete 
|  57|0x0000000083900000, 0x0000000083a00000, 0x0000000083a00000|100%|HC|  |TAMS 0x0000000083a00000, 0x0000000083900000| Complete 
|  58|0x0000000083a00000, 0x0000000083b00000, 0x0000000083b00000|100%|HC|  |TAMS 0x0000000083b00000, 0x0000000083a00000| Complete 
|  59|0x0000000083b00000, 0x0000000083c00000, 0x0000000083c00000|100%| O|  |TAMS 0x0000000083c00000, 0x0000000083b00000| Untracked 
|  60|0x0000000083c00000, 0x0000000083d00000, 0x0000000083d00000|100%| O|  |TAMS 0x0000000083d00000, 0x0000000083c00000| Untracked 
|  61|0x0000000083d00000, 0x0000000083e00000, 0x0000000083e00000|100%| O|  |TAMS 0x0000000083e00000, 0x0000000083d00000| Untracked 
|  62|0x0000000083e00000, 0x0000000083f00000, 0x0000000083f00000|100%| O|  |TAMS 0x0000000083f00000, 0x0000000083e00000| Untracked 
|  63|0x0000000083f00000, 0x0000000084000000, 0x0000000084000000|100%| O|  |TAMS 0x0000000084000000, 0x0000000083f00000| Untracked 
|  64|0x0000000084000000, 0x0000000084100000, 0x0000000084100000|100%| O|  |TAMS 0x0000000084100000, 0x0000000084000000| Untracked 
|  65|0x0000000084100000, 0x0000000084200000, 0x0000000084200000|100%| O|  |TAMS 0x0000000084200000, 0x0000000084100000| Untracked 
|  66|0x0000000084200000, 0x0000000084300000, 0x0000000084300000|100%|HS|  |TAMS 0x0000000084300000, 0x0000000084200000| Complete 
|  67|0x0000000084300000, 0x0000000084400000, 0x0000000084400000|100%|HC|  |TAMS 0x0000000084400000, 0x0000000084300000| Complete 
|  68|0x0000000084400000, 0x0000000084500000, 0x0000000084500000|100%|HC|  |TAMS 0x0000000084500000, 0x0000000084400000| Complete 
|  69|0x0000000084500000, 0x0000000084600000, 0x0000000084600000|100%|HC|  |TAMS 0x0000000084600000, 0x0000000084500000| Complete 
|  70|0x0000000084600000, 0x0000000084700000, 0x0000000084700000|100%|HC|  |TAMS 0x0000000084700000, 0x0000000084600000| Complete 
|  71|0x0000000084700000, 0x0000000084800000, 0x0000000084800000|100%| O|  |TAMS 0x0000000084800000, 0x0000000084700000| Untracked 
|  72|0x0000000084800000, 0x0000000084900000, 0x0000000084900000|100%| O|  |TAMS 0x0000000084900000, 0x0000000084800000| Untracked 
|  73|0x0000000084900000, 0x0000000084a00000, 0x0000000084a00000|100%| O|  |TAMS 0x0000000084a00000, 0x0000000084900000| Untracked 
|  74|0x0000000084a00000, 0x0000000084b00000, 0x0000000084b00000|100%| O|  |TAMS 0x0000000084b00000, 0x0000000084a00000| Untracked 
|  75|0x0000000084b00000, 0x0000000084c00000, 0x0000000084c00000|100%|HS|  |TAMS 0x0000000084c00000, 0x0000000084b00000| Complete 
|  76|0x0000000084c00000, 0x0000000084d00000, 0x0000000084d00000|100%|HS|  |TAMS 0x0000000084d00000, 0x0000000084c00000| Complete 
|  77|0x0000000084d00000, 0x0000000084e00000, 0x0000000084e00000|100%| O|  |TAMS 0x0000000084e00000, 0x0000000084d00000| Untracked 
|  78|0x0000000084e00000, 0x0000000084f00000, 0x0000000084f00000|100%|HS|  |TAMS 0x0000000084f00000, 0x0000000084e00000| Complete 
|  79|0x0000000084f00000, 0x0000000085000000, 0x0000000085000000|100%|HC|  |TAMS 0x0000000085000000, 0x0000000084f00000| Complete 
|  80|0x0000000085000000, 0x0000000085100000, 0x0000000085100000|100%| O|  |TAMS 0x0000000085100000, 0x0000000085000000| Untracked 
|  81|0x0000000085100000, 0x0000000085200000, 0x0000000085200000|100%| O|  |TAMS 0x0000000085200000, 0x0000000085100000| Untracked 
|  82|0x0000000085200000, 0x0000000085300000, 0x0000000085300000|100%| O|  |TAMS 0x0000000085300000, 0x0000000085200000| Untracked 
|  83|0x0000000085300000, 0x0000000085400000, 0x0000000085400000|100%| O|  |TAMS 0x0000000085400000, 0x0000000085300000| Untracked 
|  84|0x0000000085400000, 0x0000000085500000, 0x0000000085500000|100%| O|  |TAMS 0x0000000085500000, 0x0000000085400000| Untracked 
|  85|0x0000000085500000, 0x0000000085600000, 0x0000000085600000|100%| O|  |TAMS 0x0000000085600000, 0x0000000085500000| Untracked 
|  86|0x0000000085600000, 0x0000000085700000, 0x0000000085700000|100%| O|  |TAMS 0x0000000085700000, 0x0000000085600000| Untracked 
|  87|0x0000000085700000, 0x0000000085800000, 0x0000000085800000|100%| O|  |TAMS 0x0000000085800000, 0x0000000085700000| Untracked 
|  88|0x0000000085800000, 0x0000000085900000, 0x0000000085900000|100%| O|  |TAMS 0x0000000085900000, 0x0000000085800000| Untracked 
|  89|0x0000000085900000, 0x0000000085a00000, 0x0000000085a00000|100%| O|  |TAMS 0x0000000085a00000, 0x0000000085900000| Untracked 
|  90|0x0000000085a00000, 0x0000000085b00000, 0x0000000085b00000|100%| O|  |TAMS 0x0000000085b00000, 0x0000000085a00000| Untracked 
|  91|0x0000000085b00000, 0x0000000085c00000, 0x0000000085c00000|100%| O|  |TAMS 0x0000000085c00000, 0x0000000085b00000| Untracked 
|  92|0x0000000085c00000, 0x0000000085d00000, 0x0000000085d00000|100%| O|  |TAMS 0x0000000085d00000, 0x0000000085c00000| Untracked 
|  93|0x0000000085d00000, 0x0000000085e00000, 0x0000000085e00000|100%| O|  |TAMS 0x0000000085e00000, 0x0000000085d00000| Untracked 
|  94|0x0000000085e00000, 0x0000000085f00000, 0x0000000085f00000|100%| O|  |TAMS 0x0000000085f00000, 0x0000000085e00000| Untracked 
|  95|0x0000000085f00000, 0x0000000086000000, 0x0000000086000000|100%| O|  |TAMS 0x0000000086000000, 0x0000000085f00000| Untracked 
|  96|0x0000000086000000, 0x0000000086100000, 0x0000000086100000|100%| O|  |TAMS 0x0000000086100000, 0x0000000086000000| Untracked 
|  97|0x0000000086100000, 0x0000000086200000, 0x0000000086200000|100%| O|  |TAMS 0x0000000086200000, 0x0000000086100000| Untracked 
|  98|0x0000000086200000, 0x0000000086300000, 0x0000000086300000|100%| O|  |TAMS 0x0000000086300000, 0x0000000086200000| Untracked 
|  99|0x0000000086300000, 0x0000000086400000, 0x0000000086400000|100%| O|  |TAMS 0x0000000086400000, 0x0000000086300000| Untracked 
| 100|0x0000000086400000, 0x0000000086500000, 0x0000000086500000|100%| O|  |TAMS 0x0000000086500000, 0x0000000086400000| Untracked 
| 101|0x0000000086500000, 0x0000000086600000, 0x0000000086600000|100%| O|  |TAMS 0x0000000086600000, 0x0000000086500000| Untracked 
| 102|0x0000000086600000, 0x0000000086700000, 0x0000000086700000|100%| O|  |TAMS 0x0000000086700000, 0x0000000086600000| Untracked 
| 103|0x0000000086700000, 0x0000000086800000, 0x0000000086800000|100%| O|  |TAMS 0x0000000086800000, 0x0000000086700000| Untracked 
| 104|0x0000000086800000, 0x0000000086900000, 0x0000000086900000|100%| O|  |TAMS 0x0000000086900000, 0x0000000086800000| Untracked 
| 105|0x0000000086900000, 0x0000000086a00000, 0x0000000086a00000|100%|HS|  |TAMS 0x0000000086a00000, 0x0000000086900000| Complete 
| 106|0x0000000086a00000, 0x0000000086b00000, 0x0000000086b00000|100%|HS|  |TAMS 0x0000000086b00000, 0x0000000086a00000| Complete 
| 107|0x0000000086b00000, 0x0000000086c00000, 0x0000000086c00000|100%|HC|  |TAMS 0x0000000086c00000, 0x0000000086b00000| Complete 
| 108|0x0000000086c00000, 0x0000000086d00000, 0x0000000086d00000|100%|HS|  |TAMS 0x0000000086d00000, 0x0000000086c00000| Complete 
| 109|0x0000000086d00000, 0x0000000086e00000, 0x0000000086e00000|100%|HC|  |TAMS 0x0000000086e00000, 0x0000000086d00000| Complete 
| 110|0x0000000086e00000, 0x0000000086f00000, 0x0000000086f00000|100%|HC|  |TAMS 0x0000000086f00000, 0x0000000086e00000| Complete 
| 111|0x0000000086f00000, 0x0000000087000000, 0x0000000087000000|100%|HS|  |TAMS 0x0000000087000000, 0x0000000086f00000| Complete 
| 112|0x0000000087000000, 0x0000000087100000, 0x0000000087100000|100%|HC|  |TAMS 0x0000000087100000, 0x0000000087000000| Complete 
| 113|0x0000000087100000, 0x0000000087200000, 0x0000000087200000|100%|HC|  |TAMS 0x0000000087200000, 0x0000000087100000| Complete 
| 114|0x0000000087200000, 0x0000000087300000, 0x0000000087300000|100%| O|  |TAMS 0x0000000087300000, 0x0000000087200000| Untracked 
| 115|0x0000000087300000, 0x0000000087400000, 0x0000000087400000|100%| O|  |TAMS 0x0000000087400000, 0x0000000087300000| Untracked 
| 116|0x0000000087400000, 0x0000000087500000, 0x0000000087500000|100%| O|  |TAMS 0x0000000087500000, 0x0000000087400000| Untracked 
| 117|0x0000000087500000, 0x0000000087600000, 0x0000000087600000|100%|HS|  |TAMS 0x0000000087600000, 0x0000000087500000| Complete 
| 118|0x0000000087600000, 0x0000000087700000, 0x0000000087700000|100%|HC|  |TAMS 0x0000000087700000, 0x0000000087600000| Complete 
| 119|0x0000000087700000, 0x0000000087800000, 0x0000000087800000|100%|HC|  |TAMS 0x0000000087800000, 0x0000000087700000| Complete 
| 120|0x0000000087800000, 0x0000000087900000, 0x0000000087900000|100%|HC|  |TAMS 0x0000000087900000, 0x0000000087800000| Complete 
| 121|0x0000000087900000, 0x0000000087a00000, 0x0000000087a00000|100%| O|  |TAMS 0x0000000087a00000, 0x0000000087900000| Untracked 
| 122|0x0000000087a00000, 0x0000000087b00000, 0x0000000087b00000|100%| O|  |TAMS 0x0000000087b00000, 0x0000000087a00000| Untracked 
| 123|0x0000000087b00000, 0x0000000087c00000, 0x0000000087c00000|100%| O|  |TAMS 0x0000000087c00000, 0x0000000087b00000| Untracked 
| 124|0x0000000087c00000, 0x0000000087d00000, 0x0000000087d00000|100%|HS|  |TAMS 0x0000000087d00000, 0x0000000087c00000| Complete 
| 125|0x0000000087d00000, 0x0000000087e00000, 0x0000000087e00000|100%|HC|  |TAMS 0x0000000087e00000, 0x0000000087d00000| Complete 
| 126|0x0000000087e00000, 0x0000000087f00000, 0x0000000087f00000|100%|HC|  |TAMS 0x0000000087f00000, 0x0000000087e00000| Complete 
| 127|0x0000000087f00000, 0x0000000088000000, 0x0000000088000000|100%|HC|  |TAMS 0x0000000088000000, 0x0000000087f00000| Complete 
| 128|0x0000000088000000, 0x0000000088100000, 0x0000000088100000|100%|HC|  |TAMS 0x0000000088100000, 0x0000000088000000| Complete 
| 129|0x0000000088100000, 0x0000000088200000, 0x0000000088200000|100%| O|  |TAMS 0x0000000088200000, 0x0000000088100000| Untracked 
| 130|0x0000000088200000, 0x0000000088300000, 0x0000000088300000|100%| O|  |TAMS 0x0000000088300000, 0x0000000088200000| Untracked 
| 131|0x0000000088300000, 0x0000000088400000, 0x0000000088400000|100%| O|  |TAMS 0x0000000088400000, 0x0000000088300000| Untracked 
| 132|0x0000000088400000, 0x0000000088500000, 0x0000000088500000|100%|HS|  |TAMS 0x0000000088500000, 0x0000000088400000| Complete 
| 133|0x0000000088500000, 0x0000000088600000, 0x0000000088600000|100%| O|  |TAMS 0x0000000088600000, 0x0000000088500000| Untracked 
| 134|0x0000000088600000, 0x0000000088700000, 0x0000000088700000|100%| O|  |TAMS 0x0000000088700000, 0x0000000088600000| Untracked 
| 135|0x0000000088700000, 0x0000000088800000, 0x0000000088800000|100%| O|  |TAMS 0x0000000088800000, 0x0000000088700000| Untracked 
| 136|0x0000000088800000, 0x0000000088900000, 0x0000000088900000|100%| O|  |TAMS 0x00000000888afc00, 0x0000000088800000| Untracked 
| 137|0x0000000088900000, 0x00000000889d9000, 0x0000000088a00000| 84%| O|  |TAMS 0x0000000088900000, 0x0000000088900000| Untracked 
| 138|0x0000000088a00000, 0x0000000088a00000, 0x0000000088b00000|  0%| F|  |TAMS 0x0000000088a00000, 0x0000000088a00000| Untracked 
| 139|0x0000000088b00000, 0x0000000088b00000, 0x0000000088c00000|  0%| F|  |TAMS 0x0000000088b00000, 0x0000000088b00000| Untracked 
| 140|0x0000000088c00000, 0x0000000088c00000, 0x0000000088d00000|  0%| F|  |TAMS 0x0000000088c00000, 0x0000000088c00000| Untracked 
| 141|0x0000000088d00000, 0x0000000088d00000, 0x0000000088e00000|  0%| F|  |TAMS 0x0000000088d00000, 0x0000000088d00000| Untracked 
| 142|0x0000000088e00000, 0x0000000088e00000, 0x0000000088f00000|  0%| F|  |TAMS 0x0000000088e00000, 0x0000000088e00000| Untracked 
| 143|0x0000000088f00000, 0x0000000088f00000, 0x0000000089000000|  0%| F|  |TAMS 0x0000000088f00000, 0x0000000088f00000| Untracked 
| 144|0x0000000089000000, 0x0000000089000000, 0x0000000089100000|  0%| F|  |TAMS 0x0000000089000000, 0x0000000089000000| Untracked 
| 145|0x0000000089100000, 0x0000000089100000, 0x0000000089200000|  0%| F|  |TAMS 0x0000000089100000, 0x0000000089100000| Untracked 
| 146|0x0000000089200000, 0x0000000089200000, 0x0000000089300000|  0%| F|  |TAMS 0x0000000089200000, 0x0000000089200000| Untracked 
| 147|0x0000000089300000, 0x0000000089300000, 0x0000000089400000|  0%| F|  |TAMS 0x0000000089300000, 0x0000000089300000| Untracked 
| 148|0x0000000089400000, 0x0000000089400000, 0x0000000089500000|  0%| F|  |TAMS 0x0000000089400000, 0x0000000089400000| Untracked 
| 149|0x0000000089500000, 0x0000000089500000, 0x0000000089600000|  0%| F|  |TAMS 0x0000000089500000, 0x0000000089500000| Untracked 
| 150|0x0000000089600000, 0x0000000089600000, 0x0000000089700000|  0%| F|  |TAMS 0x0000000089600000, 0x0000000089600000| Untracked 
| 151|0x0000000089700000, 0x0000000089700000, 0x0000000089800000|  0%| F|  |TAMS 0x0000000089700000, 0x0000000089700000| Untracked 
| 152|0x0000000089800000, 0x0000000089800000, 0x0000000089900000|  0%| F|  |TAMS 0x0000000089800000, 0x0000000089800000| Untracked 
| 153|0x0000000089900000, 0x0000000089900000, 0x0000000089a00000|  0%| F|  |TAMS 0x0000000089900000, 0x0000000089900000| Untracked 
| 154|0x0000000089a00000, 0x0000000089a00000, 0x0000000089b00000|  0%| F|  |TAMS 0x0000000089a00000, 0x0000000089a00000| Untracked 
| 155|0x0000000089b00000, 0x0000000089b00000, 0x0000000089c00000|  0%| F|  |TAMS 0x0000000089b00000, 0x0000000089b00000| Untracked 
| 156|0x0000000089c00000, 0x0000000089c00000, 0x0000000089d00000|  0%| F|  |TAMS 0x0000000089c00000, 0x0000000089c00000| Untracked 
| 157|0x0000000089d00000, 0x0000000089d00000, 0x0000000089e00000|  0%| F|  |TAMS 0x0000000089d00000, 0x0000000089d00000| Untracked 
| 158|0x0000000089e00000, 0x0000000089e00000, 0x0000000089f00000|  0%| F|  |TAMS 0x0000000089e00000, 0x0000000089e00000| Untracked 
| 159|0x0000000089f00000, 0x0000000089f00000, 0x000000008a000000|  0%| F|  |TAMS 0x0000000089f00000, 0x0000000089f00000| Untracked 
| 160|0x000000008a000000, 0x000000008a000000, 0x000000008a100000|  0%| F|  |TAMS 0x000000008a000000, 0x000000008a000000| Untracked 
| 161|0x000000008a100000, 0x000000008a100000, 0x000000008a200000|  0%| F|  |TAMS 0x000000008a100000, 0x000000008a100000| Untracked 
| 162|0x000000008a200000, 0x000000008a200000, 0x000000008a300000|  0%| F|  |TAMS 0x000000008a200000, 0x000000008a200000| Untracked 
| 163|0x000000008a300000, 0x000000008a300000, 0x000000008a400000|  0%| F|  |TAMS 0x000000008a300000, 0x000000008a300000| Untracked 
| 164|0x000000008a400000, 0x000000008a400000, 0x000000008a500000|  0%| F|  |TAMS 0x000000008a400000, 0x000000008a400000| Untracked 
| 165|0x000000008a500000, 0x000000008a500000, 0x000000008a600000|  0%| F|  |TAMS 0x000000008a500000, 0x000000008a500000| Untracked 
| 166|0x000000008a600000, 0x000000008a600000, 0x000000008a700000|  0%| F|  |TAMS 0x000000008a600000, 0x000000008a600000| Untracked 
| 167|0x000000008a700000, 0x000000008a700000, 0x000000008a800000|  0%| F|  |TAMS 0x000000008a700000, 0x000000008a700000| Untracked 
| 168|0x000000008a800000, 0x000000008a800000, 0x000000008a900000|  0%| F|  |TAMS 0x000000008a800000, 0x000000008a800000| Untracked 
| 169|0x000000008a900000, 0x000000008a900000, 0x000000008aa00000|  0%| F|  |TAMS 0x000000008a900000, 0x000000008a900000| Untracked 
| 170|0x000000008aa00000, 0x000000008aa00000, 0x000000008ab00000|  0%| F|  |TAMS 0x000000008aa00000, 0x000000008aa00000| Untracked 
| 171|0x000000008ab00000, 0x000000008ab00000, 0x000000008ac00000|  0%| F|  |TAMS 0x000000008ab00000, 0x000000008ab00000| Untracked 
| 172|0x000000008ac00000, 0x000000008ac00000, 0x000000008ad00000|  0%| F|  |TAMS 0x000000008ac00000, 0x000000008ac00000| Untracked 
| 173|0x000000008ad00000, 0x000000008ad00000, 0x000000008ae00000|  0%| F|  |TAMS 0x000000008ad00000, 0x000000008ad00000| Untracked 
| 174|0x000000008ae00000, 0x000000008ae00000, 0x000000008af00000|  0%| F|  |TAMS 0x000000008ae00000, 0x000000008ae00000| Untracked 
| 175|0x000000008af00000, 0x000000008af00000, 0x000000008b000000|  0%| F|  |TAMS 0x000000008af00000, 0x000000008af00000| Untracked 
| 176|0x000000008b000000, 0x000000008b05e350, 0x000000008b100000| 36%| S|CS|TAMS 0x000000008b000000, 0x000000008b000000| Complete 
| 177|0x000000008b100000, 0x000000008b200000, 0x000000008b200000|100%| S|CS|TAMS 0x000000008b100000, 0x000000008b100000| Complete 
| 178|0x000000008b200000, 0x000000008b300000, 0x000000008b300000|100%| S|CS|TAMS 0x000000008b200000, 0x000000008b200000| Complete 
| 179|0x000000008b300000, 0x000000008b400000, 0x000000008b400000|100%| S|CS|TAMS 0x000000008b300000, 0x000000008b300000| Complete 
| 180|0x000000008b400000, 0x000000008b500000, 0x000000008b500000|100%| S|CS|TAMS 0x000000008b400000, 0x000000008b400000| Complete 
| 181|0x000000008b500000, 0x000000008b500000, 0x000000008b600000|  0%| F|  |TAMS 0x000000008b500000, 0x000000008b500000| Untracked 
| 182|0x000000008b600000, 0x000000008b600000, 0x000000008b700000|  0%| F|  |TAMS 0x000000008b600000, 0x000000008b600000| Untracked 
| 183|0x000000008b700000, 0x000000008b700000, 0x000000008b800000|  0%| F|  |TAMS 0x000000008b700000, 0x000000008b700000| Untracked 
| 184|0x000000008b800000, 0x000000008b800000, 0x000000008b900000|  0%| F|  |TAMS 0x000000008b800000, 0x000000008b800000| Untracked 
| 185|0x000000008b900000, 0x000000008b900000, 0x000000008ba00000|  0%| F|  |TAMS 0x000000008b900000, 0x000000008b900000| Untracked 
| 186|0x000000008ba00000, 0x000000008ba00000, 0x000000008bb00000|  0%| F|  |TAMS 0x000000008ba00000, 0x000000008ba00000| Untracked 
| 187|0x000000008bb00000, 0x000000008bb80800, 0x000000008bc00000| 50%| E|  |TAMS 0x000000008bb00000, 0x000000008bb00000| Complete 
| 188|0x000000008bc00000, 0x000000008bd00000, 0x000000008bd00000|100%| E|CS|TAMS 0x000000008bc00000, 0x000000008bc00000| Complete 
| 189|0x000000008bd00000, 0x000000008be00000, 0x000000008be00000|100%| E|CS|TAMS 0x000000008bd00000, 0x000000008bd00000| Complete 
| 190|0x000000008be00000, 0x000000008bf00000, 0x000000008bf00000|100%| E|CS|TAMS 0x000000008be00000, 0x000000008be00000| Complete 
| 191|0x000000008bf00000, 0x000000008c000000, 0x000000008c000000|100%| E|CS|TAMS 0x000000008bf00000, 0x000000008bf00000| Complete 
| 192|0x000000008c000000, 0x000000008c100000, 0x000000008c100000|100%| E|CS|TAMS 0x000000008c000000, 0x000000008c000000| Complete 
| 193|0x000000008c100000, 0x000000008c200000, 0x000000008c200000|100%| E|CS|TAMS 0x000000008c100000, 0x000000008c100000| Complete 
| 194|0x000000008c200000, 0x000000008c300000, 0x000000008c300000|100%| E|CS|TAMS 0x000000008c200000, 0x000000008c200000| Complete 
| 195|0x000000008c300000, 0x000000008c400000, 0x000000008c400000|100%| E|CS|TAMS 0x000000008c300000, 0x000000008c300000| Complete 
| 196|0x000000008c400000, 0x000000008c500000, 0x000000008c500000|100%| E|CS|TAMS 0x000000008c400000, 0x000000008c400000| Complete 
| 197|0x000000008c500000, 0x000000008c600000, 0x000000008c600000|100%| E|CS|TAMS 0x000000008c500000, 0x000000008c500000| Complete 
| 198|0x000000008c600000, 0x000000008c700000, 0x000000008c700000|100%| E|CS|TAMS 0x000000008c600000, 0x000000008c600000| Complete 
| 199|0x000000008c700000, 0x000000008c800000, 0x000000008c800000|100%| E|CS|TAMS 0x000000008c700000, 0x000000008c700000| Complete 
| 200|0x000000008c800000, 0x000000008c900000, 0x000000008c900000|100%| E|CS|TAMS 0x000000008c800000, 0x000000008c800000| Complete 
| 201|0x000000008c900000, 0x000000008ca00000, 0x000000008ca00000|100%| E|CS|TAMS 0x000000008c900000, 0x000000008c900000| Complete 
| 202|0x000000008ca00000, 0x000000008cb00000, 0x000000008cb00000|100%| E|CS|TAMS 0x000000008ca00000, 0x000000008ca00000| Complete 
| 203|0x000000008cb00000, 0x000000008cc00000, 0x000000008cc00000|100%| E|CS|TAMS 0x000000008cb00000, 0x000000008cb00000| Complete 
| 204|0x000000008cc00000, 0x000000008cd00000, 0x000000008cd00000|100%| E|CS|TAMS 0x000000008cc00000, 0x000000008cc00000| Complete 
| 205|0x000000008cd00000, 0x000000008ce00000, 0x000000008ce00000|100%| E|CS|TAMS 0x000000008cd00000, 0x000000008cd00000| Complete 
| 206|0x000000008ce00000, 0x000000008cf00000, 0x000000008cf00000|100%| E|CS|TAMS 0x000000008ce00000, 0x000000008ce00000| Complete 
| 207|0x000000008cf00000, 0x000000008d000000, 0x000000008d000000|100%| E|CS|TAMS 0x000000008cf00000, 0x000000008cf00000| Complete 
| 208|0x000000008d000000, 0x000000008d100000, 0x000000008d100000|100%| E|CS|TAMS 0x000000008d000000, 0x000000008d000000| Complete 
| 209|0x000000008d100000, 0x000000008d200000, 0x000000008d200000|100%| E|CS|TAMS 0x000000008d100000, 0x000000008d100000| Complete 
| 210|0x000000008d200000, 0x000000008d300000, 0x000000008d300000|100%| E|CS|TAMS 0x000000008d200000, 0x000000008d200000| Complete 
| 211|0x000000008d300000, 0x000000008d400000, 0x000000008d400000|100%| E|CS|TAMS 0x000000008d300000, 0x000000008d300000| Complete 
| 212|0x000000008d400000, 0x000000008d500000, 0x000000008d500000|100%| E|CS|TAMS 0x000000008d400000, 0x000000008d400000| Complete 
| 213|0x000000008d500000, 0x000000008d600000, 0x000000008d600000|100%| E|CS|TAMS 0x000000008d500000, 0x000000008d500000| Complete 
| 214|0x000000008d600000, 0x000000008d700000, 0x000000008d700000|100%| E|CS|TAMS 0x000000008d600000, 0x000000008d600000| Complete 
| 215|0x000000008d700000, 0x000000008d800000, 0x000000008d800000|100%| E|CS|TAMS 0x000000008d700000, 0x000000008d700000| Complete 
| 216|0x000000008d800000, 0x000000008d900000, 0x000000008d900000|100%| E|CS|TAMS 0x000000008d800000, 0x000000008d800000| Complete 
| 217|0x000000008d900000, 0x000000008da00000, 0x000000008da00000|100%| E|CS|TAMS 0x000000008d900000, 0x000000008d900000| Complete 
| 218|0x000000008da00000, 0x000000008db00000, 0x000000008db00000|100%| E|CS|TAMS 0x000000008da00000, 0x000000008da00000| Complete 
| 219|0x000000008db00000, 0x000000008dc00000, 0x000000008dc00000|100%| E|CS|TAMS 0x000000008db00000, 0x000000008db00000| Complete 

Card table byte_map: [0x0000017c76610000,0x0000017c76a10000] _byte_map_base: 0x0000017c76210000

Marking Bits (Prev, Next): (CMBitMap*) 0x0000017c6194c660, (CMBitMap*) 0x0000017c6194c628
 Prev Bits: [0x0000017c78e10000, 0x0000017c7ae10000)
 Next Bits: [0x0000017c76e10000, 0x0000017c78e10000)

Polling page: 0x0000017c617c0000

Metaspace:

Usage:
  Non-class:     77.84 MB capacity,    76.24 MB ( 98%) used,     1.36 MB (  2%) free+waste,   238.94 KB ( <1%) overhead. 
      Class:     12.02 MB capacity,    11.27 MB ( 94%) used,   658.18 KB (  5%) free+waste,   110.69 KB ( <1%) overhead. 
       Both:     89.86 MB capacity,    87.51 MB ( 97%) used,     2.00 MB (  2%) free+waste,   349.63 KB ( <1%) overhead. 

Virtual space:
  Non-class space:       78.00 MB reserved,      77.92 MB (>99%) committed 
      Class space:        1.00 GB reserved,      12.07 MB (  1%) committed 
             Both:        1.08 GB reserved,      90.00 MB (  8%) committed 

Chunk freelists:
   Non-Class:  23.00 KB
       Class:  13.00 KB
        Both:  36.00 KB

MaxMetaspaceSize: 17179869184.00 GB
CompressedClassSpaceSize: 1.00 GB
Initial GC threshold: 20.80 MB
Current GC threshold: 142.91 MB
CDS: off

CodeHeap 'non-profiled nmethods': size=120064Kb used=6114Kb max_used=6114Kb free=113949Kb
 bounds [0x0000017c6e6b0000, 0x0000017c6ecb0000, 0x0000017c75bf0000]
CodeHeap 'profiled nmethods': size=120000Kb used=20401Kb max_used=20401Kb free=99598Kb
 bounds [0x0000017c67180000, 0x0000017c68570000, 0x0000017c6e6b0000]
CodeHeap 'non-nmethods': size=5696Kb used=2369Kb max_used=2413Kb free=3326Kb
 bounds [0x0000017c66bf0000, 0x0000017c66e60000, 0x0000017c67180000]
 total_blobs=10005 nmethods=9112 adapters=805
 compilation: enabled
              stopped_count=0, restarted_count=0
 full_count=0

Compilation events (20 events):
Event: 113.989 Thread 0x0000017c7f6c7800 9191   !   4       java.net.URL::<init> (543 bytes)
Event: 114.043 Thread 0x0000017c7d48a800 9210       3       org.gradle.initialization.MixInLegacyTypesClassLoader::access$100 (4 bytes)
Event: 114.043 Thread 0x0000017c7d48a800 nmethod 9210 0x0000017c68563f10 code [0x0000017c685640c0, 0x0000017c685641b8]
Event: 114.076 Thread 0x0000017c7d48a800 9211       3       org.gradle.internal.operations.DefaultBuildOperationRunner::call (24 bytes)
Event: 114.077 Thread 0x0000017c7d48a800 nmethod 9211 0x0000017c68564290 code [0x0000017c685644e0, 0x0000017c68564ec8]
Event: 114.078 Thread 0x0000017c7d48a800 9212       3       org.gradle.internal.operations.DefaultBuildOperationRunner$CallableBuildOperationWorker::execute (10 bytes)
Event: 114.078 Thread 0x0000017c7d48a800 nmethod 9212 0x0000017c68565290 code [0x0000017c68565460, 0x0000017c68565808]
Event: 114.331 Thread 0x0000017c7f6c7800 nmethod 9191 0x0000017c6eca1590 code [0x0000017c6eca1820, 0x0000017c6eca41c8]
Event: 114.331 Thread 0x0000017c7f6c7800 9208       4       org.objectweb.asm.SymbolTable::addConstantClass (8 bytes)
Event: 114.332 Thread 0x0000017c7f6c7800 nmethod 9208 0x0000017c6eca5790 code [0x0000017c6eca5920, 0x0000017c6eca59a8]
Event: 114.369 Thread 0x0000017c7f6c7800 9213       4       java.util.regex.Pattern::atom (422 bytes)
Event: 114.602 Thread 0x0000017c7f6c7800 nmethod 9213 0x0000017c6eca5a90 code [0x0000017c6eca5d40, 0x0000017c6eca7b90]
Event: 114.628 Thread 0x0000017c7d48a800 9214       3       org.slf4j.impl.StaticLoggerBinder::getSingleton (4 bytes)
Event: 114.629 Thread 0x0000017c7d48a800 nmethod 9214 0x0000017c68565910 code [0x0000017c68565ac0, 0x0000017c68565bb8]
Event: 114.629 Thread 0x0000017c7d48a800 9215   !   3       org.slf4j.LoggerFactory::getILoggerFactory (103 bytes)
Event: 114.630 Thread 0x0000017c7d48a800 nmethod 9215 0x0000017c68565c90 code [0x0000017c68565ec0, 0x0000017c68566618]
Event: 114.630 Thread 0x0000017c7d48a800 9216       3       org.slf4j.LoggerFactory::getLogger (12 bytes)
Event: 114.631 Thread 0x0000017c7d48a800 nmethod 9216 0x0000017c68566890 code [0x0000017c68566a60, 0x0000017c68566c38]
Event: 114.631 Thread 0x0000017c7d48a800 9217       3       org.gradle.internal.logging.slf4j.OutputEventListenerBackedLoggerContext::getLogger (69 bytes)
Event: 114.632 Thread 0x0000017c7d48a800 nmethod 9217 0x0000017c68566d10 code [0x0000017c68566f40, 0x0000017c685678e8]

GC Heap History (20 events):
Event: 82.112 GC heap before
{Heap before GC invocations=47 (full 0):
 garbage-first heap   total 187392K, used 144099K [0x0000000080000000, 0x0000000100000000)
  region size 1024K, 42 young (43008K), 5 survivors (5120K)
 Metaspace       used 76225K, capacity 78237K, committed 78332K, reserved 1118208K
  class space    used 9829K, capacity 10531K, committed 10572K, reserved 1048576K
}
Event: 82.168 GC heap after
{Heap after GC invocations=48 (full 0):
 garbage-first heap   total 187392K, used 110139K [0x0000000080000000, 0x0000000100000000)
  region size 1024K, 6 young (6144K), 6 survivors (6144K)
 Metaspace       used 76225K, capacity 78237K, committed 78332K, reserved 1118208K
  class space    used 9829K, capacity 10531K, committed 10572K, reserved 1048576K
}
Event: 88.951 GC heap before
{Heap before GC invocations=48 (full 0):
 garbage-first heap   total 187392K, used 129595K [0x0000000080000000, 0x0000000100000000)
  region size 1024K, 26 young (26624K), 6 survivors (6144K)
 Metaspace       used 78531K, capacity 80521K, committed 80764K, reserved 1120256K
  class space    used 10041K, capacity 10672K, committed 10700K, reserved 1048576K
}
Event: 88.976 GC heap after
{Heap after GC invocations=49 (full 0):
 garbage-first heap   total 225280K, used 113229K [0x0000000080000000, 0x0000000100000000)
  region size 1024K, 6 young (6144K), 6 survivors (6144K)
 Metaspace       used 78531K, capacity 80521K, committed 80764K, reserved 1120256K
  class space    used 10041K, capacity 10672K, committed 10700K, reserved 1048576K
}
Event: 89.577 GC heap before
{Heap before GC invocations=50 (full 0):
 garbage-first heap   total 225280K, used 124493K [0x0000000080000000, 0x0000000100000000)
  region size 1024K, 9 young (9216K), 6 survivors (6144K)
 Metaspace       used 78532K, capacity 80521K, committed 80764K, reserved 1120256K
  class space    used 10041K, capacity 10672K, committed 10700K, reserved 1048576K
}
Event: 89.602 GC heap after
{Heap after GC invocations=51 (full 0):
 garbage-first heap   total 225280K, used 125252K [0x0000000080000000, 0x0000000100000000)
  region size 1024K, 6 young (6144K), 6 survivors (6144K)
 Metaspace       used 78532K, capacity 80521K, committed 80764K, reserved 1120256K
  class space    used 10041K, capacity 10672K, committed 10700K, reserved 1048576K
}
Event: 91.052 GC heap before
{Heap before GC invocations=52 (full 0):
 garbage-first heap   total 225280K, used 129348K [0x0000000080000000, 0x0000000100000000)
  region size 1024K, 7 young (7168K), 6 survivors (6144K)
 Metaspace       used 78532K, capacity 80521K, committed 80764K, reserved 1120256K
  class space    used 10041K, capacity 10672K, committed 10700K, reserved 1048576K
}
Event: 91.063 GC heap after
{Heap after GC invocations=53 (full 0):
 garbage-first heap   total 225280K, used 130247K [0x0000000080000000, 0x0000000100000000)
  region size 1024K, 4 young (4096K), 4 survivors (4096K)
 Metaspace       used 78532K, capacity 80521K, committed 80764K, reserved 1120256K
  class space    used 10041K, capacity 10672K, committed 10700K, reserved 1048576K
}
Event: 91.818 GC heap before
{Heap before GC invocations=54 (full 0):
 garbage-first heap   total 225280K, used 136391K [0x0000000080000000, 0x0000000100000000)
  region size 1024K, 6 young (6144K), 4 survivors (4096K)
 Metaspace       used 78532K, capacity 80521K, committed 80764K, reserved 1120256K
  class space    used 10041K, capacity 10672K, committed 10700K, reserved 1048576K
}
Event: 91.821 GC heap after
{Heap after GC invocations=55 (full 0):
 garbage-first heap   total 225280K, used 136749K [0x0000000080000000, 0x0000000100000000)
  region size 1024K, 2 young (2048K), 2 survivors (2048K)
 Metaspace       used 78532K, capacity 80521K, committed 80764K, reserved 1120256K
  class space    used 10041K, capacity 10672K, committed 10700K, reserved 1048576K
}
Event: 98.164 GC heap before
{Heap before GC invocations=56 (full 0):
 garbage-first heap   total 225280K, used 168493K [0x0000000080000000, 0x0000000100000000)
  region size 1024K, 32 young (32768K), 2 survivors (2048K)
 Metaspace       used 80557K, capacity 82773K, committed 82940K, reserved 1122304K
  class space    used 10329K, capacity 11050K, committed 11084K, reserved 1048576K
}
Event: 98.186 GC heap after
{Heap after GC invocations=57 (full 0):
 garbage-first heap   total 225280K, used 139724K [0x0000000080000000, 0x0000000100000000)
  region size 1024K, 4 young (4096K), 4 survivors (4096K)
 Metaspace       used 80557K, capacity 82773K, committed 82940K, reserved 1122304K
  class space    used 10329K, capacity 11050K, committed 11084K, reserved 1048576K
}
Event: 101.767 GC heap before
{Heap before GC invocations=57 (full 0):
 garbage-first heap   total 225280K, used 171468K [0x0000000080000000, 0x0000000100000000)
  region size 1024K, 35 young (35840K), 4 survivors (4096K)
 Metaspace       used 81423K, capacity 83661K, committed 83836K, reserved 1122304K
  class space    used 10425K, capacity 11153K, committed 11212K, reserved 1048576K
}
Event: 101.773 GC heap after
{Heap after GC invocations=58 (full 0):
 garbage-first heap   total 225280K, used 140388K [0x0000000080000000, 0x0000000100000000)
  region size 1024K, 3 young (3072K), 3 survivors (3072K)
 Metaspace       used 81423K, capacity 83661K, committed 83836K, reserved 1122304K
  class space    used 10425K, capacity 11153K, committed 11212K, reserved 1048576K
}
Event: 104.254 GC heap before
{Heap before GC invocations=59 (full 0):
 garbage-first heap   total 225280K, used 174180K [0x0000000080000000, 0x0000000100000000)
  region size 1024K, 36 young (36864K), 3 survivors (3072K)
 Metaspace       used 83094K, capacity 85356K, committed 85628K, reserved 1124352K
  class space    used 10656K, capacity 11415K, committed 11468K, reserved 1048576K
}
Event: 104.263 GC heap after
{Heap after GC invocations=60 (full 0):
 garbage-first heap   total 225280K, used 141292K [0x0000000080000000, 0x0000000100000000)
  region size 1024K, 2 young (2048K), 2 survivors (2048K)
 Metaspace       used 83094K, capacity 85356K, committed 85628K, reserved 1124352K
  class space    used 10656K, capacity 11415K, committed 11468K, reserved 1048576K
}
Event: 109.352 GC heap before
{Heap before GC invocations=60 (full 0):
 garbage-first heap   total 225280K, used 176108K [0x0000000080000000, 0x0000000100000000)
  region size 1024K, 36 young (36864K), 2 survivors (2048K)
 Metaspace       used 85343K, capacity 87718K, committed 87804K, reserved 1126400K
  class space    used 10976K, capacity 11803K, committed 11852K, reserved 1048576K
}
Event: 109.357 GC heap after
{Heap after GC invocations=61 (full 0):
 garbage-first heap   total 225280K, used 143039K [0x0000000080000000, 0x0000000100000000)
  region size 1024K, 3 young (3072K), 3 survivors (3072K)
 Metaspace       used 85343K, capacity 87718K, committed 87804K, reserved 1126400K
  class space    used 10976K, capacity 11803K, committed 11852K, reserved 1048576K
}
Event: 112.241 GC heap before
{Heap before GC invocations=62 (full 0):
 garbage-first heap   total 225280K, used 179903K [0x0000000080000000, 0x0000000100000000)
  region size 1024K, 39 young (39936K), 3 survivors (3072K)
 Metaspace       used 87890K, capacity 90289K, committed 90492K, reserved 1128448K
  class space    used 11305K, capacity 12120K, committed 12236K, reserved 1048576K
}
Event: 112.254 GC heap after
{Heap after GC invocations=63 (full 0):
 garbage-first heap   total 225280K, used 145628K [0x0000000080000000, 0x0000000100000000)
  region size 1024K, 5 young (5120K), 5 survivors (5120K)
 Metaspace       used 87890K, capacity 90289K, committed 90492K, reserved 1128448K
  class space    used 11305K, capacity 12120K, committed 12236K, reserved 1048576K
}

Deoptimization events (20 events):
Event: 114.043 Thread 0x0000017c7e808000 Uncommon trap: trap_request=0xffffff4d fr.pc=0x0000017c6eaaaae0 relative=0x00000000000000a0
Event: 114.043 Thread 0x0000017c7e808000 Uncommon trap: reason=unstable_if action=reinterpret pc=0x0000017c6eaaaae0 method=org.objectweb.asm.AnnotationWriter.putAnnotations(Lorg/objectweb/asm/SymbolTable;Lorg/objectweb/asm/AnnotationWriter;Lorg/objectweb/asm/AnnotationWriter;Lorg/objectweb/asm/A
Event: 114.043 Thread 0x0000017c7e808000 DEOPT PACKING pc=0x0000017c6eaaaae0 sp=0x000000091a2f9b60
Event: 114.043 Thread 0x0000017c7e808000 DEOPT UNPACKING pc=0x0000017c66c3a1af sp=0x000000091a2f9af0 mode 2
Event: 114.108 Thread 0x0000017c7e808000 Uncommon trap: trap_request=0xffffffde fr.pc=0x0000017c6eb377c4 relative=0x00000000000004c4
Event: 114.108 Thread 0x0000017c7e808000 Uncommon trap: reason=class_check action=maybe_recompile pc=0x0000017c6eb377c4 method=java.util.regex.Matcher.search(I)Z @ 121 c2
Event: 114.108 Thread 0x0000017c7e808000 DEOPT PACKING pc=0x0000017c6eb377c4 sp=0x000000091a2faf80
Event: 114.108 Thread 0x0000017c7e808000 DEOPT UNPACKING pc=0x0000017c66c3a1af sp=0x000000091a2faf40 mode 2
Event: 114.111 Thread 0x0000017c7e808000 Uncommon trap: trap_request=0xffffffde fr.pc=0x0000017c6eb377c4 relative=0x00000000000004c4
Event: 114.111 Thread 0x0000017c7e808000 Uncommon trap: reason=class_check action=maybe_recompile pc=0x0000017c6eb377c4 method=java.util.regex.Matcher.search(I)Z @ 121 c2
Event: 114.111 Thread 0x0000017c7e808000 DEOPT PACKING pc=0x0000017c6eb377c4 sp=0x000000091a2fb210
Event: 114.111 Thread 0x0000017c7e808000 DEOPT UNPACKING pc=0x0000017c66c3a1af sp=0x000000091a2fb1d0 mode 2
Event: 114.337 Thread 0x0000017c7e808000 Uncommon trap: trap_request=0xffffffde fr.pc=0x0000017c6eb377c4 relative=0x00000000000004c4
Event: 114.337 Thread 0x0000017c7e808000 Uncommon trap: reason=class_check action=maybe_recompile pc=0x0000017c6eb377c4 method=java.util.regex.Matcher.search(I)Z @ 121 c2
Event: 114.337 Thread 0x0000017c7e808000 DEOPT PACKING pc=0x0000017c6eb377c4 sp=0x000000091a2faf70
Event: 114.337 Thread 0x0000017c7e808000 DEOPT UNPACKING pc=0x0000017c66c3a1af sp=0x000000091a2faf30 mode 2
Event: 114.369 Thread 0x0000017c7e808000 Uncommon trap: trap_request=0xffffff4d fr.pc=0x0000017c6ead8dcc relative=0x000000000000178c
Event: 114.369 Thread 0x0000017c7e808000 Uncommon trap: reason=unstable_if action=reinterpret pc=0x0000017c6ead8dcc method=java.util.regex.Pattern.curly(Ljava/util/regex/Pattern$Node;I)Ljava/util/regex/Pattern$Node; @ 8 c2
Event: 114.369 Thread 0x0000017c7e808000 DEOPT PACKING pc=0x0000017c6ead8dcc sp=0x000000091a2fa340
Event: 114.369 Thread 0x0000017c7e808000 DEOPT UNPACKING pc=0x0000017c66c3a1af sp=0x000000091a2fa268 mode 2

Classes redefined (0 events):
No events

Internal exceptions (20 events):
Event: 113.369 Thread 0x0000017c7e808000 Exception <a 'java/lang/ClassNotFoundException'{0x000000008d1d8e38}: com/google/gms/googleservices/GoogleServicesTask_DecoratedBeanInfo> (0x000000008d1d8e38) thrown at [./src/hotspot/share/classfile/systemDictionary.cpp, line 231]
Event: 113.370 Thread 0x0000017c7e808000 Exception <a 'java/lang/ClassNotFoundException'{0x000000008d1f4468}: com/google/gms/googleservices/GoogleServicesTask_DecoratedCustomizer> (0x000000008d1f4468) thrown at [./src/hotspot/share/classfile/systemDictionary.cpp, line 231]
Event: 113.399 Thread 0x0000017c7e808000 Exception <a 'java/lang/ClassNotFoundException'{0x000000008d06f830}: org/gradle/api/internal/file/DefaultFilePropertyFactory$DefaultDirectoryVarBeanInfo> (0x000000008d06f830) thrown at [./src/hotspot/share/classfile/systemDictionary.cpp, line 231]
Event: 113.400 Thread 0x0000017c7e808000 Exception <a 'java/lang/ClassNotFoundException'{0x000000008d08adb8}: org/gradle/api/internal/file/DefaultFilePropertyFactory$AbstractFileVarBeanInfo> (0x000000008d08adb8) thrown at [./src/hotspot/share/classfile/systemDictionary.cpp, line 231]
Event: 113.401 Thread 0x0000017c7e808000 Exception <a 'java/lang/ClassNotFoundException'{0x000000008d0a60c0}: org/gradle/api/internal/file/DefaultFilePropertyFactory$AbstractFileVarCustomizer> (0x000000008d0a60c0) thrown at [./src/hotspot/share/classfile/systemDictionary.cpp, line 231]
Event: 113.406 Thread 0x0000017c7e808000 Exception <a 'java/lang/ClassNotFoundException'{0x000000008cf00990}: org/gradle/api/internal/file/DefaultFilePropertyFactory$DefaultDirectoryVarCustomizer> (0x000000008cf00990) thrown at [./src/hotspot/share/classfile/systemDictionary.cpp, line 231]
Event: 113.426 Thread 0x0000017c7e808000 Exception <a 'java/lang/ClassNotFoundException'{0x000000008cff4398}: org/gradle/api/internal/file/collections/DefaultConfigurableFileCollectionBeanInfo> (0x000000008cff4398) thrown at [./src/hotspot/share/classfile/systemDictionary.cpp, line 231]
Event: 113.428 Thread 0x0000017c7e808000 Exception <a 'java/lang/ClassNotFoundException'{0x000000008ce0d2d0}: org/gradle/api/internal/file/CompositeFileCollectionBeanInfo> (0x000000008ce0d2d0) thrown at [./src/hotspot/share/classfile/systemDictionary.cpp, line 231]
Event: 113.429 Thread 0x0000017c7e808000 Exception <a 'java/lang/ClassNotFoundException'{0x000000008ce25e80}: org/gradle/api/internal/file/CompositeFileCollectionCustomizer> (0x000000008ce25e80) thrown at [./src/hotspot/share/classfile/systemDictionary.cpp, line 231]
Event: 113.444 Thread 0x0000017c7e808000 Exception <a 'java/lang/ClassNotFoundException'{0x000000008ce4a720}: org/gradle/api/internal/file/collections/DefaultConfigurableFileCollectionCustomizer> (0x000000008ce4a720) thrown at [./src/hotspot/share/classfile/systemDictionary.cpp, line 231]
Event: 113.632 Thread 0x0000017c7e808000 Exception <a 'java/lang/ClassNotFoundException'{0x000000008cde7400}: java/util/CollectionBeanInfo> (0x000000008cde7400) thrown at [./src/hotspot/share/classfile/systemDictionary.cpp, line 231]
Event: 113.633 Thread 0x0000017c7e808000 Exception <a 'java/lang/ClassNotFoundException'{0x000000008cdefdb0}: java/util/CollectionCustomizer> (0x000000008cdefdb0) thrown at [./src/hotspot/share/classfile/systemDictionary.cpp, line 231]
Event: 113.765 Thread 0x0000017c7e808000 Exception <a 'java/lang/ClassNotFoundException'{0x000000008cc668c8}: org/gradle/api/tasks/SourceSetBeanInfo> (0x000000008cc668c8) thrown at [./src/hotspot/share/classfile/systemDictionary.cpp, line 231]
Event: 113.765 Thread 0x0000017c7e808000 Exception <a 'java/lang/ClassNotFoundException'{0x000000008cc80d28}: org/gradle/api/tasks/SourceSetCustomizer> (0x000000008cc80d28) thrown at [./src/hotspot/share/classfile/systemDictionary.cpp, line 231]
Event: 113.770 Thread 0x0000017c7e808000 Exception <a 'java/lang/ClassNotFoundException'{0x000000008ccf9b60}: java/util/LinkedHashMapBeanInfo> (0x000000008ccf9b60) thrown at [./src/hotspot/share/classfile/systemDictionary.cpp, line 231]
Event: 113.770 Thread 0x0000017c7e808000 Exception <a 'java/lang/ClassNotFoundException'{0x000000008cb020e0}: java/util/HashMapBeanInfo> (0x000000008cb020e0) thrown at [./src/hotspot/share/classfile/systemDictionary.cpp, line 231]
Event: 113.771 Thread 0x0000017c7e808000 Exception <a 'java/lang/ClassNotFoundException'{0x000000008cb0b210}: java/util/AbstractMapBeanInfo> (0x000000008cb0b210) thrown at [./src/hotspot/share/classfile/systemDictionary.cpp, line 231]
Event: 113.771 Thread 0x0000017c7e808000 Exception <a 'java/lang/ClassNotFoundException'{0x000000008cb13c00}: java/util/AbstractMapCustomizer> (0x000000008cb13c00) thrown at [./src/hotspot/share/classfile/systemDictionary.cpp, line 231]
Event: 113.772 Thread 0x0000017c7e808000 Exception <a 'java/lang/ClassNotFoundException'{0x000000008cb26130}: java/util/HashMapCustomizer> (0x000000008cb26130) thrown at [./src/hotspot/share/classfile/systemDictionary.cpp, line 231]
Event: 113.774 Thread 0x0000017c7e808000 Exception <a 'java/lang/ClassNotFoundException'{0x000000008cb46230}: java/util/LinkedHashMapCustomizer> (0x000000008cb46230) thrown at [./src/hotspot/share/classfile/systemDictionary.cpp, line 231]

Events (20 events):
Event: 114.614 loading class org/gradle/api/internal/project/ProjectInternal
Event: 114.614 loading class org/gradle/api/internal/project/ProjectInternal done
Event: 114.614 loading class org/gradle/plugins/ide/idea/model/internal/IdeaDependenciesProvider
Event: 114.614 loading class org/gradle/plugins/ide/idea/model/internal/IdeaDependenciesProvider done
Event: 114.616 loading class org/gradle/plugins/ide/internal/resolver/IdeDependencySet
Event: 114.616 loading class org/gradle/plugins/ide/internal/resolver/IdeDependencySet done
Event: 114.621 loading class org/gradle/plugins/ide/internal/resolver/IdeDependencySet$1
Event: 114.621 loading class org/gradle/plugins/ide/internal/resolver/IdeDependencySet$1 done
Event: 114.623 loading class com/google/common/collect/MultimapBuilder$EnumSetSupplier
Event: 114.623 loading class com/google/common/collect/MultimapBuilder$EnumSetSupplier done
Event: 114.630 loading class org/gradle/tooling/model/idea/IdeaJavaLanguageSettings
Event: 114.630 loading class org/gradle/tooling/model/idea/IdeaJavaLanguageSettings done
Event: 114.630 loading class org/gradle/tooling/model/idea/IdeaLanguageLevel
Event: 114.630 loading class org/gradle/tooling/model/idea/IdeaLanguageLevel done
Event: 114.631 loading class org/gradle/api/JavaVersion
Event: 114.631 loading class org/gradle/api/JavaVersion done
Event: 114.633 loading class org/gradle/tooling/model/java/InstalledJdk
Event: 114.633 loading class org/gradle/tooling/model/java/InstalledJdk done
Event: 114.635 loading class org/gradle/tooling/model/Task
Event: 114.635 loading class org/gradle/tooling/model/Task done


Dynamic libraries:
0x00007ff61c8b0000 - 0x00007ff61c8ba000 	D:\Android\jre\bin\java.exe
0x00007ff8ecbb0000 - 0x00007ff8ecdc4000 	C:\WINDOWS\SYSTEM32\ntdll.dll
0x00007ff8ec1e0000 - 0x00007ff8ec2a3000 	C:\WINDOWS\System32\KERNEL32.DLL
0x00007ff8ea3f0000 - 0x00007ff8ea78d000 	C:\WINDOWS\System32\KERNELBASE.dll
0x00007ff8e9fd0000 - 0x00007ff8ea0e1000 	C:\WINDOWS\System32\ucrtbase.dll
0x00007ff8e53c0000 - 0x00007ff8e53d7000 	D:\Android\jre\bin\VCRUNTIME140.dll
0x00007ff8e52e0000 - 0x00007ff8e52f9000 	D:\Android\jre\bin\jli.dll
0x00007ff8ebf90000 - 0x00007ff8ec13d000 	C:\WINDOWS\System32\USER32.dll
0x00007ff8ea8b0000 - 0x00007ff8ea8d6000 	C:\WINDOWS\System32\win32u.dll
0x00007ff8eb210000 - 0x00007ff8eb239000 	C:\WINDOWS\System32\GDI32.dll
0x00007ff8ea790000 - 0x00007ff8ea8a2000 	C:\WINDOWS\System32\gdi32full.dll
0x00007ff8d49a0000 - 0x00007ff8d4c2e000 	C:\WINDOWS\WinSxS\amd64_microsoft.windows.common-controls_6595b64144ccf1df_6.0.22621.608_none_a9444ca7c10bb01d\COMCTL32.dll
0x00007ff8ea350000 - 0x00007ff8ea3ea000 	C:\WINDOWS\System32\msvcp_win.dll
0x00007ff8eb240000 - 0x00007ff8eb2e7000 	C:\WINDOWS\System32\msvcrt.dll
0x00007ff8ec140000 - 0x00007ff8ec172000 	C:\WINDOWS\System32\IMM32.DLL
0x00007ff8cfff0000 - 0x00007ff8d008d000 	D:\Android\jre\bin\msvcp140.dll
0x00007ff8a5660000 - 0x00007ff8a6162000 	D:\Android\jre\bin\server\jvm.dll
0x00007ff8ebee0000 - 0x00007ff8ebf8e000 	C:\WINDOWS\System32\ADVAPI32.dll
0x00007ff8eba40000 - 0x00007ff8ebae4000 	C:\WINDOWS\System32\sechost.dll
0x00007ff8ebaf0000 - 0x00007ff8ebc05000 	C:\WINDOWS\System32\RPCRT4.dll
0x00007ff8e2980000 - 0x00007ff8e29b4000 	C:\WINDOWS\SYSTEM32\WINMM.dll
0x00007ff8e2650000 - 0x00007ff8e265a000 	C:\WINDOWS\SYSTEM32\VERSION.dll
0x00007ff8eba30000 - 0x00007ff8eba38000 	C:\WINDOWS\System32\PSAPI.DLL
0x00007ff8e4650000 - 0x00007ff8e4659000 	C:\WINDOWS\SYSTEM32\WSOCK32.dll
0x00007ff8ebe60000 - 0x00007ff8ebed1000 	C:\WINDOWS\System32\ws2_32.DLL
0x00007ff8e9020000 - 0x00007ff8e9038000 	C:\WINDOWS\SYSTEM32\kernel.appcore.dll
0x00007ff8e43d0000 - 0x00007ff8e43e1000 	D:\Android\jre\bin\verify.dll
0x00007ff8e7980000 - 0x00007ff8e7bae000 	C:\WINDOWS\SYSTEM32\DBGHELP.DLL
0x00007ff8eb680000 - 0x00007ff8eba0a000 	C:\WINDOWS\System32\combase.dll
0x00007ff8eb5a0000 - 0x00007ff8eb677000 	C:\WINDOWS\System32\OLEAUT32.dll
0x00007ff8d23a0000 - 0x00007ff8d23d2000 	C:\WINDOWS\SYSTEM32\dbgcore.DLL
0x00007ff8ea160000 - 0x00007ff8ea1db000 	C:\WINDOWS\System32\bcryptPrimitives.dll
0x00007ff8e42e0000 - 0x00007ff8e4309000 	D:\Android\jre\bin\java.dll
0x00007ff8e4640000 - 0x00007ff8e464b000 	D:\Android\jre\bin\jimage.dll
0x00007ff8d8610000 - 0x00007ff8d8628000 	D:\Android\jre\bin\zip.dll
0x00007ff8eaa20000 - 0x00007ff8eb20f000 	C:\WINDOWS\System32\SHELL32.dll
0x00007ff8e7ff0000 - 0x00007ff8e88b8000 	C:\WINDOWS\SYSTEM32\windows.storage.dll
0x00007ff8e7eb0000 - 0x00007ff8e7fee000 	C:\WINDOWS\SYSTEM32\wintypes.dll
0x00007ff8eb4a0000 - 0x00007ff8eb591000 	C:\WINDOWS\System32\SHCORE.dll
0x00007ff8eca80000 - 0x00007ff8ecade000 	C:\WINDOWS\System32\shlwapi.dll
0x00007ff8e9f00000 - 0x00007ff8e9f21000 	C:\WINDOWS\SYSTEM32\profapi.dll
0x00007ff8d8490000 - 0x00007ff8d84aa000 	D:\Android\jre\bin\net.dll
0x00007ff8e27a0000 - 0x00007ff8e28cf000 	C:\WINDOWS\SYSTEM32\WINHTTP.dll
0x00007ff8e9490000 - 0x00007ff8e94f9000 	C:\WINDOWS\system32\mswsock.dll
0x00007ff8d76e0000 - 0x00007ff8d76f4000 	D:\Android\jre\bin\nio.dll
0x00007ff8d7070000 - 0x00007ff8d7097000 	C:\Users\nguye\.gradle\native\e1d6ef7f7dcc3fd88c89a11ec53ec762bb8ba0a96d01ffa2cd45eb1d1d8dd5c5\windows-amd64\native-platform.dll
0x00007ff8c1c60000 - 0x00007ff8c1da4000 	C:\Users\nguye\.gradle\native\0d407fdbe67a94daf76414ababcb853783967236a71b16ec16e742cd7a986fd3\windows-amd64\native-platform-file-events.dll
0x00007ff8e4380000 - 0x00007ff8e438a000 	D:\Android\jre\bin\management.dll
0x00007ff8e42d0000 - 0x00007ff8e42dd000 	D:\Android\jre\bin\management_ext.dll
0x00007ff8e96e0000 - 0x00007ff8e96fb000 	C:\WINDOWS\SYSTEM32\CRYPTSP.dll
0x00007ff8e8f90000 - 0x00007ff8e8fc5000 	C:\WINDOWS\system32\rsaenh.dll
0x00007ff8e9580000 - 0x00007ff8e95a8000 	C:\WINDOWS\SYSTEM32\USERENV.dll
0x00007ff8e98a0000 - 0x00007ff8e98c8000 	C:\WINDOWS\SYSTEM32\bcrypt.dll
0x00007ff8e9700000 - 0x00007ff8e970c000 	C:\WINDOWS\SYSTEM32\CRYPTBASE.dll
0x00007ff8e8b50000 - 0x00007ff8e8b7d000 	C:\WINDOWS\SYSTEM32\IPHLPAPI.DLL
0x00007ff8ebd40000 - 0x00007ff8ebd49000 	C:\WINDOWS\System32\NSI.dll
0x00007ff8e2630000 - 0x00007ff8e2649000 	C:\WINDOWS\SYSTEM32\dhcpcsvc6.DLL
0x00007ff8e2730000 - 0x00007ff8e274f000 	C:\WINDOWS\SYSTEM32\dhcpcsvc.DLL
0x00007ff8e8b80000 - 0x00007ff8e8c72000 	C:\WINDOWS\SYSTEM32\DNSAPI.dll

dbghelp: loaded successfully - version: 4.0.5 - missing functions: none
symbol engine: initialized successfully - sym options: 0x614 - pdb path: .;D:\Android\jre\bin;C:\WINDOWS\SYSTEM32;C:\WINDOWS\WinSxS\amd64_microsoft.windows.common-controls_6595b64144ccf1df_6.0.22621.608_none_a9444ca7c10bb01d;D:\Android\jre\bin\server;C:\Users\nguye\.gradle\native\e1d6ef7f7dcc3fd88c89a11ec53ec762bb8ba0a96d01ffa2cd45eb1d1d8dd5c5\windows-amd64;C:\Users\nguye\.gradle\native\0d407fdbe67a94daf76414ababcb853783967236a71b16ec16e742cd7a986fd3\windows-amd64

VM Arguments:
jvm_args: --add-opens=java.base/java.util=ALL-UNNAMED --add-opens=java.base/java.lang=ALL-UNNAMED --add-opens=java.base/java.lang.invoke=ALL-UNNAMED --add-opens=java.base/java.util=ALL-UNNAMED --add-opens=java.prefs/java.util.prefs=ALL-UNNAMED --add-opens=java.prefs/java.util.prefs=ALL-UNNAMED --add-opens=java.base/java.nio.charset=ALL-UNNAMED --add-opens=java.base/java.net=ALL-UNNAMED --add-opens=java.base/java.util.concurrent.atomic=ALL-UNNAMED -Xmx2048m -Dfile.encoding=UTF-8 -Duser.country=VN -Duser.language=vi -Duser.variant 
java_command: org.gradle.launcher.daemon.bootstrap.GradleDaemon 7.4
java_class_path (initial): C:\Users\nguye\.gradle\wrapper\dists\gradle-7.4-bin\c0gwcg53nkjbqw7r0h0umtfvt\gradle-7.4\lib\gradle-launcher-7.4.jar
Launcher Type: SUN_STANDARD

[Global flags]
     intx CICompilerCount                          = 3                                         {product} {ergonomic}
     uint ConcGCThreads                            = 1                                         {product} {ergonomic}
     uint G1ConcRefinementThreads                  = 4                                         {product} {ergonomic}
   size_t G1HeapRegionSize                         = 1048576                                   {product} {ergonomic}
    uintx GCDrainStackTargetSize                   = 64                                        {product} {ergonomic}
   size_t InitialHeapSize                          = 132120576                                 {product} {ergonomic}
   size_t MarkStackSize                            = 4194304                                   {product} {ergonomic}
   size_t MaxHeapSize                              = 2147483648                                {product} {command line}
   size_t MaxNewSize                               = 1287651328                                {product} {ergonomic}
   size_t MinHeapDeltaBytes                        = 1048576                                   {product} {ergonomic}
    uintx NonNMethodCodeHeapSize                   = 5830732                                {pd product} {ergonomic}
    uintx NonProfiledCodeHeapSize                  = 122913754                              {pd product} {ergonomic}
    uintx ProfiledCodeHeapSize                     = 122913754                              {pd product} {ergonomic}
    uintx ReservedCodeCacheSize                    = 251658240                              {pd product} {ergonomic}
     bool SegmentedCodeCache                       = true                                      {product} {ergonomic}
     bool UseCompressedClassPointers               = true                                 {lp64_product} {ergonomic}
     bool UseCompressedOops                        = true                                 {lp64_product} {ergonomic}
     bool UseG1GC                                  = true                                      {product} {ergonomic}
     bool UseLargePagesIndividualAllocation        = false                                  {pd product} {ergonomic}

Logging:
Log output configuration:
 #0: stdout all=warning uptime,level,tags
 #1: stderr all=off uptime,level,tags

Environment Variables:
PATH=C:\Program Files\Common Files\Oracle\Java\javapath;C:\Program Files (x86)\VMware\VMware Workstation\bin\;C:\WINDOWS\system32;C:\WINDOWS;C:\WINDOWS\System32\Wbem;C:\WINDOWS\System32\WindowsPowerShell\v1.0\;C:\WINDOWS\System32\OpenSSH\;C:\Program Files (x86)\Microsoft SQL Server\100\Tools\Binn\;C:\Program Files\Microsoft SQL Server\100\Tools\Binn\;C:\Program Files\Microsoft SQL Server\100\DTS\Binn\;C:\Program Files\PuTTY\;C:\MinGW\bin;C:\Program Files\dotnet\;C:\Program Files\Git\cmd;C:\Users\nguye\AppData\Local\Programs\Python\Python38\Scripts\;C:\Users\nguye\AppData\Local\Programs\Python\Python38\;C:\Users\nguye\AppData\Local\Microsoft\WindowsApps;;C:\Microsoft VS Code\bin;C:\intelFPGA_lite\18.1\modelsim_ase\win32aloem;C:\intelFPGA_lite\18.1\modelsim_ae\win32aloem;C:\intelFPGA\18.1\modelsim_ase\win32aloem;C:\Users\nguye\.dotnet\tools
USERNAME=nguye
OS=Windows_NT
PROCESSOR_IDENTIFIER=Intel64 Family 6 Model 142 Stepping 12, GenuineIntel



---------------  S Y S T E M  ---------------

OS: Windows 11 , 64 bit Build 22621 (10.0.22621.1105)
OS uptime: 0 days 15:16 hours

CPU:total 4 (initial active 4) (2 cores per cpu, 2 threads per core) family 6 model 142 stepping 12 microcode 0xde, cmov, cx8, fxsr, mmx, sse, sse2, sse3, ssse3, sse4.1, sse4.2, popcnt, avx, avx2, aes, clmul, erms, 3dnowpref, lzcnt, ht, tsc, tscinvbit, bmi1, bmi2, adx, fma

Memory: 4k page, system-wide physical 8044M (596M free)
TotalPageFile size 32620M (AvailPageFile size 6M)
current process WorkingSet (physical memory assigned to process): 436M, peak: 437M
current process commit charge ("private bytes"): 505M, peak: 508M

vm_info: OpenJDK 64-Bit Server VM (11.0.13+0-b1751.21-8125866) for windows-amd64 JRE (11.0.13+0-b1751.21-8125866), built on Feb  2 2022 03:00:22 by "builder" with MS VC++ 14.0 (VS2015)

END.
