#
# There is insufficient memory for the Java Runtime Environment to continue.
# Native memory allocation (mmap) failed to map 38797312 bytes for Failed to commit area from 0x000000008b700000 to 0x000000008dc00000 of length 38797312.
# Possible reasons:
#   The system is out of physical RAM or swap space
#   The process is running with CompressedOops enabled, and the Java Heap may be blocking the growth of the native heap
# Possible solutions:
#   Reduce memory load on the system
#   Increase physical memory or swap space
#   Check if swap backing store is full
#   Decrease Java heap size (-Xmx/-Xms)
#   Decrease number of Java threads
#   Decrease Java thread stack sizes (-Xss)
#   Set larger code cache with -XX:ReservedCodeCacheSize=
#   JVM is running with Unscaled Compressed Oops mode in which the Java heap is
#     placed in the first 4GB address space. The Java Heap base address is the
#     maximum limit for the native heap growth. Please use -XX:HeapBaseMinAddress
#     to set the Java Heap base and to place the Java Heap above 4GB virtual address.
# This output file may be truncated or incomplete.
#
#  Out of Memory Error (./src/hotspot/os/windows/os_windows.cpp:3619), pid=22692, tid=6140
#
# JRE version: OpenJDK Runtime Environment (11.0.13) (build 11.0.13+0-b1751.21-8125866)
# Java VM: OpenJDK 64-Bit Server VM (11.0.13+0-b1751.21-8125866, mixed mode, tiered, compressed oops, g1 gc, windows-amd64)
# No core dump will be written. Minidumps are not enabled by default on client versions of Windows
#

---------------  S U M M A R Y ------------

Command Line: --add-opens=java.base/java.util=ALL-UNNAMED --add-opens=java.base/java.lang=ALL-UNNAMED --add-opens=java.base/java.lang.invoke=ALL-UNNAMED --add-opens=java.base/java.util=ALL-UNNAMED --add-opens=java.prefs/java.util.prefs=ALL-UNNAMED --add-opens=java.prefs/java.util.prefs=ALL-UNNAMED --add-opens=java.base/java.nio.charset=ALL-UNNAMED --add-opens=java.base/java.net=ALL-UNNAMED --add-opens=java.base/java.util.concurrent.atomic=ALL-UNNAMED -Xmx2048m -Dfile.encoding=UTF-8 -Duser.country=VN -Duser.language=vi -Duser.variant org.gradle.launcher.daemon.bootstrap.GradleDaemon 7.4

Host: Intel(R) Core(TM) i3-8145U CPU @ 2.10GHz, 4 cores, 7G,  Windows 11 , 64 bit Build 22621 (10.0.22621.1105)
Time: Thu Mar  2 09:51:26 2023 SE Asia Standard Time elapsed time: 285.661489 seconds (0d 0h 4m 45s)

---------------  T H R E A D  ---------------

Current thread (0x000001a7b4427800):  VMThread "VM Thread" [stack: 0x0000003884300000,0x0000003884400000] [id=6140]

Stack: [0x0000003884300000,0x0000003884400000]
[error occurred during error reporting (printing stack bounds), id 0xc0000005, EXCEPTION_ACCESS_VIOLATION (0xc0000005) at pc=0x000001a79e34112d]

Native frames: (J=compiled Java code, j=interpreted, Vv=VM code, C=native code)
V  [jvm.dll+0x6100fa]
V  [jvm.dll+0x747090]
V  [jvm.dll+0x7486ad]
V  [jvm.dll+0x748ce5]
V  [jvm.dll+0x748c9b]
V  [jvm.dll+0x60f224]
V  [jvm.dll+0x60f9b8]
C  [ntdll.dll+0xa3eaf]
C  [ntdll.dll+0x1eae6]
C  [ntdll.dll+0xa2e9e]
C  0x000001a79e34112d

VM_Operation (0x00000038856f8400): G1CollectForAllocation, mode: safepoint, requested by thread 0x000001a7b504b000


---------------  P R O C E S S  ---------------

Threads class SMR info:
_java_thread_list=0x000001a7bccd0f50, length=79, elements={
0x000001a79a828000, 0x000001a7b442b800, 0x000001a7b442f800, 0x000001a7b444a800,
0x000001a7b444d800, 0x000001a7b444f800, 0x000001a7b4451800, 0x000001a7b4e05000,
0x000001a7b4e0d800, 0x000001a7b4ef9000, 0x000001a7b6d72800, 0x000001a7b5f04800,
0x000001a7b7b38800, 0x000001a7b682a000, 0x000001a7b58f3800, 0x000001a7b6383800,
0x000001a7b504b000, 0x000001a7b5502000, 0x000001a7b50d8000, 0x000001a7b5c53000,
0x000001a7b5c4f800, 0x000001a7b5c52000, 0x000001a7b5c4f000, 0x000001a7b5c50800,
0x000001a7b5c4d000, 0x000001a7b5c53800, 0x000001a7b5c51800, 0x000001a7b5c4e000,
0x000001a7b9351800, 0x000001a7b9354800, 0x000001a7b9353000, 0x000001a7b9356000,
0x000001a7b9357000, 0x000001a7b9352000, 0x000001a7b9358800, 0x000001a7b9359800,
0x000001a7b9354000, 0x000001a7b935e800, 0x000001a7b935a800, 0x000001a7b935b000,
0x000001a7b935d800, 0x000001a7b935f000, 0x000001a7b9360000, 0x000001a7b935d000,
0x000001a7b935c000, 0x000001a7b7a44000, 0x000001a7b7a45000, 0x000001a7b7a42800,
0x000001a7b7a45800, 0x000001a7b7a46800, 0x000001a7b7a47000, 0x000001a7b7a48000,
0x000001a7b7a49000, 0x000001a7b7a43000, 0x000001a7b7a4a800, 0x000001a7b7a4b800,
0x000001a7b7a4f800, 0x000001a7b7a49800, 0x000001a7b7a4c000, 0x000001a7b7a4d000,
0x000001a7b7a50000, 0x000001a7b7a4e800, 0x000001a7b7a4d800, 0x000001a7b7a51000,
0x000001a7b5d46000, 0x000001a7b5d43000, 0x000001a7b5d43800, 0x000001a7b5d45000,
0x000001a7b5d40800, 0x000001a7b5d44800, 0x000001a7b5d47000, 0x000001a7b5d41000,
0x000001a7b5d47800, 0x000001a7b5d42000, 0x000001a7b5d4a000, 0x000001a7b5d4d800,
0x000001a7b5d4b000, 0x000001a7b5d4b800, 0x000001a7b5d49800
}

Java Threads: ( => current thread )
  0x000001a79a828000 JavaThread "main" [_thread_blocked, id=10252, stack(0x0000003883d00000,0x0000003883e00000)]
  0x000001a7b442b800 JavaThread "Reference Handler" daemon [_thread_blocked, id=22668, stack(0x0000003884400000,0x0000003884500000)]
  0x000001a7b442f800 JavaThread "Finalizer" daemon [_thread_blocked, id=22944, stack(0x0000003884500000,0x0000003884600000)]
  0x000001a7b444a800 JavaThread "Signal Dispatcher" daemon [_thread_blocked, id=22132, stack(0x0000003884600000,0x0000003884700000)]
  0x000001a7b444d800 JavaThread "Attach Listener" daemon [_thread_blocked, id=9132, stack(0x0000003884700000,0x0000003884800000)]
  0x000001a7b444f800 JavaThread "Service Thread" daemon [_thread_blocked, id=8548, stack(0x0000003884800000,0x0000003884900000)]
  0x000001a7b4451800 JavaThread "C2 CompilerThread0" daemon [_thread_blocked, id=23300, stack(0x0000003884900000,0x0000003884a00000)]
  0x000001a7b4e05000 JavaThread "C1 CompilerThread0" daemon [_thread_blocked, id=7536, stack(0x0000003884a00000,0x0000003884b00000)]
  0x000001a7b4e0d800 JavaThread "Sweeper thread" daemon [_thread_blocked, id=13200, stack(0x0000003884b00000,0x0000003884c00000)]
  0x000001a7b4ef9000 JavaThread "Common-Cleaner" daemon [_thread_blocked, id=13644, stack(0x0000003884c00000,0x0000003884d00000)]
  0x000001a7b6d72800 JavaThread "Daemon health stats" [_thread_blocked, id=14480, stack(0x0000003885000000,0x0000003885100000)]
  0x000001a7b5f04800 JavaThread "Incoming local TCP Connector on port 22464" [_thread_in_native, id=22220, stack(0x0000003885100000,0x0000003885200000)]
  0x000001a7b7b38800 JavaThread "Daemon periodic checks" [_thread_blocked, id=464, stack(0x0000003885200000,0x0000003885300000)]
  0x000001a7b682a000 JavaThread "Daemon" [_thread_blocked, id=21620, stack(0x0000003885300000,0x0000003885400000)]
  0x000001a7b58f3800 JavaThread "Handler for socket connection from /127.0.0.1:22464 to /127.0.0.1:22465" [_thread_in_native, id=16696, stack(0x0000003885400000,0x0000003885500000)]
  0x000001a7b6383800 JavaThread "Cancel handler" [_thread_blocked, id=22348, stack(0x0000003885500000,0x0000003885600000)]
  0x000001a7b504b000 JavaThread "Daemon worker" [_thread_blocked, id=17132, stack(0x0000003885600000,0x0000003885700000)]
  0x000001a7b5502000 JavaThread "Asynchronous log dispatcher for DefaultDaemonConnection: socket connection from /127.0.0.1:22464 to /127.0.0.1:22465" [_thread_blocked, id=16656, stack(0x0000003885700000,0x0000003885800000)]
  0x000001a7b50d8000 JavaThread "Daemon client event forwarder" [_thread_blocked, id=22048, stack(0x0000003885a00000,0x0000003885b00000)]
  0x000001a7b5c53000 JavaThread "Cache worker for journal cache (C:\Users\nguye\.gradle\caches\journal-1)" [_thread_blocked, id=21468, stack(0x0000003885b00000,0x0000003885c00000)]
  0x000001a7b5c4f800 JavaThread "File lock request listener" [_thread_in_native, id=19800, stack(0x0000003885c00000,0x0000003885d00000)]
  0x000001a7b5c52000 JavaThread "Cache worker for file hash cache (C:\Users\nguye\.gradle\caches\7.4\fileHashes)" [_thread_blocked, id=17376, stack(0x0000003885d00000,0x0000003885e00000)]
  0x000001a7b5c4f000 JavaThread "File watcher server" daemon [_thread_in_native, id=9004, stack(0x0000003885e00000,0x0000003885f00000)]
  0x000001a7b5c50800 JavaThread "File watcher consumer" daemon [_thread_blocked, id=17816, stack(0x0000003885f00000,0x0000003886000000)]
  0x000001a7b5c4d000 JavaThread "jar transforms" [_thread_blocked, id=19796, stack(0x0000003886000000,0x0000003886100000)]
  0x000001a7b5c53800 JavaThread "jar transforms Thread 2" [_thread_blocked, id=6740, stack(0x0000003886100000,0x0000003886200000)]
  0x000001a7b5c51800 JavaThread "jar transforms Thread 3" [_thread_blocked, id=16824, stack(0x0000003886200000,0x0000003886300000)]
  0x000001a7b5c4e000 JavaThread "jar transforms Thread 4" [_thread_blocked, id=10440, stack(0x0000003886300000,0x0000003886400000)]
  0x000001a7b9351800 JavaThread "Cache worker for checksums cache (D:\Seminar\My Travel\.gradle\7.4\checksums)" [_thread_blocked, id=22736, stack(0x0000003883a00000,0x0000003883b00000)]
  0x000001a7b9354800 JavaThread "Cache worker for cache directory md-rule (C:\Users\nguye\.gradle\caches\7.4\md-rule)" [_thread_blocked, id=9552, stack(0x0000003886400000,0x0000003886500000)]
  0x000001a7b9353000 JavaThread "Cache worker for file hash cache (D:\Seminar\My Travel\.gradle\7.4\fileHashes)" [_thread_blocked, id=1928, stack(0x0000003886500000,0x0000003886600000)]
  0x000001a7b9356000 JavaThread "Cache worker for cache directory md-supplier (C:\Users\nguye\.gradle\caches\7.4\md-supplier)" [_thread_blocked, id=9868, stack(0x0000003886600000,0x0000003886700000)]
  0x000001a7b9357000 JavaThread "Cache worker for execution history cache (C:\Users\nguye\.gradle\caches\7.4\executionHistory)" [_thread_blocked, id=11364, stack(0x0000003886700000,0x0000003886800000)]
  0x000001a7b9352000 JavaThread "Cache worker for file content cache (C:\Users\nguye\.gradle\caches\7.4\fileContent)" [_thread_blocked, id=21544, stack(0x0000003886b00000,0x0000003886c00000)]
  0x000001a7b9358800 JavaThread "Cache worker for dependencies-accessors (D:\Seminar\My Travel\.gradle\7.4\dependencies-accessors)" [_thread_blocked, id=19860, stack(0x0000003886800000,0x0000003886900000)]
  0x000001a7b9359800 JavaThread "Cache worker for Build Output Cleanup Cache (D:\Seminar\My Travel\.gradle\buildOutputCleanup)" [_thread_blocked, id=21956, stack(0x0000003883b00000,0x0000003883c00000)]
  0x000001a7b9354000 JavaThread "Unconstrained build operations" [_thread_blocked, id=20024, stack(0x0000003883c00000,0x0000003883d00000)]
  0x000001a7b935e800 JavaThread "Unconstrained build operations Thread 2" [_thread_blocked, id=15744, stack(0x0000003885800000,0x0000003885900000)]
  0x000001a7b935a800 JavaThread "Unconstrained build operations Thread 3" [_thread_blocked, id=21672, stack(0x0000003886c00000,0x0000003886d00000)]
  0x000001a7b935b000 JavaThread "Unconstrained build operations Thread 4" [_thread_blocked, id=22760, stack(0x0000003886d00000,0x0000003886e00000)]
  0x000001a7b935d800 JavaThread "Unconstrained build operations Thread 5" [_thread_blocked, id=22624, stack(0x0000003886e00000,0x0000003886f00000)]
  0x000001a7b935f000 JavaThread "Unconstrained build operations Thread 6" [_thread_blocked, id=22140, stack(0x0000003886f00000,0x0000003887000000)]
  0x000001a7b9360000 JavaThread "Unconstrained build operations Thread 7" [_thread_blocked, id=11588, stack(0x0000003887000000,0x0000003887100000)]
  0x000001a7b935d000 JavaThread "Unconstrained build operations Thread 8" [_thread_blocked, id=22920, stack(0x0000003887100000,0x0000003887200000)]
  0x000001a7b935c000 JavaThread "Unconstrained build operations Thread 9" [_thread_blocked, id=22956, stack(0x0000003887200000,0x0000003887300000)]
  0x000001a7b7a44000 JavaThread "Unconstrained build operations Thread 10" [_thread_blocked, id=8696, stack(0x0000003887300000,0x0000003887400000)]
  0x000001a7b7a45000 JavaThread "Unconstrained build operations Thread 11" [_thread_blocked, id=19668, stack(0x0000003887400000,0x0000003887500000)]
  0x000001a7b7a42800 JavaThread "Unconstrained build operations Thread 12" [_thread_blocked, id=16600, stack(0x0000003887500000,0x0000003887600000)]
  0x000001a7b7a45800 JavaThread "Unconstrained build operations Thread 13" [_thread_blocked, id=20520, stack(0x0000003887600000,0x0000003887700000)]
  0x000001a7b7a46800 JavaThread "Unconstrained build operations Thread 14" [_thread_blocked, id=23400, stack(0x0000003887700000,0x0000003887800000)]
  0x000001a7b7a47000 JavaThread "Unconstrained build operations Thread 15" [_thread_blocked, id=21748, stack(0x0000003887800000,0x0000003887900000)]
  0x000001a7b7a48000 JavaThread "Unconstrained build operations Thread 16" [_thread_blocked, id=11092, stack(0x0000003887900000,0x0000003887a00000)]
  0x000001a7b7a49000 JavaThread "Unconstrained build operations Thread 17" [_thread_blocked, id=22596, stack(0x0000003887a00000,0x0000003887b00000)]
  0x000001a7b7a43000 JavaThread "Unconstrained build operations Thread 18" [_thread_blocked, id=16172, stack(0x0000003887b00000,0x0000003887c00000)]
  0x000001a7b7a4a800 JavaThread "Unconstrained build operations Thread 19" [_thread_blocked, id=11916, stack(0x0000003887c00000,0x0000003887d00000)]
  0x000001a7b7a4b800 JavaThread "Unconstrained build operations Thread 20" [_thread_blocked, id=2052, stack(0x0000003887d00000,0x0000003887e00000)]
  0x000001a7b7a4f800 JavaThread "Unconstrained build operations Thread 21" [_thread_blocked, id=10748, stack(0x0000003887e00000,0x0000003887f00000)]
  0x000001a7b7a49800 JavaThread "Unconstrained build operations Thread 22" [_thread_blocked, id=22448, stack(0x0000003887f00000,0x0000003888000000)]
  0x000001a7b7a4c000 JavaThread "Unconstrained build operations Thread 23" [_thread_blocked, id=15800, stack(0x0000003888000000,0x0000003888100000)]
  0x000001a7b7a4d000 JavaThread "Unconstrained build operations Thread 24" [_thread_blocked, id=23324, stack(0x0000003888100000,0x0000003888200000)]
  0x000001a7b7a50000 JavaThread "Unconstrained build operations Thread 25" [_thread_blocked, id=14820, stack(0x0000003888200000,0x0000003888300000)]
  0x000001a7b7a4e800 JavaThread "Unconstrained build operations Thread 26" [_thread_blocked, id=23280, stack(0x0000003888300000,0x0000003888400000)]
  0x000001a7b7a4d800 JavaThread "Unconstrained build operations Thread 27" [_thread_blocked, id=23344, stack(0x0000003888400000,0x0000003888500000)]
  0x000001a7b7a51000 JavaThread "Unconstrained build operations Thread 28" [_thread_blocked, id=21784, stack(0x0000003888500000,0x0000003888600000)]
  0x000001a7b5d46000 JavaThread "Unconstrained build operations Thread 29" [_thread_blocked, id=18344, stack(0x0000003888600000,0x0000003888700000)]
  0x000001a7b5d43000 JavaThread "Unconstrained build operations Thread 30" [_thread_blocked, id=9904, stack(0x0000003888700000,0x0000003888800000)]
  0x000001a7b5d43800 JavaThread "Unconstrained build operations Thread 31" [_thread_blocked, id=17268, stack(0x0000003888800000,0x0000003888900000)]
  0x000001a7b5d45000 JavaThread "Unconstrained build operations Thread 32" [_thread_blocked, id=22884, stack(0x0000003888900000,0x0000003888a00000)]
  0x000001a7b5d40800 JavaThread "Unconstrained build operations Thread 33" [_thread_blocked, id=20316, stack(0x0000003888a00000,0x0000003888b00000)]
  0x000001a7b5d44800 JavaThread "Unconstrained build operations Thread 34" [_thread_blocked, id=20264, stack(0x0000003888b00000,0x0000003888c00000)]
  0x000001a7b5d47000 JavaThread "Unconstrained build operations Thread 35" [_thread_blocked, id=10244, stack(0x0000003888c00000,0x0000003888d00000)]
  0x000001a7b5d41000 JavaThread "Unconstrained build operations Thread 36" [_thread_blocked, id=9600, stack(0x0000003888d00000,0x0000003888e00000)]
  0x000001a7b5d47800 JavaThread "Unconstrained build operations Thread 37" [_thread_blocked, id=11996, stack(0x0000003888e00000,0x0000003888f00000)]
  0x000001a7b5d42000 JavaThread "Unconstrained build operations Thread 38" [_thread_blocked, id=11932, stack(0x0000003888f00000,0x0000003889000000)]
  0x000001a7b5d4a000 JavaThread "Unconstrained build operations Thread 39" [_thread_blocked, id=2252, stack(0x0000003889000000,0x0000003889100000)]
  0x000001a7b5d4d800 JavaThread "Unconstrained build operations Thread 40" [_thread_blocked, id=2636, stack(0x0000003889100000,0x0000003889200000)]
  0x000001a7b5d4b000 JavaThread "Memory manager" [_thread_blocked, id=9956, stack(0x0000003889200000,0x0000003889300000)]
  0x000001a7b5d4b800 JavaThread "pool-3-thread-1" [_thread_blocked, id=16724, stack(0x0000003889300000,0x0000003889400000)]
  0x000001a7b5d49800 JavaThread "Cache worker for execution history cache (D:\Seminar\My Travel\.gradle\7.4\executionHistory)" [_thread_blocked, id=11840, stack(0x0000003889800000,0x0000003889900000)]

Other Threads:
=>0x000001a7b4427800 VMThread "VM Thread" [stack: 0x0000003884300000,0x0000003884400000] [id=6140]
  0x000001a7b4f00800 WatcherThread [stack: 0x0000003884d00000,0x0000003884e00000] [id=22660]
  0x000001a79a842000 GCTaskThread "GC Thread#0" [stack: 0x0000003883e00000,0x0000003883f00000] [id=22128]
  0x000001a7b5542000 GCTaskThread "GC Thread#1" [stack: 0x0000003884e00000,0x0000003884f00000] [id=11120]
  0x000001a7b5543000 GCTaskThread "GC Thread#2" [stack: 0x0000003884f00000,0x0000003885000000] [id=17920]
  0x000001a7b693e800 GCTaskThread "GC Thread#3" [stack: 0x0000003885900000,0x0000003885a00000] [id=23184]
  0x000001a79a872000 ConcurrentGCThread "G1 Main Marker" [stack: 0x0000003883f00000,0x0000003884000000] [id=9944]
  0x000001a79a875800 ConcurrentGCThread "G1 Conc#0" [stack: 0x0000003884000000,0x0000003884100000] [id=19684]
  0x000001a79a8f8000 ConcurrentGCThread "G1 Refine#0" [stack: 0x0000003884100000,0x0000003884200000] [id=23328]
  0x000001a7b4280800 ConcurrentGCThread "G1 Young RemSet Sampling" [stack: 0x0000003884200000,0x0000003884300000] [id=22404]

Threads with active compile tasks:

VM state:at safepoint (normal execution)

VM Mutex/Monitor currently owned by a thread:  ([mutex/lock_event])
[0x000001a79a8247e0] Threads_lock - owner thread: 0x000001a7b4427800
[0x000001a79a825950] Heap_lock - owner thread: 0x000001a7b504b000

Heap address: 0x0000000080000000, size: 2048 MB, Compressed Oops mode: 32-bit
Narrow klass base: 0x0000000000000000, Narrow klass shift: 3
Compressed class space size: 1073741824 Address: 0x0000000100000000

Heap:
 garbage-first heap   total 225280K, used 167717K [0x0000000080000000, 0x0000000100000000)
  region size 1024K, 2 young (2048K), 2 survivors (2048K)
 Metaspace       used 101847K, capacity 104492K, committed 104700K, reserved 1140736K
  class space    used 12913K, capacity 13795K, committed 13900K, reserved 1048576K
Heap Regions: E=young(eden), S=young(survivor), O=old, HS=humongous(starts), HC=humongous(continues), CS=collection set, F=free, A=archive, TAMS=top-at-mark-start (previous, next)
|   0|0x0000000080000000, 0x0000000080100000, 0x0000000080100000|100%|HS|  |TAMS 0x0000000080100000, 0x0000000080000000| Complete 
|   1|0x0000000080100000, 0x0000000080200000, 0x0000000080200000|100%|HC|  |TAMS 0x0000000080200000, 0x0000000080100000| Complete 
|   2|0x0000000080200000, 0x0000000080300000, 0x0000000080300000|100%|HC|  |TAMS 0x0000000080300000, 0x0000000080200000| Complete 
|   3|0x0000000080300000, 0x0000000080400000, 0x0000000080400000|100%| O|  |TAMS 0x0000000080400000, 0x0000000080300000| Untracked 
|   4|0x0000000080400000, 0x0000000080500000, 0x0000000080500000|100%| O|  |TAMS 0x0000000080500000, 0x0000000080400000| Untracked 
|   5|0x0000000080500000, 0x0000000080600000, 0x0000000080600000|100%| O|  |TAMS 0x0000000080600000, 0x0000000080500000| Untracked 
|   6|0x0000000080600000, 0x0000000080700000, 0x0000000080700000|100%| O|  |TAMS 0x0000000080700000, 0x0000000080600000| Untracked 
|   7|0x0000000080700000, 0x0000000080800000, 0x0000000080800000|100%| O|  |TAMS 0x0000000080800000, 0x0000000080700000| Untracked 
|   8|0x0000000080800000, 0x0000000080900000, 0x0000000080900000|100%| O|  |TAMS 0x0000000080900000, 0x0000000080800000| Untracked 
|   9|0x0000000080900000, 0x0000000080a00000, 0x0000000080a00000|100%| O|  |TAMS 0x0000000080a00000, 0x0000000080900000| Untracked 
|  10|0x0000000080a00000, 0x0000000080b00000, 0x0000000080b00000|100%| O|  |TAMS 0x0000000080b00000, 0x0000000080a00000| Untracked 
|  11|0x0000000080b00000, 0x0000000080c00000, 0x0000000080c00000|100%| O|  |TAMS 0x0000000080c00000, 0x0000000080b00000| Untracked 
|  12|0x0000000080c00000, 0x0000000080d00000, 0x0000000080d00000|100%| O|  |TAMS 0x0000000080d00000, 0x0000000080c00000| Untracked 
|  13|0x0000000080d00000, 0x0000000080e00000, 0x0000000080e00000|100%| O|  |TAMS 0x0000000080e00000, 0x0000000080d00000| Untracked 
|  14|0x0000000080e00000, 0x0000000080f00000, 0x0000000080f00000|100%| O|  |TAMS 0x0000000080f00000, 0x0000000080e00000| Untracked 
|  15|0x0000000080f00000, 0x0000000081000000, 0x0000000081000000|100%| O|  |TAMS 0x0000000081000000, 0x0000000080f00000| Complete 
|  16|0x0000000081000000, 0x0000000081100000, 0x0000000081100000|100%|HS|  |TAMS 0x0000000081100000, 0x0000000081000000| Complete 
|  17|0x0000000081100000, 0x0000000081200000, 0x0000000081200000|100%|HC|  |TAMS 0x0000000081200000, 0x0000000081100000| Complete 
|  18|0x0000000081200000, 0x0000000081300000, 0x0000000081300000|100%|HS|  |TAMS 0x0000000081300000, 0x0000000081200000| Complete 
|  19|0x0000000081300000, 0x0000000081400000, 0x0000000081400000|100%|HC|  |TAMS 0x0000000081400000, 0x0000000081300000| Complete 
|  20|0x0000000081400000, 0x0000000081500000, 0x0000000081500000|100%|HC|  |TAMS 0x0000000081500000, 0x0000000081400000| Complete 
|  21|0x0000000081500000, 0x0000000081600000, 0x0000000081600000|100%|HS|  |TAMS 0x0000000081600000, 0x0000000081500000| Complete 
|  22|0x0000000081600000, 0x0000000081700000, 0x0000000081700000|100%|HC|  |TAMS 0x0000000081700000, 0x0000000081600000| Complete 
|  23|0x0000000081700000, 0x0000000081800000, 0x0000000081800000|100%|HC|  |TAMS 0x0000000081800000, 0x0000000081700000| Complete 
|  24|0x0000000081800000, 0x0000000081900000, 0x0000000081900000|100%|HS|  |TAMS 0x0000000081900000, 0x0000000081800000| Complete 
|  25|0x0000000081900000, 0x0000000081a00000, 0x0000000081a00000|100%|HC|  |TAMS 0x0000000081a00000, 0x0000000081900000| Complete 
|  26|0x0000000081a00000, 0x0000000081b00000, 0x0000000081b00000|100%|HC|  |TAMS 0x0000000081b00000, 0x0000000081a00000| Complete 
|  27|0x0000000081b00000, 0x0000000081c00000, 0x0000000081c00000|100%|HC|  |TAMS 0x0000000081c00000, 0x0000000081b00000| Complete 
|  28|0x0000000081c00000, 0x0000000081d00000, 0x0000000081d00000|100%|HS|  |TAMS 0x0000000081d00000, 0x0000000081c00000| Complete 
|  29|0x0000000081d00000, 0x0000000081e00000, 0x0000000081e00000|100%|HC|  |TAMS 0x0000000081e00000, 0x0000000081d00000| Complete 
|  30|0x0000000081e00000, 0x0000000081f00000, 0x0000000081f00000|100%|HC|  |TAMS 0x0000000081f00000, 0x0000000081e00000| Complete 
|  31|0x0000000081f00000, 0x0000000082000000, 0x0000000082000000|100%|HC|  |TAMS 0x0000000082000000, 0x0000000081f00000| Complete 
|  32|0x0000000082000000, 0x0000000082100000, 0x0000000082100000|100%|HC|  |TAMS 0x0000000082100000, 0x0000000082000000| Complete 
|  33|0x0000000082100000, 0x0000000082200000, 0x0000000082200000|100%| O|  |TAMS 0x0000000082200000, 0x0000000082100000| Untracked 
|  34|0x0000000082200000, 0x0000000082300000, 0x0000000082300000|100%| O|  |TAMS 0x0000000082300000, 0x0000000082200000| Untracked 
|  35|0x0000000082300000, 0x0000000082400000, 0x0000000082400000|100%| O|  |TAMS 0x0000000082400000, 0x0000000082300000| Untracked 
|  36|0x0000000082400000, 0x0000000082500000, 0x0000000082500000|100%| O|  |TAMS 0x0000000082500000, 0x0000000082400000| Untracked 
|  37|0x0000000082500000, 0x0000000082600000, 0x0000000082600000|100%| O|  |TAMS 0x0000000082600000, 0x0000000082500000| Complete 
|  38|0x0000000082600000, 0x0000000082700000, 0x0000000082700000|100%| O|  |TAMS 0x0000000082700000, 0x0000000082600000| Untracked 
|  39|0x0000000082700000, 0x0000000082800000, 0x0000000082800000|100%| O|  |TAMS 0x0000000082800000, 0x0000000082700000| Untracked 
|  40|0x0000000082800000, 0x0000000082900000, 0x0000000082900000|100%| O|  |TAMS 0x0000000082900000, 0x0000000082800000| Untracked 
|  41|0x0000000082900000, 0x0000000082a00000, 0x0000000082a00000|100%|HS|  |TAMS 0x0000000082a00000, 0x0000000082900000| Complete 
|  42|0x0000000082a00000, 0x0000000082b00000, 0x0000000082b00000|100%|HC|  |TAMS 0x0000000082b00000, 0x0000000082a00000| Complete 
|  43|0x0000000082b00000, 0x0000000082c00000, 0x0000000082c00000|100%|HS|  |TAMS 0x0000000082c00000, 0x0000000082b00000| Complete 
|  44|0x0000000082c00000, 0x0000000082d00000, 0x0000000082d00000|100%|HC|  |TAMS 0x0000000082d00000, 0x0000000082c00000| Complete 
|  45|0x0000000082d00000, 0x0000000082e00000, 0x0000000082e00000|100%|HC|  |TAMS 0x0000000082e00000, 0x0000000082d00000| Complete 
|  46|0x0000000082e00000, 0x0000000082f00000, 0x0000000082f00000|100%|HC|  |TAMS 0x0000000082f00000, 0x0000000082e00000| Complete 
|  47|0x0000000082f00000, 0x0000000083000000, 0x0000000083000000|100%|HS|  |TAMS 0x0000000083000000, 0x0000000082f00000| Complete 
|  48|0x0000000083000000, 0x0000000083100000, 0x0000000083100000|100%|HC|  |TAMS 0x0000000083100000, 0x0000000083000000| Complete 
|  49|0x0000000083100000, 0x0000000083200000, 0x0000000083200000|100%|HC|  |TAMS 0x0000000083200000, 0x0000000083100000| Complete 
|  50|0x0000000083200000, 0x0000000083300000, 0x0000000083300000|100%| O|  |TAMS 0x0000000083300000, 0x0000000083200000| Untracked 
|  51|0x0000000083300000, 0x0000000083400000, 0x0000000083400000|100%| O|  |TAMS 0x0000000083400000, 0x0000000083300000| Untracked 
|  52|0x0000000083400000, 0x0000000083500000, 0x0000000083500000|100%| O|  |TAMS 0x0000000083500000, 0x0000000083400000| Untracked 
|  53|0x0000000083500000, 0x0000000083600000, 0x0000000083600000|100%| O|  |TAMS 0x0000000083600000, 0x0000000083500000| Untracked 
|  54|0x0000000083600000, 0x0000000083700000, 0x0000000083700000|100%| O|  |TAMS 0x0000000083700000, 0x0000000083600000| Complete 
|  55|0x0000000083700000, 0x0000000083800000, 0x0000000083800000|100%| O|  |TAMS 0x0000000083800000, 0x0000000083700000| Untracked 
|  56|0x0000000083800000, 0x0000000083900000, 0x0000000083900000|100%| O|  |TAMS 0x0000000083900000, 0x0000000083800000| Untracked 
|  57|0x0000000083900000, 0x0000000083a00000, 0x0000000083a00000|100%| O|  |TAMS 0x0000000083a00000, 0x0000000083900000| Complete 
|  58|0x0000000083a00000, 0x0000000083b00000, 0x0000000083b00000|100%| O|  |TAMS 0x0000000083b00000, 0x0000000083a00000| Complete 
|  59|0x0000000083b00000, 0x0000000083c00000, 0x0000000083c00000|100%|HS|  |TAMS 0x0000000083c00000, 0x0000000083b00000| Complete 
|  60|0x0000000083c00000, 0x0000000083d00000, 0x0000000083d00000|100%|HC|  |TAMS 0x0000000083d00000, 0x0000000083c00000| Complete 
|  61|0x0000000083d00000, 0x0000000083e00000, 0x0000000083e00000|100%|HC|  |TAMS 0x0000000083e00000, 0x0000000083d00000| Complete 
|  62|0x0000000083e00000, 0x0000000083f00000, 0x0000000083f00000|100%| O|  |TAMS 0x0000000083f00000, 0x0000000083e00000| Complete 
|  63|0x0000000083f00000, 0x0000000084000000, 0x0000000084000000|100%| O|  |TAMS 0x0000000084000000, 0x0000000083f00000| Untracked 
|  64|0x0000000084000000, 0x0000000084100000, 0x0000000084100000|100%| O|  |TAMS 0x0000000084100000, 0x0000000084000000| Untracked 
|  65|0x0000000084100000, 0x0000000084200000, 0x0000000084200000|100%| O|  |TAMS 0x0000000084200000, 0x0000000084100000| Untracked 
|  66|0x0000000084200000, 0x0000000084300000, 0x0000000084300000|100%| O|  |TAMS 0x0000000084300000, 0x0000000084200000| Untracked 
|  67|0x0000000084300000, 0x0000000084400000, 0x0000000084400000|100%|HS|  |TAMS 0x0000000084400000, 0x0000000084300000| Complete 
|  68|0x0000000084400000, 0x0000000084500000, 0x0000000084500000|100%|HC|  |TAMS 0x0000000084500000, 0x0000000084400000| Complete 
|  69|0x0000000084500000, 0x0000000084600000, 0x0000000084600000|100%|HC|  |TAMS 0x0000000084600000, 0x0000000084500000| Complete 
|  70|0x0000000084600000, 0x0000000084700000, 0x0000000084700000|100%|HC|  |TAMS 0x0000000084700000, 0x0000000084600000| Complete 
|  71|0x0000000084700000, 0x0000000084800000, 0x0000000084800000|100%|HC|  |TAMS 0x0000000084800000, 0x0000000084700000| Complete 
|  72|0x0000000084800000, 0x0000000084900000, 0x0000000084900000|100%| O|  |TAMS 0x0000000084900000, 0x0000000084800000| Untracked 
|  73|0x0000000084900000, 0x0000000084a00000, 0x0000000084a00000|100%| O|  |TAMS 0x0000000084a00000, 0x0000000084900000| Untracked 
|  74|0x0000000084a00000, 0x0000000084b00000, 0x0000000084b00000|100%| O|  |TAMS 0x0000000084b00000, 0x0000000084a00000| Complete 
|  75|0x0000000084b00000, 0x0000000084c00000, 0x0000000084c00000|100%|HS|  |TAMS 0x0000000084c00000, 0x0000000084b00000| Complete 
|  76|0x0000000084c00000, 0x0000000084d00000, 0x0000000084d00000|100%| O|  |TAMS 0x0000000084d00000, 0x0000000084c00000| Complete 
|  77|0x0000000084d00000, 0x0000000084e00000, 0x0000000084e00000|100%|HS|  |TAMS 0x0000000084e00000, 0x0000000084d00000| Complete 
|  78|0x0000000084e00000, 0x0000000084f00000, 0x0000000084f00000|100%| O|  |TAMS 0x0000000084f00000, 0x0000000084e00000| Complete 
|  79|0x0000000084f00000, 0x0000000084f00000, 0x0000000085000000|  0%| F|  |TAMS 0x0000000084f00000, 0x0000000084f00000| Untracked 
|  80|0x0000000085000000, 0x0000000085100000, 0x0000000085100000|100%| O|  |TAMS 0x0000000085100000, 0x0000000085000000| Untracked 
|  81|0x0000000085100000, 0x0000000085200000, 0x0000000085200000|100%| O|  |TAMS 0x0000000085200000, 0x0000000085100000| Untracked 
|  82|0x0000000085200000, 0x0000000085300000, 0x0000000085300000|100%| O|  |TAMS 0x0000000085300000, 0x0000000085200000| Untracked 
|  83|0x0000000085300000, 0x0000000085400000, 0x0000000085400000|100%| O|  |TAMS 0x0000000085400000, 0x0000000085300000| Complete 
|  84|0x0000000085400000, 0x0000000085500000, 0x0000000085500000|100%| O|  |TAMS 0x0000000085500000, 0x0000000085400000| Complete 
|  85|0x0000000085500000, 0x0000000085600000, 0x0000000085600000|100%|HS|  |TAMS 0x0000000085600000, 0x0000000085500000| Complete 
|  86|0x0000000085600000, 0x0000000085700000, 0x0000000085700000|100%|HC|  |TAMS 0x0000000085700000, 0x0000000085600000| Complete 
|  87|0x0000000085700000, 0x0000000085800000, 0x0000000085800000|100%| O|  |TAMS 0x0000000085800000, 0x0000000085700000| Untracked 
|  88|0x0000000085800000, 0x0000000085900000, 0x0000000085900000|100%| O|  |TAMS 0x0000000085900000, 0x0000000085800000| Untracked 
|  89|0x0000000085900000, 0x0000000085a00000, 0x0000000085a00000|100%| O|  |TAMS 0x0000000085a00000, 0x0000000085900000| Untracked 
|  90|0x0000000085a00000, 0x0000000085b00000, 0x0000000085b00000|100%| O|  |TAMS 0x0000000085b00000, 0x0000000085a00000| Untracked 
|  91|0x0000000085b00000, 0x0000000085c00000, 0x0000000085c00000|100%| O|  |TAMS 0x0000000085c00000, 0x0000000085b00000| Untracked 
|  92|0x0000000085c00000, 0x0000000085d00000, 0x0000000085d00000|100%| O|  |TAMS 0x0000000085d00000, 0x0000000085c00000| Untracked 
|  93|0x0000000085d00000, 0x0000000085e00000, 0x0000000085e00000|100%| O|  |TAMS 0x0000000085e00000, 0x0000000085d00000| Untracked 
|  94|0x0000000085e00000, 0x0000000085f00000, 0x0000000085f00000|100%| O|  |TAMS 0x0000000085f00000, 0x0000000085e00000| Untracked 
|  95|0x0000000085f00000, 0x0000000086000000, 0x0000000086000000|100%| O|  |TAMS 0x0000000086000000, 0x0000000085f00000| Untracked 
|  96|0x0000000086000000, 0x0000000086100000, 0x0000000086100000|100%| O|  |TAMS 0x0000000086100000, 0x0000000086000000| Untracked 
|  97|0x0000000086100000, 0x0000000086200000, 0x0000000086200000|100%| O|  |TAMS 0x0000000086200000, 0x0000000086100000| Complete 
|  98|0x0000000086200000, 0x0000000086300000, 0x0000000086300000|100%| O|  |TAMS 0x0000000086300000, 0x0000000086200000| Complete 
|  99|0x0000000086300000, 0x0000000086400000, 0x0000000086400000|100%| O|  |TAMS 0x0000000086400000, 0x0000000086300000| Complete 
| 100|0x0000000086400000, 0x0000000086500000, 0x0000000086500000|100%| O|  |TAMS 0x0000000086500000, 0x0000000086400000| Untracked 
| 101|0x0000000086500000, 0x0000000086600000, 0x0000000086600000|100%| O|  |TAMS 0x0000000086600000, 0x0000000086500000| Untracked 
| 102|0x0000000086600000, 0x0000000086700000, 0x0000000086700000|100%| O|  |TAMS 0x0000000086700000, 0x0000000086600000| Untracked 
| 103|0x0000000086700000, 0x0000000086800000, 0x0000000086800000|100%| O|  |TAMS 0x0000000086800000, 0x0000000086700000| Untracked 
| 104|0x0000000086800000, 0x0000000086900000, 0x0000000086900000|100%| O|  |TAMS 0x0000000086900000, 0x0000000086800000| Untracked 
| 105|0x0000000086900000, 0x0000000086a00000, 0x0000000086a00000|100%| O|  |TAMS 0x0000000086a00000, 0x0000000086900000| Untracked 
| 106|0x0000000086a00000, 0x0000000086b00000, 0x0000000086b00000|100%| O|  |TAMS 0x0000000086b00000, 0x0000000086a00000| Untracked 
| 107|0x0000000086b00000, 0x0000000086c00000, 0x0000000086c00000|100%| O|  |TAMS 0x0000000086c00000, 0x0000000086b00000| Complete 
| 108|0x0000000086c00000, 0x0000000086d00000, 0x0000000086d00000|100%|HS|  |TAMS 0x0000000086d00000, 0x0000000086c00000| Complete 
| 109|0x0000000086d00000, 0x0000000086e00000, 0x0000000086e00000|100%| O|  |TAMS 0x0000000086e00000, 0x0000000086d00000| Untracked 
| 110|0x0000000086e00000, 0x0000000086f00000, 0x0000000086f00000|100%| O|  |TAMS 0x0000000086f00000, 0x0000000086e00000| Untracked 
| 111|0x0000000086f00000, 0x0000000087000000, 0x0000000087000000|100%| O|  |TAMS 0x0000000087000000, 0x0000000086f00000| Complete 
| 112|0x0000000087000000, 0x0000000087100000, 0x0000000087100000|100%|HS|  |TAMS 0x0000000087100000, 0x0000000087000000| Complete 
| 113|0x0000000087100000, 0x0000000087200000, 0x0000000087200000|100%|HC|  |TAMS 0x0000000087200000, 0x0000000087100000| Complete 
| 114|0x0000000087200000, 0x0000000087300000, 0x0000000087300000|100%|HS|  |TAMS 0x0000000087300000, 0x0000000087200000| Complete 
| 115|0x0000000087300000, 0x0000000087400000, 0x0000000087400000|100%|HC|  |TAMS 0x0000000087400000, 0x0000000087300000| Complete 
| 116|0x0000000087400000, 0x0000000087500000, 0x0000000087500000|100%|HC|  |TAMS 0x0000000087500000, 0x0000000087400000| Complete 
| 117|0x0000000087500000, 0x0000000087600000, 0x0000000087600000|100%|HS|  |TAMS 0x0000000087600000, 0x0000000087500000| Complete 
| 118|0x0000000087600000, 0x0000000087700000, 0x0000000087700000|100%|HC|  |TAMS 0x0000000087700000, 0x0000000087600000| Complete 
| 119|0x0000000087700000, 0x0000000087800000, 0x0000000087800000|100%|HC|  |TAMS 0x0000000087800000, 0x0000000087700000| Complete 
| 120|0x0000000087800000, 0x0000000087900000, 0x0000000087900000|100%|HS|  |TAMS 0x0000000087900000, 0x0000000087800000| Complete 
| 121|0x0000000087900000, 0x0000000087a00000, 0x0000000087a00000|100%|HC|  |TAMS 0x0000000087a00000, 0x0000000087900000| Complete 
| 122|0x0000000087a00000, 0x0000000087b00000, 0x0000000087b00000|100%|HC|  |TAMS 0x0000000087b00000, 0x0000000087a00000| Complete 
| 123|0x0000000087b00000, 0x0000000087c00000, 0x0000000087c00000|100%|HC|  |TAMS 0x0000000087c00000, 0x0000000087b00000| Complete 
| 124|0x0000000087c00000, 0x0000000087d00000, 0x0000000087d00000|100%|HS|  |TAMS 0x0000000087d00000, 0x0000000087c00000| Complete 
| 125|0x0000000087d00000, 0x0000000087e00000, 0x0000000087e00000|100%|HC|  |TAMS 0x0000000087e00000, 0x0000000087d00000| Complete 
| 126|0x0000000087e00000, 0x0000000087f00000, 0x0000000087f00000|100%|HC|  |TAMS 0x0000000087f00000, 0x0000000087e00000| Complete 
| 127|0x0000000087f00000, 0x0000000088000000, 0x0000000088000000|100%|HC|  |TAMS 0x0000000088000000, 0x0000000087f00000| Complete 
| 128|0x0000000088000000, 0x0000000088100000, 0x0000000088100000|100%|HC|  |TAMS 0x0000000088100000, 0x0000000088000000| Complete 
| 129|0x0000000088100000, 0x0000000088200000, 0x0000000088200000|100%| O|  |TAMS 0x0000000088200000, 0x0000000088100000| Untracked 
| 130|0x0000000088200000, 0x0000000088300000, 0x0000000088300000|100%| O|  |TAMS 0x0000000088300000, 0x0000000088200000| Untracked 
| 131|0x0000000088300000, 0x0000000088400000, 0x0000000088400000|100%| O|  |TAMS 0x0000000088400000, 0x0000000088300000| Untracked 
| 132|0x0000000088400000, 0x0000000088500000, 0x0000000088500000|100%| O|  |TAMS 0x0000000088500000, 0x0000000088400000| Untracked 
| 133|0x0000000088500000, 0x0000000088600000, 0x0000000088600000|100%|HS|  |TAMS 0x0000000088600000, 0x0000000088500000| Complete 
| 134|0x0000000088600000, 0x0000000088700000, 0x0000000088700000|100%| O|  |TAMS 0x0000000088700000, 0x0000000088600000| Untracked 
| 135|0x0000000088700000, 0x0000000088800000, 0x0000000088800000|100%| O|  |TAMS 0x0000000088800000, 0x0000000088700000| Untracked 
| 136|0x0000000088800000, 0x0000000088900000, 0x0000000088900000|100%| O|  |TAMS 0x0000000088900000, 0x0000000088800000| Untracked 
| 137|0x0000000088900000, 0x0000000088a00000, 0x0000000088a00000|100%| O|  |TAMS 0x0000000088a00000, 0x0000000088900000| Untracked 
| 138|0x0000000088a00000, 0x0000000088b00000, 0x0000000088b00000|100%| O|  |TAMS 0x0000000088b00000, 0x0000000088a00000| Untracked 
| 139|0x0000000088b00000, 0x0000000088c00000, 0x0000000088c00000|100%| O|  |TAMS 0x0000000088c00000, 0x0000000088b00000| Untracked 
| 140|0x0000000088c00000, 0x0000000088d00000, 0x0000000088d00000|100%| O|  |TAMS 0x0000000088d00000, 0x0000000088c00000| Complete 
| 141|0x0000000088d00000, 0x0000000088e00000, 0x0000000088e00000|100%| O|  |TAMS 0x0000000088e00000, 0x0000000088d00000| Untracked 
| 142|0x0000000088e00000, 0x0000000088f00000, 0x0000000088f00000|100%| O|  |TAMS 0x0000000088f00000, 0x0000000088e00000| Untracked 
| 143|0x0000000088f00000, 0x0000000089000000, 0x0000000089000000|100%| O|  |TAMS 0x0000000089000000, 0x0000000088f00000| Untracked 
| 144|0x0000000089000000, 0x0000000089100000, 0x0000000089100000|100%| O|  |TAMS 0x0000000089100000, 0x0000000089000000| Untracked 
| 145|0x0000000089100000, 0x0000000089200000, 0x0000000089200000|100%| O|  |TAMS 0x0000000089200000, 0x0000000089100000| Untracked 
| 146|0x0000000089200000, 0x0000000089300000, 0x0000000089300000|100%| O|  |TAMS 0x0000000089300000, 0x0000000089200000| Untracked 
| 147|0x0000000089300000, 0x0000000089400000, 0x0000000089400000|100%| O|  |TAMS 0x0000000089400000, 0x0000000089300000| Complete 
| 148|0x0000000089400000, 0x0000000089500000, 0x0000000089500000|100%| O|  |TAMS 0x0000000089500000, 0x0000000089400000| Untracked 
| 149|0x0000000089500000, 0x0000000089600000, 0x0000000089600000|100%| O|  |TAMS 0x0000000089600000, 0x0000000089500000| Untracked 
| 150|0x0000000089600000, 0x0000000089600000, 0x0000000089700000|  0%| F|  |TAMS 0x0000000089600000, 0x0000000089600000| Untracked 
| 151|0x0000000089700000, 0x0000000089800000, 0x0000000089800000|100%| O|  |TAMS 0x0000000089800000, 0x0000000089700000| Untracked 
| 152|0x0000000089800000, 0x0000000089900000, 0x0000000089900000|100%| O|  |TAMS 0x0000000089900000, 0x0000000089800000| Complete 
| 153|0x0000000089900000, 0x0000000089a00000, 0x0000000089a00000|100%| O|  |TAMS 0x0000000089a00000, 0x0000000089900000| Complete 
| 154|0x0000000089a00000, 0x0000000089a00000, 0x0000000089b00000|  0%| F|  |TAMS 0x0000000089a00000, 0x0000000089a00000| Untracked 
| 155|0x0000000089b00000, 0x0000000089c00000, 0x0000000089c00000|100%| O|  |TAMS 0x0000000089c00000, 0x0000000089b00000| Complete 
| 156|0x0000000089c00000, 0x0000000089c00000, 0x0000000089d00000|  0%| F|  |TAMS 0x0000000089c00000, 0x0000000089c00000| Untracked 
| 157|0x0000000089d00000, 0x0000000089e00000, 0x0000000089e00000|100%| O|  |TAMS 0x0000000089e00000, 0x0000000089d00000| Complete 
| 158|0x0000000089e00000, 0x0000000089f00000, 0x0000000089f00000|100%| O|  |TAMS 0x0000000089f00000, 0x0000000089e00000| Complete 
| 159|0x0000000089f00000, 0x000000008a000000, 0x000000008a000000|100%| O|  |TAMS 0x000000008a000000, 0x0000000089f00000| Complete 
| 160|0x000000008a000000, 0x000000008a100000, 0x000000008a100000|100%| O|  |TAMS 0x000000008a100000, 0x000000008a000000| Complete 
| 161|0x000000008a100000, 0x000000008a200000, 0x000000008a200000|100%| O|  |TAMS 0x000000008a200000, 0x000000008a100000| Complete 
| 162|0x000000008a200000, 0x000000008a300000, 0x000000008a300000|100%| O|  |TAMS 0x000000008a260c00, 0x000000008a200000| Untracked 
| 163|0x000000008a300000, 0x000000008a400000, 0x000000008a400000|100%| O|  |TAMS 0x000000008a300000, 0x000000008a300000| Untracked 
| 164|0x000000008a400000, 0x000000008a500000, 0x000000008a500000|100%| O|  |TAMS 0x000000008a400000, 0x000000008a400000| Untracked 
| 165|0x000000008a500000, 0x000000008a5c9400, 0x000000008a600000| 78%| O|  |TAMS 0x000000008a500000, 0x000000008a500000| Untracked 
| 166|0x000000008a600000, 0x000000008a600000, 0x000000008a700000|  0%| F|  |TAMS 0x000000008a600000, 0x000000008a600000| Untracked 
| 167|0x000000008a700000, 0x000000008a700000, 0x000000008a800000|  0%| F|  |TAMS 0x000000008a700000, 0x000000008a700000| Untracked 
| 168|0x000000008a800000, 0x000000008a800000, 0x000000008a900000|  0%| F|  |TAMS 0x000000008a800000, 0x000000008a800000| Untracked 
| 169|0x000000008a900000, 0x000000008a900000, 0x000000008aa00000|  0%| F|  |TAMS 0x000000008a900000, 0x000000008a900000| Untracked 
| 170|0x000000008aa00000, 0x000000008aa00000, 0x000000008ab00000|  0%| F|  |TAMS 0x000000008aa00000, 0x000000008aa00000| Untracked 
| 171|0x000000008ab00000, 0x000000008ab00000, 0x000000008ac00000|  0%| F|  |TAMS 0x000000008ab00000, 0x000000008ab00000| Untracked 
| 172|0x000000008ac00000, 0x000000008ac00000, 0x000000008ad00000|  0%| F|  |TAMS 0x000000008ac00000, 0x000000008ac00000| Untracked 
| 173|0x000000008ad00000, 0x000000008ad00000, 0x000000008ae00000|  0%| F|  |TAMS 0x000000008ad00000, 0x000000008ad00000| Untracked 
| 174|0x000000008ae00000, 0x000000008af00000, 0x000000008af00000|100%| S|CS|TAMS 0x000000008ae00000, 0x000000008ae00000| Complete 
| 175|0x000000008af00000, 0x000000008b000000, 0x000000008b000000|100%| S|CS|TAMS 0x000000008af00000, 0x000000008af00000| Complete 
| 176|0x000000008b000000, 0x000000008b000000, 0x000000008b100000|  0%| F|  |TAMS 0x000000008b000000, 0x000000008b000000| Untracked 
| 177|0x000000008b100000, 0x000000008b100000, 0x000000008b200000|  0%| F|  |TAMS 0x000000008b100000, 0x000000008b100000| Untracked 
| 178|0x000000008b200000, 0x000000008b200000, 0x000000008b300000|  0%| F|  |TAMS 0x000000008b200000, 0x000000008b200000| Untracked 
| 179|0x000000008b300000, 0x000000008b300000, 0x000000008b400000|  0%| F|  |TAMS 0x000000008b300000, 0x000000008b300000| Untracked 
| 180|0x000000008b400000, 0x000000008b400000, 0x000000008b500000|  0%| F|  |TAMS 0x000000008b400000, 0x000000008b400000| Untracked 
| 181|0x000000008b500000, 0x000000008b500000, 0x000000008b600000|  0%| F|  |TAMS 0x000000008b500000, 0x000000008b500000| Untracked 
| 182|0x000000008b600000, 0x000000008b600000, 0x000000008b700000|  0%| F|  |TAMS 0x000000008b600000, 0x000000008b600000| Untracked 

Card table byte_map: [0x000001a7ad740000,0x000001a7adb40000] _byte_map_base: 0x000001a7ad340000

Marking Bits (Prev, Next): (CMBitMap*) 0x000001a79a869360, (CMBitMap*) 0x000001a79a869328
 Prev Bits: [0x000001a7aff40000, 0x000001a7b1f40000)
 Next Bits: [0x000001a7adf40000, 0x000001a7aff40000)

Polling page: 0x000001a7987c0000

Metaspace:

Usage:
  Non-class:     88.57 MB capacity,    86.85 MB ( 98%) used,     1.45 MB (  2%) free+waste,   276.44 KB ( <1%) overhead. 
      Class:     13.47 MB capacity,    12.61 MB ( 94%) used,   757.48 KB (  5%) free+waste,   124.25 KB ( <1%) overhead. 
       Both:    102.04 MB capacity,    99.46 MB ( 97%) used,     2.19 MB (  2%) free+waste,   400.69 KB ( <1%) overhead. 

Virtual space:
  Non-class space:       90.00 MB reserved,      88.67 MB ( 99%) committed 
      Class space:        1.00 GB reserved,      13.57 MB (  1%) committed 
             Both:        1.09 GB reserved,     102.25 MB (  9%) committed 

Chunk freelists:
   Non-Class:  39.00 KB
       Class:  0 bytes
        Both:  39.00 KB

MaxMetaspaceSize: 17179869184.00 GB
CompressedClassSpaceSize: 1.00 GB
Initial GC threshold: 20.80 MB
Current GC threshold: 170.00 MB
CDS: off

CodeHeap 'non-profiled nmethods': size=120064Kb used=7420Kb max_used=7420Kb free=112643Kb
 bounds [0x000001a7a5e00000, 0x000001a7a6540000, 0x000001a7ad340000]
CodeHeap 'profiled nmethods': size=120000Kb used=26338Kb max_used=26338Kb free=93661Kb
 bounds [0x000001a79e8d0000, 0x000001a7a0290000, 0x000001a7a5e00000]
CodeHeap 'non-nmethods': size=5696Kb used=2409Kb max_used=2455Kb free=3287Kb
 bounds [0x000001a79e340000, 0x000001a79e5b0000, 0x000001a79e8d0000]
 total_blobs=12680 nmethods=11746 adapters=846
 compilation: enabled
              stopped_count=0, restarted_count=0
 full_count=0

Compilation events (20 events):
Event: 285.204 Thread 0x000001a7b4451800 11879       4       java.util.AbstractSequentialList::iterator (5 bytes)
Event: 285.221 Thread 0x000001a7b4451800 nmethod 11879 0x000001a7a653e110 code [0x000001a7a653e2c0, 0x000001a7a653e4f8]
Event: 285.581 Thread 0x000001a7b4451800 11891       4       java.util.stream.Collectors::toList (26 bytes)
Event: 285.593 Thread 0x000001a7b4451800 nmethod 11891 0x000001a7a653e710 code [0x000001a7a653e8c0, 0x000001a7a653ecf8]
Event: 285.595 Thread 0x000001a7b4451800 11892       4       java.lang.Boolean::hashCode (8 bytes)
Event: 285.596 Thread 0x000001a7b4451800 nmethod 11892 0x000001a7a653ee10 code [0x000001a7a653efa0, 0x000001a7a653f018]
Event: 285.599 Thread 0x000001a7b4e05000 11893       3       org.gradle.internal.component.external.model.ConfigurationBoundExternalDependencyMetadata::getExcludes (17 bytes)
Event: 285.599 Thread 0x000001a7b4e05000 nmethod 11893 0x000001a7a0285b10 code [0x000001a7a0285ce0, 0x000001a7a0285f78]
Event: 285.599 Thread 0x000001a7b4e05000 11894       3       org.gradle.internal.component.external.model.maven.MavenDependencyDescriptor::getConfigurationExcludes (19 bytes)
Event: 285.600 Thread 0x000001a7b4e05000 nmethod 11894 0x000001a7a0286090 code [0x000001a7a0286240, 0x000001a7a02863f8]
Event: 285.605 Thread 0x000001a7b4e05000 11895       3       org.gradle.api.internal.artifacts.ivyservice.resolveengine.strict.StrictVersionConstraints::intersect (42 bytes)
Event: 285.607 Thread 0x000001a7b4e05000 nmethod 11895 0x000001a7a0286490 code [0x000001a7a0286720, 0x000001a7a02871a8]
Event: 285.608 Thread 0x000001a7b4e05000 11896       3       org.gradle.internal.component.external.model.RealisedConfigurationMetadata::getDependencies (5 bytes)
Event: 285.608 Thread 0x000001a7b4e05000 nmethod 11896 0x000001a7a0287590 code [0x000001a7a0287740, 0x000001a7a02878e8]
Event: 285.618 Thread 0x000001a7b4e05000 11897       3       org.gradle.internal.component.external.model.AbstractRealisedModuleComponentResolveMetadata$ImmutableRealisedVariantImpl::getAttributes (5 bytes)
Event: 285.619 Thread 0x000001a7b4e05000 nmethod 11897 0x000001a7a0287990 code [0x000001a7a0287b40, 0x000001a7a0287c58]
Event: 285.620 Thread 0x000001a7b4e05000 11898       3       org.gradle.api.internal.artifacts.ivyservice.resolveengine.graph.selectors.SelectorStateResolverResults::sameVersion (36 bytes)
Event: 285.620 Thread 0x000001a7b4e05000 nmethod 11898 0x000001a7a0287d10 code [0x000001a7a0287f20, 0x000001a7a0288468]
Event: 285.620 Thread 0x000001a7b4e05000 11899       3       org.gradle.api.internal.artifacts.ivyservice.resolveengine.graph.builder.ComponentState::getVersion (10 bytes)
Event: 285.621 Thread 0x000001a7b4e05000 nmethod 11899 0x000001a7a0288610 code [0x000001a7a02887c0, 0x000001a7a0288918]

GC Heap History (20 events):
Event: 280.040 GC heap after
{Heap after GC invocations=118 (full 0):
 garbage-first heap   total 187392K, used 162392K [0x0000000080000000, 0x0000000100000000)
  region size 1024K, 2 young (2048K), 2 survivors (2048K)
 Metaspace       used 101152K, capacity 103766K, committed 103804K, reserved 1138688K
  class space    used 12873K, capacity 13760K, committed 13772K, reserved 1048576K
}
Event: 280.485 GC heap before
{Heap before GC invocations=118 (full 0):
 garbage-first heap   total 187392K, used 168536K [0x0000000080000000, 0x0000000100000000)
  region size 1024K, 9 young (9216K), 2 survivors (2048K)
 Metaspace       used 101215K, capacity 103894K, committed 104060K, reserved 1140736K
  class space    used 12873K, capacity 13760K, committed 13772K, reserved 1048576K
}
Event: 280.493 GC heap after
{Heap after GC invocations=119 (full 0):
 garbage-first heap   total 187392K, used 163462K [0x0000000080000000, 0x0000000100000000)
  region size 1024K, 2 young (2048K), 2 survivors (2048K)
 Metaspace       used 101215K, capacity 103894K, committed 104060K, reserved 1140736K
  class space    used 12873K, capacity 13760K, committed 13772K, reserved 1048576K
}
Event: 281.213 GC heap before
{Heap before GC invocations=119 (full 0):
 garbage-first heap   total 187392K, used 170630K [0x0000000080000000, 0x0000000100000000)
  region size 1024K, 9 young (9216K), 2 survivors (2048K)
 Metaspace       used 101230K, capacity 103894K, committed 104060K, reserved 1140736K
  class space    used 12873K, capacity 13760K, committed 13772K, reserved 1048576K
}
Event: 281.225 GC heap after
{Heap after GC invocations=120 (full 0):
 garbage-first heap   total 187392K, used 164570K [0x0000000080000000, 0x0000000100000000)
  region size 1024K, 2 young (2048K), 2 survivors (2048K)
 Metaspace       used 101230K, capacity 103894K, committed 104060K, reserved 1140736K
  class space    used 12873K, capacity 13760K, committed 13772K, reserved 1048576K
}
Event: 281.510 GC heap before
{Heap before GC invocations=120 (full 0):
 garbage-first heap   total 187392K, used 170714K [0x0000000080000000, 0x0000000100000000)
  region size 1024K, 9 young (9216K), 2 survivors (2048K)
 Metaspace       used 101244K, capacity 103900K, committed 104060K, reserved 1140736K
  class space    used 12873K, capacity 13760K, committed 13772K, reserved 1048576K
}
Event: 281.519 GC heap after
{Heap after GC invocations=121 (full 0):
 garbage-first heap   total 187392K, used 165786K [0x0000000080000000, 0x0000000100000000)
  region size 1024K, 2 young (2048K), 2 survivors (2048K)
 Metaspace       used 101244K, capacity 103900K, committed 104060K, reserved 1140736K
  class space    used 12873K, capacity 13760K, committed 13772K, reserved 1048576K
}
Event: 281.806 GC heap before
{Heap before GC invocations=122 (full 0):
 garbage-first heap   total 187392K, used 171930K [0x0000000080000000, 0x0000000100000000)
  region size 1024K, 9 young (9216K), 2 survivors (2048K)
 Metaspace       used 101284K, capacity 103904K, committed 104060K, reserved 1140736K
  class space    used 12873K, capacity 13760K, committed 13772K, reserved 1048576K
}
Event: 281.814 GC heap after
{Heap after GC invocations=123 (full 0):
 garbage-first heap   total 187392K, used 166234K [0x0000000080000000, 0x0000000100000000)
  region size 1024K, 1 young (1024K), 1 survivors (1024K)
 Metaspace       used 101284K, capacity 103904K, committed 104060K, reserved 1140736K
  class space    used 12873K, capacity 13760K, committed 13772K, reserved 1048576K
}
Event: 282.456 GC heap before
{Heap before GC invocations=123 (full 0):
 garbage-first heap   total 187392K, used 174426K [0x0000000080000000, 0x0000000100000000)
  region size 1024K, 9 young (9216K), 1 survivors (1024K)
 Metaspace       used 101302K, capacity 103906K, committed 104060K, reserved 1140736K
  class space    used 12874K, capacity 13760K, committed 13772K, reserved 1048576K
}
Event: 282.468 GC heap after
{Heap after GC invocations=124 (full 0):
 garbage-first heap   total 187392K, used 166384K [0x0000000080000000, 0x0000000100000000)
  region size 1024K, 2 young (2048K), 2 survivors (2048K)
 Metaspace       used 101302K, capacity 103906K, committed 104060K, reserved 1140736K
  class space    used 12874K, capacity 13760K, committed 13772K, reserved 1048576K
}
Event: 282.966 GC heap before
{Heap before GC invocations=124 (full 0):
 garbage-first heap   total 187392K, used 172528K [0x0000000080000000, 0x0000000100000000)
  region size 1024K, 9 young (9216K), 2 survivors (2048K)
 Metaspace       used 101422K, capacity 104050K, committed 104316K, reserved 1140736K
  class space    used 12875K, capacity 13760K, committed 13772K, reserved 1048576K
}
Event: 282.978 GC heap after
{Heap after GC invocations=125 (full 0):
 garbage-first heap   total 187392K, used 167222K [0x0000000080000000, 0x0000000100000000)
  region size 1024K, 1 young (1024K), 1 survivors (1024K)
 Metaspace       used 101422K, capacity 104050K, committed 104316K, reserved 1140736K
  class space    used 12875K, capacity 13760K, committed 13772K, reserved 1048576K
}
Event: 283.267 GC heap before
{Heap before GC invocations=125 (full 0):
 garbage-first heap   total 187392K, used 174390K [0x0000000080000000, 0x0000000100000000)
  region size 1024K, 9 young (9216K), 1 survivors (1024K)
 Metaspace       used 101449K, capacity 104057K, committed 104316K, reserved 1140736K
  class space    used 12875K, capacity 13760K, committed 13772K, reserved 1048576K
}
Event: 283.274 GC heap after
{Heap after GC invocations=126 (full 0):
 garbage-first heap   total 187392K, used 167626K [0x0000000080000000, 0x0000000100000000)
  region size 1024K, 2 young (2048K), 2 survivors (2048K)
 Metaspace       used 101449K, capacity 104057K, committed 104316K, reserved 1140736K
  class space    used 12875K, capacity 13760K, committed 13772K, reserved 1048576K
}
Event: 283.531 GC heap before
{Heap before GC invocations=126 (full 0):
 garbage-first heap   total 187392K, used 173770K [0x0000000080000000, 0x0000000100000000)
  region size 1024K, 9 young (9216K), 2 survivors (2048K)
 Metaspace       used 101716K, capacity 104282K, committed 104444K, reserved 1140736K
  class space    used 12908K, capacity 13792K, committed 13900K, reserved 1048576K
}
Event: 283.539 GC heap after
{Heap after GC invocations=127 (full 0):
 garbage-first heap   total 187392K, used 168381K [0x0000000080000000, 0x0000000100000000)
  region size 1024K, 2 young (2048K), 2 survivors (2048K)
 Metaspace       used 101716K, capacity 104282K, committed 104444K, reserved 1140736K
  class space    used 12908K, capacity 13792K, committed 13900K, reserved 1048576K
}
Event: 283.957 GC heap before
{Heap before GC invocations=128 (full 0):
 garbage-first heap   total 187392K, used 175549K [0x0000000080000000, 0x0000000100000000)
  region size 1024K, 9 young (9216K), 2 survivors (2048K)
 Metaspace       used 101733K, capacity 104349K, committed 104700K, reserved 1140736K
  class space    used 12908K, capacity 13792K, committed 13900K, reserved 1048576K
}
Event: 283.970 GC heap after
{Heap after GC invocations=129 (full 0):
 garbage-first heap   total 187392K, used 169351K [0x0000000080000000, 0x0000000100000000)
  region size 1024K, 2 young (2048K), 2 survivors (2048K)
 Metaspace       used 101733K, capacity 104349K, committed 104700K, reserved 1140736K
  class space    used 12908K, capacity 13792K, committed 13900K, reserved 1048576K
}
Event: 285.626 GC heap before
{Heap before GC invocations=129 (full 0):
 garbage-first heap   total 187392K, used 176519K [0x0000000080000000, 0x0000000100000000)
  region size 1024K, 9 young (9216K), 2 survivors (2048K)
 Metaspace       used 101847K, capacity 104492K, committed 104700K, reserved 1140736K
  class space    used 12913K, capacity 13795K, committed 13900K, reserved 1048576K
}

Deoptimization events (20 events):
Event: 284.955 Thread 0x000001a7b504b000 DEOPT PACKING pc=0x000001a7a6472e84 sp=0x00000038856f9380
Event: 284.955 Thread 0x000001a7b504b000 DEOPT UNPACKING pc=0x000001a79e38a1af sp=0x00000038856f92c0 mode 2
Event: 284.955 Thread 0x000001a7b504b000 Uncommon trap: trap_request=0xffffffde fr.pc=0x000001a7a6472e84 relative=0x00000000000004a4
Event: 284.955 Thread 0x000001a7b504b000 Uncommon trap: reason=class_check action=maybe_recompile pc=0x000001a7a6472e84 method=org.gradle.api.internal.artifacts.ivyservice.dependencysubstitution.DefaultDependencySubstitutions$ModuleMatchDependencySubstitutionAction.execute(Lorg/gradle/api/artifa
Event: 284.955 Thread 0x000001a7b504b000 DEOPT PACKING pc=0x000001a7a6472e84 sp=0x00000038856f9380
Event: 284.955 Thread 0x000001a7b504b000 DEOPT UNPACKING pc=0x000001a79e38a1af sp=0x00000038856f92c0 mode 2
Event: 284.968 Thread 0x000001a7b504b000 DEOPT PACKING pc=0x000001a79fe4dc0d sp=0x00000038856f93d0
Event: 284.968 Thread 0x000001a7b504b000 DEOPT UNPACKING pc=0x000001a79e38a95e sp=0x00000038856f8868 mode 0
Event: 285.072 Thread 0x000001a7b504b000 Uncommon trap: trap_request=0xffffffc6 fr.pc=0x000001a7a64ff3b4 relative=0x0000000000000974
Event: 285.072 Thread 0x000001a7b504b000 Uncommon trap: reason=bimorphic_or_optimized_type_check action=maybe_recompile pc=0x000001a7a64ff3b4 method=java.util.Collections.indexedBinarySearch(Ljava/util/List;Ljava/lang/Object;Ljava/util/Comparator;)I @ 3 c2
Event: 285.072 Thread 0x000001a7b504b000 DEOPT PACKING pc=0x000001a7a64ff3b4 sp=0x00000038856f9480
Event: 285.072 Thread 0x000001a7b504b000 DEOPT UNPACKING pc=0x000001a79e38a1af sp=0x00000038856f93c8 mode 2
Event: 285.072 Thread 0x000001a7b504b000 Uncommon trap: trap_request=0xffffffc6 fr.pc=0x000001a7a64ff3b4 relative=0x0000000000000974
Event: 285.072 Thread 0x000001a7b504b000 Uncommon trap: reason=bimorphic_or_optimized_type_check action=maybe_recompile pc=0x000001a7a64ff3b4 method=java.util.Collections.indexedBinarySearch(Ljava/util/List;Ljava/lang/Object;Ljava/util/Comparator;)I @ 3 c2
Event: 285.072 Thread 0x000001a7b504b000 DEOPT PACKING pc=0x000001a7a64ff3b4 sp=0x00000038856f9480
Event: 285.072 Thread 0x000001a7b504b000 DEOPT UNPACKING pc=0x000001a79e38a1af sp=0x00000038856f93c8 mode 2
Event: 285.123 Thread 0x000001a7b504b000 Uncommon trap: trap_request=0xffffffc6 fr.pc=0x000001a7a64ff3b4 relative=0x0000000000000974
Event: 285.123 Thread 0x000001a7b504b000 Uncommon trap: reason=bimorphic_or_optimized_type_check action=maybe_recompile pc=0x000001a7a64ff3b4 method=java.util.Collections.indexedBinarySearch(Ljava/util/List;Ljava/lang/Object;Ljava/util/Comparator;)I @ 3 c2
Event: 285.123 Thread 0x000001a7b504b000 DEOPT PACKING pc=0x000001a7a64ff3b4 sp=0x00000038856f9480
Event: 285.123 Thread 0x000001a7b504b000 DEOPT UNPACKING pc=0x000001a79e38a1af sp=0x00000038856f93c8 mode 2

Classes redefined (0 events):
No events

Internal exceptions (20 events):
Event: 254.334 Thread 0x000001a7b504b000 Exception <a 'java/lang/NullPointerException'{0x000000008b467950}> (0x000000008b467950) thrown at [./src/hotspot/share/interpreter/linkResolver.cpp, line 1440]
Event: 254.656 Thread 0x000001a7b504b000 Implicit null exception at 0x000001a7a6202feb to 0x000001a7a6204a08
Event: 258.254 Thread 0x000001a7b504b000 Exception <a 'java/lang/NoSuchMethodError'{0x000000008b210ae8}: 'int java.lang.invoke.DirectMethodHandle$Holder.invokeStatic(java.lang.Object, java.lang.Object, int, java.lang.Object)'> (0x000000008b210ae8) thrown at [./src/hotspot/share/interpreter/linkResolver.cpp, line 773]
Event: 259.510 Thread 0x000001a7b504b000 Exception <a 'sun/nio/fs/WindowsException'{0x000000008b137d58}> (0x000000008b137d58) thrown at [./src/hotspot/share/prims/jni.cpp, line 616]
Event: 259.511 Thread 0x000001a7b504b000 Exception <a 'sun/nio/fs/WindowsException'{0x000000008b1390d0}> (0x000000008b1390d0) thrown at [./src/hotspot/share/prims/jni.cpp, line 616]
Event: 259.511 Thread 0x000001a7b504b000 Exception <a 'sun/nio/fs/WindowsException'{0x000000008b13a498}> (0x000000008b13a498) thrown at [./src/hotspot/share/prims/jni.cpp, line 616]
Event: 259.511 Thread 0x000001a7b504b000 Exception <a 'sun/nio/fs/WindowsException'{0x000000008b13b860}> (0x000000008b13b860) thrown at [./src/hotspot/share/prims/jni.cpp, line 616]
Event: 259.985 Thread 0x000001a7b504b000 Exception <a 'java/lang/NoSuchMethodError'{0x000000008aed4990}: 'int java.lang.invoke.DirectMethodHandle$Holder.invokeSpecialIFC(java.lang.Object, java.lang.Object, java.lang.Object)'> (0x000000008aed4990) thrown at [./src/hotspot/share/interpreter/linkResolver.cpp, line 773]
Event: 260.038 Thread 0x000001a7b504b000 Exception <a 'java/lang/NoSuchMethodError'{0x000000008ad61d68}: 'java.lang.Object java.lang.invoke.Invokers$Holder.linkToTargetMethod(java.lang.Object, java.lang.Object, java.lang.Object, int, java.lang.Object, java.lang.Object)'> (0x000000008ad61d68) thrown at [./src/hotspot/share/interpreter/linkResolver.cpp, line 773]
Event: 260.555 Thread 0x000001a7b504b000 Exception <a 'java/lang/NoSuchMethodError'{0x000000008abd0708}: 'void java.lang.invoke.DirectMethodHandle$Holder.invokeStatic(java.lang.Object, java.lang.Object, java.lang.Object, java.lang.Object, int, java.lang.Object, java.lang.Object)'> (0x000000008abd0708) thrown at [./src/hotspot/share/interpreter/linkResolver.cpp, line 773]
Event: 260.650 Thread 0x000001a7b442f800 Implicit null exception at 0x000001a7a63ce60d to 0x000001a7a63cecf8
Event: 260.779 Thread 0x000001a7b504b000 Exception <a 'java/lang/IncompatibleClassChangeError'{0x000000008b697410}: Found class java.lang.Object, but interface was expected> (0x000000008b697410) thrown at [./src/hotspot/share/interpreter/linkResolver.cpp, line 839]
Event: 260.998 Thread 0x000001a7b504b000 Implicit null exception at 0x000001a7a638ec7d to 0x000001a7a638f38c
Event: 261.221 Thread 0x000001a7b504b000 Exception <a 'java/lang/IncompatibleClassChangeError'{0x000000008b4b0530}: Found class java.lang.Object, but interface was expected> (0x000000008b4b0530) thrown at [./src/hotspot/share/interpreter/linkResolver.cpp, line 839]
Event: 261.362 Thread 0x000001a7b504b000 Exception <a 'java/lang/NoSuchMethodError'{0x000000008b2bb6a0}: 'int java.lang.invoke.DirectMethodHandle$Holder.invokeStaticInit(java.lang.Object, java.lang.Object, java.lang.Object, java.lang.Object, java.lang.Object)'> (0x000000008b2bb6a0) thrown at [./src/hotspot/share/interpreter/linkResolver.cpp, line 773]
Event: 266.179 Thread 0x000001a7b504b000 Implicit null exception at 0x000001a7a63d31b3 to 0x000001a7a63d3858
Event: 266.179 Thread 0x000001a7b504b000 Implicit null exception at 0x000001a7a63d3ec0 to 0x000001a7a63d47dc
Event: 276.333 Thread 0x000001a7b504b000 Exception <a 'java/lang/NoSuchMethodError'{0x000000008ad86b80}: 'java.lang.Object java.lang.invoke.DirectMethodHandle$Holder.invokeSpecialIFC(java.lang.Object, java.lang.Object, java.lang.Object)'> (0x000000008ad86b80) thrown at [./src/hotspot/share/interpreter/linkResolver.cpp, line 773]
Event: 277.710 Thread 0x000001a7b504b000 Exception <a 'java/lang/NoSuchMethodError'{0x000000008b3dfa70}: 'void java.lang.invoke.DirectMethodHandle$Holder.invokeVirtual(java.lang.Object, java.lang.Object)'> (0x000000008b3dfa70) thrown at [./src/hotspot/share/interpreter/linkResolver.cpp, line 773]
Event: 278.378 Thread 0x000001a7b7a43000 Implicit null exception at 0x000001a7a64be87e to 0x000001a7a64bef70

Events (20 events):
Event: 284.000 loading class com/android/build/gradle/internal/ide/dependencies/LocalJarCacheImpl$cache$1$create$$inlined$sortedBy$1 done
Event: 284.970 loading class org/gradle/api/artifacts/component/ProjectComponentIdentifier
Event: 284.970 loading class org/gradle/api/artifacts/component/ProjectComponentIdentifier done
Event: 284.970 loading class org/gradle/api/artifacts/component/ProjectComponentIdentifier
Event: 284.970 loading class org/gradle/api/artifacts/component/ProjectComponentIdentifier done
Event: 284.970 loading class org/gradle/api/internal/artifacts/ivyservice/projectmodule/DefaultLocalComponentRegistry
Event: 284.970 loading class org/gradle/api/internal/artifacts/ivyservice/projectmodule/DefaultLocalComponentRegistry done
Event: 284.971 loading class org/gradle/api/internal/artifacts/ivyservice/projectmodule/DefaultLocalComponentRegistry$MetadataSupplier
Event: 284.971 loading class org/gradle/api/internal/artifacts/ivyservice/projectmodule/DefaultLocalComponentRegistry$MetadataSupplier done
Event: 284.981 loading class org/gradle/api/internal/project/ProjectState
Event: 284.981 loading class org/gradle/api/internal/project/ProjectState done
Event: 284.981 loading class org/gradle/api/internal/project/ProjectInternal
Event: 284.981 loading class org/gradle/api/internal/project/ProjectInternal done
Event: 284.981 loading class org/gradle/api/internal/artifacts/ivyservice/projectmodule/DefaultProjectLocalComponentProvider
Event: 284.981 loading class org/gradle/api/internal/artifacts/ivyservice/projectmodule/DefaultProjectLocalComponentProvider done
Event: 285.016 loading class org/gradle/internal/component/model/DefaultSelectedByVariantMatchingLocalConfigurationMetadata
Event: 285.016 loading class org/gradle/internal/component/model/DefaultSelectedByVariantMatchingLocalConfigurationMetadata done
Event: 285.055 Executing VM operation: Deoptimize
Event: 285.063 Executing VM operation: Deoptimize done
Event: 285.626 Executing VM operation: G1CollectForAllocation


Dynamic libraries:
0x00007ff61c8b0000 - 0x00007ff61c8ba000 	D:\Android\jre\bin\java.exe
0x00007ff8ecbb0000 - 0x00007ff8ecdc4000 	C:\WINDOWS\SYSTEM32\ntdll.dll
0x00007ff8ec1e0000 - 0x00007ff8ec2a3000 	C:\WINDOWS\System32\KERNEL32.DLL
0x00007ff8ea3f0000 - 0x00007ff8ea78d000 	C:\WINDOWS\System32\KERNELBASE.dll
0x00007ff8e9fd0000 - 0x00007ff8ea0e1000 	C:\WINDOWS\System32\ucrtbase.dll
0x00007ff8e52e0000 - 0x00007ff8e52f9000 	D:\Android\jre\bin\jli.dll
0x00007ff8ebf90000 - 0x00007ff8ec13d000 	C:\WINDOWS\System32\USER32.dll
0x00007ff8ea8b0000 - 0x00007ff8ea8d6000 	C:\WINDOWS\System32\win32u.dll
0x00007ff8eb210000 - 0x00007ff8eb239000 	C:\WINDOWS\System32\GDI32.dll
0x00007ff8ea790000 - 0x00007ff8ea8a2000 	C:\WINDOWS\System32\gdi32full.dll
0x00007ff8ea350000 - 0x00007ff8ea3ea000 	C:\WINDOWS\System32\msvcp_win.dll
0x00007ff8e53c0000 - 0x00007ff8e53d7000 	D:\Android\jre\bin\VCRUNTIME140.dll
0x00007ff8d49a0000 - 0x00007ff8d4c2e000 	C:\WINDOWS\WinSxS\amd64_microsoft.windows.common-controls_6595b64144ccf1df_6.0.22621.608_none_a9444ca7c10bb01d\COMCTL32.dll
0x00007ff8eb240000 - 0x00007ff8eb2e7000 	C:\WINDOWS\System32\msvcrt.dll
0x00007ff8ec140000 - 0x00007ff8ec172000 	C:\WINDOWS\System32\IMM32.DLL
0x00007ff8cfff0000 - 0x00007ff8d008d000 	D:\Android\jre\bin\msvcp140.dll
0x00007ff8a5660000 - 0x00007ff8a6162000 	D:\Android\jre\bin\server\jvm.dll
0x00007ff8ebee0000 - 0x00007ff8ebf8e000 	C:\WINDOWS\System32\ADVAPI32.dll
0x00007ff8eba40000 - 0x00007ff8ebae4000 	C:\WINDOWS\System32\sechost.dll
0x00007ff8ebaf0000 - 0x00007ff8ebc05000 	C:\WINDOWS\System32\RPCRT4.dll
0x00007ff8eba30000 - 0x00007ff8eba38000 	C:\WINDOWS\System32\PSAPI.DLL
0x00007ff8e4650000 - 0x00007ff8e4659000 	C:\WINDOWS\SYSTEM32\WSOCK32.dll
0x00007ff8ebe60000 - 0x00007ff8ebed1000 	C:\WINDOWS\System32\WS2_32.dll
0x00007ff8e2980000 - 0x00007ff8e29b4000 	C:\WINDOWS\SYSTEM32\WINMM.dll
0x00007ff8e2650000 - 0x00007ff8e265a000 	C:\WINDOWS\SYSTEM32\VERSION.dll
0x00007ff8e9020000 - 0x00007ff8e9038000 	C:\WINDOWS\SYSTEM32\kernel.appcore.dll
0x00007ff8e43d0000 - 0x00007ff8e43e1000 	D:\Android\jre\bin\verify.dll
0x00007ff8e7980000 - 0x00007ff8e7bae000 	C:\WINDOWS\SYSTEM32\DBGHELP.DLL
0x00007ff8eb680000 - 0x00007ff8eba0a000 	C:\WINDOWS\System32\combase.dll
0x00007ff8eb5a0000 - 0x00007ff8eb677000 	C:\WINDOWS\System32\OLEAUT32.dll
0x00007ff8d23a0000 - 0x00007ff8d23d2000 	C:\WINDOWS\SYSTEM32\dbgcore.DLL
0x00007ff8ea160000 - 0x00007ff8ea1db000 	C:\WINDOWS\System32\bcryptPrimitives.dll
0x00007ff8e42e0000 - 0x00007ff8e4309000 	D:\Android\jre\bin\java.dll
0x00007ff8e4640000 - 0x00007ff8e464b000 	D:\Android\jre\bin\jimage.dll
0x00007ff8d8610000 - 0x00007ff8d8628000 	D:\Android\jre\bin\zip.dll
0x00007ff8eaa20000 - 0x00007ff8eb20f000 	C:\WINDOWS\System32\SHELL32.dll
0x00007ff8e7ff0000 - 0x00007ff8e88b8000 	C:\WINDOWS\SYSTEM32\windows.storage.dll
0x00007ff8e7eb0000 - 0x00007ff8e7fee000 	C:\WINDOWS\SYSTEM32\wintypes.dll
0x00007ff8eb4a0000 - 0x00007ff8eb591000 	C:\WINDOWS\System32\SHCORE.dll
0x00007ff8eca80000 - 0x00007ff8ecade000 	C:\WINDOWS\System32\shlwapi.dll
0x00007ff8e9f00000 - 0x00007ff8e9f21000 	C:\WINDOWS\SYSTEM32\profapi.dll
0x00007ff8d8490000 - 0x00007ff8d84aa000 	D:\Android\jre\bin\net.dll
0x00007ff8e27a0000 - 0x00007ff8e28cf000 	C:\WINDOWS\SYSTEM32\WINHTTP.dll
0x00007ff8e9490000 - 0x00007ff8e94f9000 	C:\WINDOWS\system32\mswsock.dll
0x00007ff8d76e0000 - 0x00007ff8d76f4000 	D:\Android\jre\bin\nio.dll
0x00007ff8d63e0000 - 0x00007ff8d6407000 	C:\Users\nguye\.gradle\native\e1d6ef7f7dcc3fd88c89a11ec53ec762bb8ba0a96d01ffa2cd45eb1d1d8dd5c5\windows-amd64\native-platform.dll
0x00007ff8c9b40000 - 0x00007ff8c9c84000 	C:\Users\nguye\.gradle\native\0d407fdbe67a94daf76414ababcb853783967236a71b16ec16e742cd7a986fd3\windows-amd64\native-platform-file-events.dll
0x00007ff8e4380000 - 0x00007ff8e438a000 	D:\Android\jre\bin\management.dll
0x00007ff8e42d0000 - 0x00007ff8e42dd000 	D:\Android\jre\bin\management_ext.dll
0x00007ff8e96e0000 - 0x00007ff8e96fb000 	C:\WINDOWS\SYSTEM32\CRYPTSP.dll
0x00007ff8e8f90000 - 0x00007ff8e8fc5000 	C:\WINDOWS\system32\rsaenh.dll
0x00007ff8e9580000 - 0x00007ff8e95a8000 	C:\WINDOWS\SYSTEM32\USERENV.dll
0x00007ff8e98a0000 - 0x00007ff8e98c8000 	C:\WINDOWS\SYSTEM32\bcrypt.dll
0x00007ff8e9700000 - 0x00007ff8e970c000 	C:\WINDOWS\SYSTEM32\CRYPTBASE.dll
0x00007ff8e8b50000 - 0x00007ff8e8b7d000 	C:\WINDOWS\SYSTEM32\IPHLPAPI.DLL
0x00007ff8ebd40000 - 0x00007ff8ebd49000 	C:\WINDOWS\System32\NSI.dll
0x00007ff8e2630000 - 0x00007ff8e2649000 	C:\WINDOWS\SYSTEM32\dhcpcsvc6.DLL
0x00007ff8e2730000 - 0x00007ff8e274f000 	C:\WINDOWS\SYSTEM32\dhcpcsvc.DLL
0x00007ff8e8b80000 - 0x00007ff8e8c72000 	C:\WINDOWS\SYSTEM32\DNSAPI.dll

dbghelp: loaded successfully - version: 4.0.5 - missing functions: none
symbol engine: initialized successfully - sym options: 0x614 - pdb path: .;D:\Android\jre\bin;C:\WINDOWS\SYSTEM32;C:\WINDOWS\WinSxS\amd64_microsoft.windows.common-controls_6595b64144ccf1df_6.0.22621.608_none_a9444ca7c10bb01d;D:\Android\jre\bin\server;C:\Users\nguye\.gradle\native\e1d6ef7f7dcc3fd88c89a11ec53ec762bb8ba0a96d01ffa2cd45eb1d1d8dd5c5\windows-amd64;C:\Users\nguye\.gradle\native\0d407fdbe67a94daf76414ababcb853783967236a71b16ec16e742cd7a986fd3\windows-amd64

VM Arguments:
jvm_args: --add-opens=java.base/java.util=ALL-UNNAMED --add-opens=java.base/java.lang=ALL-UNNAMED --add-opens=java.base/java.lang.invoke=ALL-UNNAMED --add-opens=java.base/java.util=ALL-UNNAMED --add-opens=java.prefs/java.util.prefs=ALL-UNNAMED --add-opens=java.prefs/java.util.prefs=ALL-UNNAMED --add-opens=java.base/java.nio.charset=ALL-UNNAMED --add-opens=java.base/java.net=ALL-UNNAMED --add-opens=java.base/java.util.concurrent.atomic=ALL-UNNAMED -Xmx2048m -Dfile.encoding=UTF-8 -Duser.country=VN -Duser.language=vi -Duser.variant 
java_command: org.gradle.launcher.daemon.bootstrap.GradleDaemon 7.4
java_class_path (initial): C:\Users\nguye\.gradle\wrapper\dists\gradle-7.4-bin\c0gwcg53nkjbqw7r0h0umtfvt\gradle-7.4\lib\gradle-launcher-7.4.jar
Launcher Type: SUN_STANDARD

[Global flags]
     intx CICompilerCount                          = 3                                         {product} {ergonomic}
     uint ConcGCThreads                            = 1                                         {product} {ergonomic}
     uint G1ConcRefinementThreads                  = 4                                         {product} {ergonomic}
   size_t G1HeapRegionSize                         = 1048576                                   {product} {ergonomic}
    uintx GCDrainStackTargetSize                   = 64                                        {product} {ergonomic}
   size_t InitialHeapSize                          = 132120576                                 {product} {ergonomic}
   size_t MarkStackSize                            = 4194304                                   {product} {ergonomic}
   size_t MaxHeapSize                              = 2147483648                                {product} {command line}
   size_t MaxNewSize                               = 1287651328                                {product} {ergonomic}
   size_t MinHeapDeltaBytes                        = 1048576                                   {product} {ergonomic}
    uintx NonNMethodCodeHeapSize                   = 5830732                                {pd product} {ergonomic}
    uintx NonProfiledCodeHeapSize                  = 122913754                              {pd product} {ergonomic}
    uintx ProfiledCodeHeapSize                     = 122913754                              {pd product} {ergonomic}
    uintx ReservedCodeCacheSize                    = 251658240                              {pd product} {ergonomic}
     bool SegmentedCodeCache                       = true                                      {product} {ergonomic}
     bool UseCompressedClassPointers               = true                                 {lp64_product} {ergonomic}
     bool UseCompressedOops                        = true                                 {lp64_product} {ergonomic}
     bool UseG1GC                                  = true                                      {product} {ergonomic}
     bool UseLargePagesIndividualAllocation        = false                                  {pd product} {ergonomic}

Logging:
Log output configuration:
 #0: stdout all=warning uptime,level,tags
 #1: stderr all=off uptime,level,tags

Environment Variables:
PATH=C:\Program Files\Common Files\Oracle\Java\javapath;C:\Program Files (x86)\VMware\VMware Workstation\bin\;C:\WINDOWS\system32;C:\WINDOWS;C:\WINDOWS\System32\Wbem;C:\WINDOWS\System32\WindowsPowerShell\v1.0\;C:\WINDOWS\System32\OpenSSH\;C:\Program Files (x86)\Microsoft SQL Server\100\Tools\Binn\;C:\Program Files\Microsoft SQL Server\100\Tools\Binn\;C:\Program Files\Microsoft SQL Server\100\DTS\Binn\;C:\Program Files\PuTTY\;C:\MinGW\bin;C:\Program Files\dotnet\;C:\Program Files\Git\cmd;C:\Users\nguye\AppData\Local\Programs\Python\Python38\Scripts\;C:\Users\nguye\AppData\Local\Programs\Python\Python38\;C:\Users\nguye\AppData\Local\Microsoft\WindowsApps;;C:\Microsoft VS Code\bin;C:\intelFPGA_lite\18.1\modelsim_ase\win32aloem;C:\intelFPGA_lite\18.1\modelsim_ae\win32aloem;C:\intelFPGA\18.1\modelsim_ase\win32aloem;C:\Users\nguye\.dotnet\tools
USERNAME=nguye
OS=Windows_NT
PROCESSOR_IDENTIFIER=Intel64 Family 6 Model 142 Stepping 12, GenuineIntel



---------------  S Y S T E M  ---------------

OS: Windows 11 , 64 bit Build 22621 (10.0.22621.1105)
OS uptime: 0 days 15:02 hours

CPU:total 4 (initial active 4) (2 cores per cpu, 2 threads per core) family 6 model 142 stepping 12 microcode 0xde, cmov, cx8, fxsr, mmx, sse, sse2, sse3, ssse3, sse4.1, sse4.2, popcnt, avx, avx2, aes, clmul, erms, 3dnowpref, lzcnt, ht, tsc, tscinvbit, bmi1, bmi2, adx, fma

Memory: 4k page, system-wide physical 8044M (281M free)
TotalPageFile size 32620M (AvailPageFile size 9M)
current process WorkingSet (physical memory assigned to process): 352M, peak: 353M
current process commit charge ("private bytes"): 468M, peak: 505M

vm_info: OpenJDK 64-Bit Server VM (11.0.13+0-b1751.21-8125866) for windows-amd64 JRE (11.0.13+0-b1751.21-8125866), built on Feb  2 2022 03:00:22 by "builder" with MS VC++ 14.0 (VS2015)

END.
